<?xml version="1.0" ?>
<coverage version="7.13.1" timestamp="1769782724488" lines-valid="2823" lines-covered="887" line-rate="0.3142" branches-valid="1326" branches-covered="295" branch-rate="0.2225" complexity="0">
	<!-- Generated by coverage.py: https://coverage.readthedocs.io/en/7.13.1 -->
	<!-- Based on https://raw.githubusercontent.com/cobertura/web/master/htdocs/xml/coverage-04.dtd -->
	<sources>
		<source>/home/ali/Documents/Codes/xyzgraph_uv/src/xyzgraph</source>
	</sources>
	<packages>
		<package name="." line-rate="0.3142" branch-rate="0.2225" complexity="0">
			<classes>
				<class name="__init__.py" filename="__init__.py" complexity="0" line-rate="1" branch-rate="1">
					<methods/>
					<lines>
						<line number="3" hits="1"/>
						<line number="5" hits="1"/>
						<line number="6" hits="1"/>
						<line number="10" hits="1"/>
						<line number="11" hits="1"/>
						<line number="14" hits="1"/>
						<line number="15" hits="1"/>
						<line number="18" hits="1"/>
						<line number="27" hits="1"/>
						<line number="28" hits="1"/>
						<line number="30" hits="1"/>
					</lines>
				</class>
				<class name="ascii_renderer.py" filename="ascii_renderer.py" complexity="0" line-rate="0.05687" branch-rate="0.008929">
					<methods/>
					<lines>
						<line number="3" hits="1"/>
						<line number="5" hits="1"/>
						<line number="6" hits="1"/>
						<line number="8" hits="1"/>
						<line number="12" hits="1"/>
						<line number="19" hits="0" branch="true" condition-coverage="0% (0/2)" missing-branches="20,21"/>
						<line number="20" hits="0"/>
						<line number="21" hits="0" branch="true" condition-coverage="0% (0/2)" missing-branches="22,25"/>
						<line number="22" hits="0"/>
						<line number="25" hits="0" branch="true" condition-coverage="0% (0/2)" missing-branches="26,29"/>
						<line number="26" hits="0"/>
						<line number="29" hits="0" branch="true" condition-coverage="0% (0/2)" missing-branches="30,53"/>
						<line number="30" hits="0" branch="true" condition-coverage="0% (0/2)" missing-branches="31,32"/>
						<line number="31" hits="0"/>
						<line number="32" hits="0" branch="true" condition-coverage="0% (0/2)" missing-branches="33,35"/>
						<line number="33" hits="0"/>
						<line number="35" hits="0" branch="true" condition-coverage="0% (0/2)" missing-branches="36,38"/>
						<line number="36" hits="0"/>
						<line number="38" hits="0"/>
						<line number="53" hits="0" branch="true" condition-coverage="0% (0/2)" missing-branches="54,55"/>
						<line number="54" hits="0"/>
						<line number="55" hits="0" branch="true" condition-coverage="0% (0/2)" missing-branches="56,57"/>
						<line number="56" hits="0"/>
						<line number="57" hits="0" branch="true" condition-coverage="0% (0/2)" missing-branches="58,60"/>
						<line number="58" hits="0"/>
						<line number="60" hits="0"/>
						<line number="69" hits="1"/>
						<line number="75" hits="1" branch="true" condition-coverage="50% (1/2)" missing-branches="exit"/>
						<line number="77" hits="1"/>
						<line number="83" hits="0"/>
						<line number="84" hits="0"/>
						<line number="85" hits="0" branch="true" condition-coverage="0% (0/2)" missing-branches="86,88"/>
						<line number="86" hits="0"/>
						<line number="87" hits="0"/>
						<line number="88" hits="0" branch="true" condition-coverage="0% (0/2)" missing-branches="89,100"/>
						<line number="89" hits="0" branch="true" condition-coverage="0% (0/2)" missing-branches="88,90"/>
						<line number="90" hits="0"/>
						<line number="91" hits="0" branch="true" condition-coverage="0% (0/2)" missing-branches="92,93"/>
						<line number="92" hits="0"/>
						<line number="93" hits="0" branch="true" condition-coverage="0% (0/2)" missing-branches="94,95"/>
						<line number="94" hits="0"/>
						<line number="95" hits="0" branch="true" condition-coverage="0% (0/2)" missing-branches="96,98"/>
						<line number="96" hits="0"/>
						<line number="98" hits="0"/>
						<line number="99" hits="0"/>
						<line number="100" hits="0" branch="true" condition-coverage="0% (0/2)" missing-branches="101,107"/>
						<line number="101" hits="0"/>
						<line number="102" hits="0" branch="true" condition-coverage="0% (0/2)" missing-branches="103,105"/>
						<line number="103" hits="0"/>
						<line number="104" hits="0"/>
						<line number="105" hits="0"/>
						<line number="107" hits="0"/>
						<line number="109" hits="0"/>
						<line number="110" hits="0"/>
						<line number="111" hits="0"/>
						<line number="112" hits="0"/>
						<line number="113" hits="0"/>
						<line number="114" hits="0"/>
						<line number="116" hits="1"/>
						<line number="126" hits="0" branch="true" condition-coverage="0% (0/2)" missing-branches="127,128"/>
						<line number="127" hits="0"/>
						<line number="128" hits="0"/>
						<line number="129" hits="0"/>
						<line number="130" hits="0"/>
						<line number="131" hits="0"/>
						<line number="133" hits="0"/>
						<line number="134" hits="0" branch="true" condition-coverage="0% (0/2)" missing-branches="135,145"/>
						<line number="135" hits="0" branch="true" condition-coverage="0% (0/2)" missing-branches="136,138"/>
						<line number="136" hits="0"/>
						<line number="137" hits="0"/>
						<line number="138" hits="0" branch="true" condition-coverage="0% (0/2)" missing-branches="139,142"/>
						<line number="139" hits="0"/>
						<line number="140" hits="0"/>
						<line number="142" hits="0"/>
						<line number="143" hits="0"/>
						<line number="145" hits="0"/>
						<line number="147" hits="0"/>
						<line number="148" hits="0"/>
						<line number="150" hits="0"/>
						<line number="151" hits="0"/>
						<line number="152" hits="0"/>
						<line number="153" hits="0"/>
						<line number="154" hits="0"/>
						<line number="156" hits="0"/>
						<line number="157" hits="0" branch="true" condition-coverage="0% (0/2)" missing-branches="158,161"/>
						<line number="158" hits="0"/>
						<line number="159" hits="0"/>
						<line number="160" hits="0"/>
						<line number="161" hits="0"/>
						<line number="162" hits="0"/>
						<line number="163" hits="0"/>
						<line number="164" hits="0"/>
						<line number="166" hits="0"/>
						<line number="167" hits="0"/>
						<line number="168" hits="0"/>
						<line number="169" hits="0" branch="true" condition-coverage="0% (0/2)" missing-branches="170,171"/>
						<line number="170" hits="0"/>
						<line number="171" hits="0" branch="true" condition-coverage="0% (0/2)" missing-branches="172,173"/>
						<line number="172" hits="0"/>
						<line number="173" hits="0"/>
						<line number="175" hits="0"/>
						<line number="176" hits="0"/>
						<line number="177" hits="0"/>
						<line number="178" hits="0" branch="true" condition-coverage="0% (0/2)" missing-branches="exit,179"/>
						<line number="179" hits="0"/>
						<line number="180" hits="0"/>
						<line number="181" hits="0" branch="true" condition-coverage="0% (0/2)" missing-branches="178,182"/>
						<line number="182" hits="0" branch="true" condition-coverage="0% (0/2)" missing-branches="178,183"/>
						<line number="183" hits="0"/>
						<line number="185" hits="0"/>
						<line number="186" hits="0"/>
						<line number="189" hits="0"/>
						<line number="191" hits="0"/>
						<line number="192" hits="0"/>
						<line number="195" hits="0"/>
						<line number="196" hits="0" branch="true" condition-coverage="0% (0/2)" missing-branches="198,201"/>
						<line number="198" hits="0"/>
						<line number="201" hits="0"/>
						<line number="204" hits="0" branch="true" condition-coverage="0% (0/2)" missing-branches="exit,205"/>
						<line number="205" hits="0"/>
						<line number="206" hits="0"/>
						<line number="207" hits="0" branch="true" condition-coverage="0% (0/2)" missing-branches="204,208"/>
						<line number="208" hits="0"/>
						<line number="209" hits="0" branch="true" condition-coverage="0% (0/2)" missing-branches="207,210"/>
						<line number="210" hits="0" branch="true" condition-coverage="0% (0/2)" missing-branches="207,211"/>
						<line number="211" hits="0"/>
						<line number="213" hits="0"/>
						<line number="216" hits="0" branch="true" condition-coverage="0% (0/2)" missing-branches="217,249"/>
						<line number="217" hits="0"/>
						<line number="218" hits="0"/>
						<line number="219" hits="0"/>
						<line number="220" hits="0"/>
						<line number="221" hits="0"/>
						<line number="222" hits="0"/>
						<line number="223" hits="0"/>
						<line number="224" hits="0"/>
						<line number="225" hits="0"/>
						<line number="226" hits="0"/>
						<line number="229" hits="0"/>
						<line number="232" hits="0" branch="true" condition-coverage="0% (0/2)" missing-branches="216,233"/>
						<line number="233" hits="0" branch="true" condition-coverage="0% (0/2)" missing-branches="235,236"/>
						<line number="235" hits="0"/>
						<line number="236" hits="0" branch="true" condition-coverage="0% (0/2)" missing-branches="238,241"/>
						<line number="238" hits="0"/>
						<line number="241" hits="0" branch="true" condition-coverage="0% (0/2)" missing-branches="242,244"/>
						<line number="242" hits="0"/>
						<line number="244" hits="0"/>
						<line number="249" hits="0" branch="true" condition-coverage="0% (0/2)" missing-branches="250,272"/>
						<line number="250" hits="0"/>
						<line number="251" hits="0" branch="true" condition-coverage="0% (0/2)" missing-branches="249,252"/>
						<line number="252" hits="0"/>
						<line number="253" hits="0"/>
						<line number="254" hits="0" branch="true" condition-coverage="0% (0/2)" missing-branches="249,255"/>
						<line number="255" hits="0"/>
						<line number="256" hits="0" branch="true" condition-coverage="0% (0/2)" missing-branches="249,258"/>
						<line number="258" hits="0" branch="true" condition-coverage="0% (0/2)" missing-branches="249,270"/>
						<line number="270" hits="0"/>
						<line number="272" hits="0"/>
						<line number="273" hits="0" branch="true" condition-coverage="0% (0/2)" missing-branches="274,275"/>
						<line number="274" hits="0"/>
						<line number="275" hits="0" branch="true" condition-coverage="0% (0/2)" missing-branches="276,277"/>
						<line number="276" hits="0"/>
						<line number="277" hits="0"/>
						<line number="279" hits="1"/>
						<line number="289" hits="0" branch="true" condition-coverage="0% (0/2)" missing-branches="290,293"/>
						<line number="290" hits="0"/>
						<line number="293" hits="0"/>
						<line number="294" hits="0"/>
						<line number="302" hits="0" branch="true" condition-coverage="0% (0/2)" missing-branches="303,304"/>
						<line number="303" hits="0"/>
						<line number="304" hits="0"/>
						<line number="305" hits="0"/>
						<line number="306" hits="0"/>
						<line number="307" hits="0"/>
						<line number="308" hits="0"/>
						<line number="309" hits="0"/>
						<line number="310" hits="0"/>
						<line number="311" hits="0"/>
						<line number="312" hits="0"/>
						<line number="313" hits="0" branch="true" condition-coverage="0% (0/2)" missing-branches="314,320"/>
						<line number="314" hits="0" branch="true" condition-coverage="0% (0/2)" missing-branches="313,315"/>
						<line number="315" hits="0"/>
						<line number="316" hits="0"/>
						<line number="317" hits="0"/>
						<line number="318" hits="0"/>
						<line number="319" hits="0"/>
						<line number="320" hits="0"/>
						<line number="321" hits="0"/>
						<line number="324" hits="1"/>
						<line number="346" hits="0"/>
						<line number="347" hits="0"/>
						<line number="348" hits="0"/>
						<line number="349" hits="0" branch="true" condition-coverage="0% (0/2)" missing-branches="350,358"/>
						<line number="350" hits="0"/>
						<line number="357" hits="0"/>
						<line number="358" hits="0" branch="true" condition-coverage="0% (0/2)" missing-branches="359,360"/>
						<line number="359" hits="0"/>
						<line number="360" hits="0"/>
						<line number="361" hits="0" branch="true" condition-coverage="0% (0/2)" missing-branches="362,370"/>
						<line number="362" hits="0"/>
						<line number="363" hits="0" branch="true" condition-coverage="0% (0/2)" missing-branches="364,366"/>
						<line number="364" hits="0"/>
						<line number="366" hits="0"/>
						<line number="367" hits="0" branch="true" condition-coverage="0% (0/2)" missing-branches="368,370"/>
						<line number="368" hits="0"/>
						<line number="369" hits="0"/>
						<line number="370" hits="0"/>
						<line number="378" hits="0" branch="true" condition-coverage="0% (0/2)" missing-branches="379,380"/>
						<line number="379" hits="0"/>
						<line number="380" hits="0"/>
						<line number="383" hits="1"/>
					</lines>
				</class>
				<class name="cli.py" filename="cli.py" complexity="0" line-rate="0" branch-rate="0">
					<methods/>
					<lines>
						<line number="3" hits="0"/>
						<line number="5" hits="0"/>
						<line number="17" hits="0"/>
						<line number="18" hits="0"/>
						<line number="19" hits="0"/>
						<line number="22" hits="0"/>
						<line number="24" hits="0"/>
						<line number="25" hits="0"/>
						<line number="27" hits="0"/>
						<line number="28" hits="0"/>
						<line number="29" hits="0"/>
						<line number="30" hits="0"/>
						<line number="31" hits="0"/>
						<line number="32" hits="0"/>
						<line number="33" hits="0"/>
						<line number="35" hits="0"/>
						<line number="41" hits="0"/>
						<line number="43" hits="0"/>
						<line number="44" hits="0" branch="true" condition-coverage="0% (0/2)" missing-branches="45,46"/>
						<line number="45" hits="0"/>
						<line number="46" hits="0"/>
						<line number="48" hits="0" branch="true" condition-coverage="0% (0/2)" missing-branches="49,58"/>
						<line number="49" hits="0"/>
						<line number="50" hits="0"/>
						<line number="56" hits="0"/>
						<line number="58" hits="0"/>
						<line number="59" hits="0"/>
						<line number="60" hits="0"/>
						<line number="63" hits="0"/>
						<line number="65" hits="0" branch="true" condition-coverage="0% (0/2)" missing-branches="66,73"/>
						<line number="66" hits="0" branch="true" condition-coverage="0% (0/2)" missing-branches="67,70"/>
						<line number="67" hits="0"/>
						<line number="68" hits="0"/>
						<line number="69" hits="0"/>
						<line number="70" hits="0"/>
						<line number="73" hits="0"/>
						<line number="74" hits="0"/>
						<line number="76" hits="0" branch="true" condition-coverage="0% (0/2)" missing-branches="77,87"/>
						<line number="77" hits="0"/>
						<line number="78" hits="0"/>
						<line number="79" hits="0"/>
						<line number="85" hits="0"/>
						<line number="87" hits="0"/>
						<line number="90" hits="0"/>
						<line number="92" hits="0"/>
						<line number="93" hits="0"/>
						<line number="94" hits="0"/>
						<line number="96" hits="0"/>
						<line number="97" hits="0"/>
						<line number="99" hits="0"/>
						<line number="100" hits="0"/>
						<line number="101" hits="0"/>
						<line number="103" hits="0"/>
						<line number="104" hits="0"/>
						<line number="105" hits="0"/>
						<line number="106" hits="0"/>
						<line number="107" hits="0"/>
						<line number="109" hits="0" branch="true" condition-coverage="0% (0/2)" missing-branches="110,116"/>
						<line number="110" hits="0"/>
						<line number="111" hits="0" branch="true" condition-coverage="0% (0/2)" missing-branches="112,116"/>
						<line number="112" hits="0"/>
						<line number="113" hits="0"/>
						<line number="114" hits="0"/>
						<line number="116" hits="0" branch="true" condition-coverage="0% (0/2)" missing-branches="exit,117"/>
						<line number="117" hits="0"/>
						<line number="118" hits="0" branch="true" condition-coverage="0% (0/2)" missing-branches="exit,119"/>
						<line number="119" hits="0"/>
						<line number="120" hits="0"/>
						<line number="121" hits="0"/>
						<line number="124" hits="0"/>
						<line number="126" hits="0"/>
						<line number="127" hits="0"/>
						<line number="130" hits="0"/>
						<line number="131" hits="0"/>
						<line number="134" hits="0"/>
						<line number="140" hits="0"/>
						<line number="147" hits="0"/>
						<line number="153" hits="0"/>
						<line number="160" hits="0"/>
						<line number="166" hits="0"/>
						<line number="172" hits="0"/>
						<line number="179" hits="0"/>
						<line number="186" hits="0"/>
						<line number="187" hits="0"/>
						<line number="190" hits="0"/>
						<line number="197" hits="0"/>
						<line number="204" hits="0"/>
						<line number="211" hits="0"/>
						<line number="217" hits="0"/>
						<line number="225" hits="0"/>
						<line number="226" hits="0"/>
						<line number="227" hits="0"/>
						<line number="234" hits="0"/>
						<line number="240" hits="0"/>
						<line number="247" hits="0"/>
						<line number="248" hits="0"/>
						<line number="254" hits="0"/>
						<line number="255" hits="0"/>
						<line number="263" hits="0"/>
						<line number="270" hits="0"/>
						<line number="276" hits="0"/>
						<line number="282" hits="0"/>
						<line number="288" hits="0"/>
						<line number="294" hits="0"/>
						<line number="300" hits="0"/>
						<line number="306" hits="0"/>
						<line number="312" hits="0"/>
						<line number="318" hits="0"/>
						<line number="325" hits="0"/>
						<line number="328" hits="0" branch="true" condition-coverage="0% (0/2)" missing-branches="329,331"/>
						<line number="329" hits="0"/>
						<line number="330" hits="0"/>
						<line number="331" hits="0" branch="true" condition-coverage="0% (0/2)" missing-branches="332,336"/>
						<line number="332" hits="0"/>
						<line number="333" hits="0"/>
						<line number="336" hits="0" branch="true" condition-coverage="0% (0/2)" missing-branches="337,340"/>
						<line number="337" hits="0"/>
						<line number="340" hits="0"/>
						<line number="341" hits="0"/>
						<line number="344" hits="0"/>
						<line number="345" hits="0" branch="true" condition-coverage="0% (0/2)" missing-branches="346,353"/>
						<line number="346" hits="0"/>
						<line number="347" hits="0"/>
						<line number="348" hits="0"/>
						<line number="349" hits="0"/>
						<line number="350" hits="0"/>
						<line number="353" hits="0"/>
						<line number="356" hits="0" branch="true" condition-coverage="0% (0/2)" missing-branches="357,368"/>
						<line number="357" hits="0"/>
						<line number="358" hits="0"/>
						<line number="359" hits="0"/>
						<line number="360" hits="0"/>
						<line number="361" hits="0"/>
						<line number="363" hits="0"/>
						<line number="364" hits="0"/>
						<line number="365" hits="0"/>
						<line number="368" hits="0"/>
						<line number="394" hits="0"/>
						<line number="396" hits="0"/>
						<line number="398" hits="0" branch="true" condition-coverage="0% (0/2)" missing-branches="399,404"/>
						<line number="399" hits="0"/>
						<line number="400" hits="0"/>
						<line number="401" hits="0"/>
						<line number="404" hits="0"/>
						<line number="405" hits="0"/>
						<line number="406" hits="0"/>
						<line number="409" hits="0" branch="true" condition-coverage="0% (0/2)" missing-branches="exit,410"/>
						<line number="410" hits="0" branch="true" condition-coverage="0% (0/2)" missing-branches="411,416"/>
						<line number="411" hits="0"/>
						<line number="412" hits="0"/>
						<line number="413" hits="0"/>
						<line number="416" hits="0"/>
						<line number="417" hits="0"/>
						<line number="418" hits="0"/>
						<line number="445" hits="0"/>
						<line number="448" hits="0"/>
						<line number="449" hits="0"/>
						<line number="450" hits="0"/>
						<line number="452" hits="0" branch="true" condition-coverage="0% (0/2)" missing-branches="453,459"/>
						<line number="453" hits="0"/>
						<line number="454" hits="0"/>
						<line number="455" hits="0"/>
						<line number="456" hits="0"/>
						<line number="457" hits="0"/>
						<line number="459" hits="0" branch="true" condition-coverage="0% (0/2)" missing-branches="460,466"/>
						<line number="460" hits="0"/>
						<line number="461" hits="0"/>
						<line number="462" hits="0"/>
						<line number="463" hits="0"/>
						<line number="464" hits="0"/>
						<line number="466" hits="0" branch="true" condition-coverage="0% (0/2)" missing-branches="467,474"/>
						<line number="467" hits="0"/>
						<line number="468" hits="0"/>
						<line number="469" hits="0"/>
						<line number="470" hits="0"/>
						<line number="471" hits="0"/>
						<line number="474" hits="0"/>
						<line number="477" hits="0" branch="true" condition-coverage="0% (0/2)" missing-branches="478,505"/>
						<line number="478" hits="0"/>
						<line number="480" hits="0" branch="true" condition-coverage="0% (0/2)" missing-branches="481,486"/>
						<line number="481" hits="0"/>
						<line number="482" hits="0"/>
						<line number="483" hits="0"/>
						<line number="484" hits="0"/>
						<line number="486" hits="0" branch="true" condition-coverage="0% (0/2)" missing-branches="487,505"/>
						<line number="487" hits="0"/>
						<line number="488" hits="0"/>
						<line number="495" hits="0"/>
						<line number="502" hits="0"/>
						<line number="505" hits="0" branch="true" condition-coverage="0% (0/2)" missing-branches="506,518"/>
						<line number="506" hits="0"/>
						<line number="518" hits="0" branch="true" condition-coverage="0% (0/2)" missing-branches="409,519"/>
						<line number="519" hits="0"/>
						<line number="521" hits="0" branch="true" condition-coverage="0% (0/2)" missing-branches="522,527"/>
						<line number="522" hits="0"/>
						<line number="523" hits="0"/>
						<line number="524" hits="0"/>
						<line number="525" hits="0"/>
						<line number="527" hits="0" branch="true" condition-coverage="0% (0/2)" missing-branches="409,528"/>
						<line number="528" hits="0"/>
						<line number="529" hits="0"/>
						<line number="536" hits="0"/>
						<line number="543" hits="0"/>
						<line number="546" hits="0" branch="true" condition-coverage="0% (0/2)" missing-branches="exit,547"/>
						<line number="547" hits="0"/>
					</lines>
				</class>
				<class name="compare.py" filename="compare.py" complexity="0" line-rate="0.1045" branch-rate="0">
					<methods/>
					<lines>
						<line number="3" hits="1"/>
						<line number="5" hits="1"/>
						<line number="6" hits="1"/>
						<line number="8" hits="1"/>
						<line number="9" hits="1"/>
						<line number="12" hits="1"/>
						<line number="14" hits="0" branch="true" condition-coverage="0% (0/2)" missing-branches="15,16"/>
						<line number="15" hits="0"/>
						<line number="16" hits="0"/>
						<line number="17" hits="0" branch="true" condition-coverage="0% (0/2)" missing-branches="18,19"/>
						<line number="18" hits="0"/>
						<line number="19" hits="0" branch="true" condition-coverage="0% (0/2)" missing-branches="20,21"/>
						<line number="20" hits="0"/>
						<line number="21" hits="0" branch="true" condition-coverage="0% (0/2)" missing-branches="22,23"/>
						<line number="22" hits="0"/>
						<line number="23" hits="0"/>
						<line number="26" hits="1"/>
						<line number="65" hits="0" branch="true" condition-coverage="0% (0/2)" missing-branches="66,77"/>
						<line number="66" hits="0"/>
						<line number="68" hits="0"/>
						<line number="71" hits="0"/>
						<line number="72" hits="0"/>
						<line number="73" hits="0"/>
						<line number="74" hits="0"/>
						<line number="75" hits="0"/>
						<line number="77" hits="0"/>
						<line number="78" hits="0"/>
						<line number="79" hits="0"/>
						<line number="80" hits="0"/>
						<line number="82" hits="0"/>
						<line number="83" hits="0"/>
						<line number="88" hits="0" branch="true" condition-coverage="0% (0/2)" missing-branches="89,107"/>
						<line number="89" hits="0"/>
						<line number="96" hits="0"/>
						<line number="102" hits="0"/>
						<line number="103" hits="0"/>
						<line number="104" hits="0"/>
						<line number="107" hits="0"/>
						<line number="108" hits="0" branch="true" condition-coverage="0% (0/2)" missing-branches="109,111"/>
						<line number="109" hits="0"/>
						<line number="111" hits="0"/>
						<line number="112" hits="0" branch="true" condition-coverage="0% (0/2)" missing-branches="113,115"/>
						<line number="113" hits="0"/>
						<line number="115" hits="0"/>
						<line number="116" hits="0"/>
						<line number="117" hits="0"/>
						<line number="119" hits="0"/>
						<line number="120" hits="0" branch="true" condition-coverage="0% (0/2)" missing-branches="121,126"/>
						<line number="121" hits="0"/>
						<line number="122" hits="0"/>
						<line number="123" hits="0" branch="true" condition-coverage="0% (0/2)" missing-branches="120,124"/>
						<line number="124" hits="0"/>
						<line number="126" hits="0"/>
						<line number="130" hits="0" branch="true" condition-coverage="0% (0/2)" missing-branches="131,132"/>
						<line number="131" hits="0"/>
						<line number="132" hits="0" branch="true" condition-coverage="0% (0/2)" missing-branches="133,134"/>
						<line number="133" hits="0"/>
						<line number="134" hits="0" branch="true" condition-coverage="0% (0/2)" missing-branches="135,144"/>
						<line number="135" hits="0"/>
						<line number="136" hits="0" branch="true" condition-coverage="0% (0/2)" missing-branches="137,140"/>
						<line number="137" hits="0"/>
						<line number="138" hits="0"/>
						<line number="140" hits="0" branch="true" condition-coverage="0% (0/2)" missing-branches="141,144"/>
						<line number="141" hits="0"/>
						<line number="144" hits="0" branch="true" condition-coverage="0% (0/2)" missing-branches="145,147"/>
						<line number="145" hits="0"/>
						<line number="147" hits="0"/>
					</lines>
				</class>
				<class name="config.py" filename="config.py" complexity="0" line-rate="1" branch-rate="1">
					<methods/>
					<lines>
						<line number="3" hits="1"/>
						<line number="6" hits="1"/>
						<line number="9" hits="1"/>
						<line number="10" hits="1"/>
						<line number="11" hits="1"/>
						<line number="12" hits="1"/>
						<line number="13" hits="1"/>
						<line number="14" hits="1"/>
						<line number="15" hits="1"/>
						<line number="16" hits="1"/>
						<line number="17" hits="1"/>
						<line number="18" hits="1"/>
						<line number="19" hits="1"/>
						<line number="20" hits="1"/>
						<line number="21" hits="1"/>
						<line number="22" hits="1"/>
						<line number="23" hits="1"/>
						<line number="24" hits="1"/>
						<line number="25" hits="1"/>
						<line number="26" hits="1"/>
						<line number="27" hits="1"/>
						<line number="28" hits="1"/>
						<line number="29" hits="1"/>
						<line number="30" hits="1"/>
						<line number="31" hits="1"/>
						<line number="32" hits="1"/>
						<line number="35" hits="1"/>
					</lines>
				</class>
				<class name="data_loader.py" filename="data_loader.py" complexity="0" line-rate="0.8776" branch-rate="0.5">
					<methods/>
					<lines>
						<line number="3" hits="1"/>
						<line number="4" hits="1"/>
						<line number="5" hits="1"/>
						<line number="6" hits="1"/>
						<line number="8" hits="1"/>
						<line number="11" hits="1"/>
						<line number="12" hits="1"/>
						<line number="18" hits="1"/>
						<line number="19" hits="1"/>
						<line number="20" hits="1"/>
						<line number="21" hits="1"/>
						<line number="22" hits="1"/>
						<line number="23" hits="1"/>
						<line number="25" hits="1"/>
						<line number="27" hits="1"/>
						<line number="28" hits="1"/>
						<line number="30" hits="1" branch="true" condition-coverage="50% (1/2)" missing-branches="32"/>
						<line number="31" hits="1"/>
						<line number="32" hits="1"/>
						<line number="34" hits="1"/>
						<line number="35" hits="1"/>
						<line number="37" hits="1"/>
						<line number="40" hits="1"/>
						<line number="41" hits="1"/>
						<line number="42" hits="1"/>
						<line number="43" hits="1"/>
						<line number="50" hits="1"/>
						<line number="51" hits="1"/>
						<line number="52" hits="1"/>
						<line number="53" hits="1"/>
						<line number="54" hits="1"/>
						<line number="57" hits="0"/>
						<line number="58" hits="0"/>
						<line number="59" hits="0"/>
						<line number="83" hits="1"/>
						<line number="84" hits="1"/>
						<line number="85" hits="1"/>
						<line number="86" hits="1"/>
						<line number="87" hits="1"/>
						<line number="88" hits="0"/>
						<line number="89" hits="0"/>
						<line number="90" hits="0"/>
						<line number="104" hits="1"/>
						<line number="161" hits="1"/>
						<line number="162" hits="1"/>
						<line number="163" hits="1"/>
						<line number="164" hits="1"/>
						<line number="166" hits="1"/>
						<line number="177" hits="1"/>
					</lines>
				</class>
				<class name="graph_builders.py" filename="graph_builders.py" complexity="0" line-rate="0.3642" branch-rate="0.2775">
					<methods/>
					<lines>
						<line number="3" hits="1"/>
						<line number="4" hits="1"/>
						<line number="6" hits="1"/>
						<line number="7" hits="1"/>
						<line number="8" hits="1"/>
						<line number="10" hits="1"/>
						<line number="12" hits="1"/>
						<line number="13" hits="1"/>
						<line number="14" hits="1"/>
						<line number="21" hits="1"/>
						<line number="50" hits="1"/>
						<line number="52" hits="1" branch="true" condition-coverage="50% (1/2)" missing-branches="53"/>
						<line number="53" hits="0"/>
						<line number="54" hits="1" branch="true" condition-coverage="100% (2/2)"/>
						<line number="55" hits="1"/>
						<line number="56" hits="1" branch="true" condition-coverage="50% (1/2)" missing-branches="57"/>
						<line number="57" hits="0"/>
						<line number="58" hits="1" branch="true" condition-coverage="50% (1/2)" missing-branches="59"/>
						<line number="59" hits="0"/>
						<line number="60" hits="1" branch="true" condition-coverage="50% (1/2)" missing-branches="61"/>
						<line number="61" hits="0"/>
						<line number="62" hits="1" branch="true" condition-coverage="50% (1/2)" missing-branches="63"/>
						<line number="63" hits="0"/>
						<line number="64" hits="1" branch="true" condition-coverage="50% (1/2)" missing-branches="65"/>
						<line number="65" hits="0"/>
						<line number="66" hits="1" branch="true" condition-coverage="50% (1/2)" missing-branches="67"/>
						<line number="67" hits="0"/>
						<line number="68" hits="1" branch="true" condition-coverage="50% (1/2)" missing-branches="69"/>
						<line number="69" hits="0"/>
						<line number="70" hits="1" branch="true" condition-coverage="50% (1/2)" missing-branches="71"/>
						<line number="71" hits="0"/>
						<line number="72" hits="1" branch="true" condition-coverage="50% (1/2)" missing-branches="73"/>
						<line number="73" hits="0"/>
						<line number="74" hits="1" branch="true" condition-coverage="50% (1/2)" missing-branches="75"/>
						<line number="75" hits="0"/>
						<line number="76" hits="1" branch="true" condition-coverage="50% (1/2)" missing-branches="77"/>
						<line number="77" hits="0"/>
						<line number="78" hits="1" branch="true" condition-coverage="50% (1/2)" missing-branches="79"/>
						<line number="79" hits="0"/>
						<line number="80" hits="1" branch="true" condition-coverage="50% (1/2)" missing-branches="81"/>
						<line number="81" hits="0"/>
						<line number="82" hits="1" branch="true" condition-coverage="50% (1/2)" missing-branches="83"/>
						<line number="83" hits="0"/>
						<line number="84" hits="1" branch="true" condition-coverage="50% (1/2)" missing-branches="85"/>
						<line number="85" hits="0"/>
						<line number="86" hits="1" branch="true" condition-coverage="50% (1/2)" missing-branches="87"/>
						<line number="87" hits="0"/>
						<line number="88" hits="1" branch="true" condition-coverage="50% (1/2)" missing-branches="89"/>
						<line number="89" hits="0"/>
						<line number="90" hits="1" branch="true" condition-coverage="50% (1/2)" missing-branches="91"/>
						<line number="91" hits="0"/>
						<line number="92" hits="1" branch="true" condition-coverage="50% (1/2)" missing-branches="93"/>
						<line number="93" hits="0"/>
						<line number="94" hits="1" branch="true" condition-coverage="50% (1/2)" missing-branches="95"/>
						<line number="95" hits="0"/>
						<line number="97" hits="1"/>
						<line number="105" hits="1"/>
						<line number="111" hits="1"/>
						<line number="138" hits="1"/>
						<line number="139" hits="1"/>
						<line number="140" hits="1"/>
						<line number="141" hits="1"/>
						<line number="142" hits="1"/>
						<line number="143" hits="1"/>
						<line number="144" hits="1"/>
						<line number="145" hits="1"/>
						<line number="146" hits="1"/>
						<line number="147" hits="1"/>
						<line number="148" hits="1"/>
						<line number="149" hits="1"/>
						<line number="151" hits="1" branch="true" condition-coverage="50% (1/2)" missing-branches="152"/>
						<line number="152" hits="0"/>
						<line number="155" hits="1" branch="true" condition-coverage="50% (1/2)" missing-branches="159"/>
						<line number="156" hits="1"/>
						<line number="157" hits="1"/>
						<line number="159" hits="0"/>
						<line number="161" hits="1"/>
						<line number="162" hits="1"/>
						<line number="163" hits="1"/>
						<line number="164" hits="1"/>
						<line number="165" hits="1"/>
						<line number="166" hits="1"/>
						<line number="167" hits="1"/>
						<line number="168" hits="1"/>
						<line number="169" hits="1"/>
						<line number="170" hits="1"/>
						<line number="171" hits="1"/>
						<line number="174" hits="1"/>
						<line number="177" hits="1"/>
						<line number="178" hits="1"/>
						<line number="179" hits="1"/>
						<line number="182" hits="1"/>
						<line number="183" hits="1"/>
						<line number="186" hits="1"/>
						<line number="187" hits="1"/>
						<line number="188" hits="1"/>
						<line number="190" hits="1"/>
						<line number="192" hits="1" branch="true" condition-coverage="50% (1/2)" missing-branches="193"/>
						<line number="193" hits="0"/>
						<line number="194" hits="0"/>
						<line number="195" hits="0"/>
						<line number="196" hits="0"/>
						<line number="198" hits="1"/>
						<line number="200" hits="1"/>
						<line number="206" hits="1"/>
						<line number="207" hits="1"/>
						<line number="208" hits="1"/>
						<line number="210" hits="1"/>
						<line number="212" hits="1"/>
						<line number="213" hits="1"/>
						<line number="214" hits="1"/>
						<line number="216" hits="1"/>
						<line number="217" hits="1"/>
						<line number="220" hits="1"/>
						<line number="221" hits="1"/>
						<line number="223" hits="1" branch="true" condition-coverage="50% (1/2)" missing-branches="224"/>
						<line number="224" hits="0"/>
						<line number="226" hits="1"/>
						<line number="227" hits="1"/>
						<line number="230" hits="1"/>
						<line number="231" hits="1"/>
						<line number="233" hits="1"/>
						<line number="235" hits="1"/>
						<line number="237" hits="0"/>
						<line number="238" hits="0"/>
						<line number="240" hits="0" branch="true" condition-coverage="0% (0/2)" missing-branches="241,247"/>
						<line number="241" hits="0"/>
						<line number="242" hits="0"/>
						<line number="243" hits="0"/>
						<line number="244" hits="0"/>
						<line number="245" hits="0"/>
						<line number="247" hits="0"/>
						<line number="249" hits="1"/>
						<line number="272" hits="1" branch="true" condition-coverage="100% (2/2)"/>
						<line number="273" hits="1"/>
						<line number="276" hits="1"/>
						<line number="277" hits="1"/>
						<line number="278" hits="1"/>
						<line number="279" hits="1"/>
						<line number="280" hits="1"/>
						<line number="283" hits="1" branch="true" condition-coverage="50% (1/2)" missing-branches="285"/>
						<line number="285" hits="0"/>
						<line number="286" hits="0" branch="true" condition-coverage="0% (0/2)" missing-branches="287,289"/>
						<line number="287" hits="0"/>
						<line number="288" hits="0"/>
						<line number="289" hits="0" branch="true" condition-coverage="0% (0/2)" missing-branches="290,293"/>
						<line number="290" hits="0"/>
						<line number="291" hits="0"/>
						<line number="293" hits="0" branch="true" condition-coverage="0% (0/2)" missing-branches="295,314"/>
						<line number="295" hits="0" branch="true" condition-coverage="0% (0/2)" missing-branches="296,314"/>
						<line number="296" hits="0"/>
						<line number="297" hits="0" branch="true" condition-coverage="0% (0/2)" missing-branches="298,301"/>
						<line number="298" hits="0"/>
						<line number="301" hits="0" branch="true" condition-coverage="0% (0/2)" missing-branches="295,302"/>
						<line number="302" hits="0" branch="true" condition-coverage="0% (0/2)" missing-branches="301,304"/>
						<line number="304" hits="0" branch="true" condition-coverage="0% (0/2)" missing-branches="305,310"/>
						<line number="305" hits="0"/>
						<line number="309" hits="0"/>
						<line number="310" hits="0"/>
						<line number="314" hits="1" branch="true" condition-coverage="50% (1/2)" missing-branches="316"/>
						<line number="316" hits="0"/>
						<line number="317" hits="0"/>
						<line number="318" hits="0"/>
						<line number="319" hits="0"/>
						<line number="320" hits="0"/>
						<line number="321" hits="0"/>
						<line number="322" hits="0"/>
						<line number="323" hits="0"/>
						<line number="324" hits="0"/>
						<line number="327" hits="1"/>
						<line number="328" hits="1"/>
						<line number="329" hits="1"/>
						<line number="330" hits="1"/>
						<line number="331" hits="1"/>
						<line number="332" hits="1"/>
						<line number="333" hits="1"/>
						<line number="334" hits="1"/>
						<line number="335" hits="1"/>
						<line number="337" hits="1" branch="true" condition-coverage="50% (1/2)" missing-branches="381"/>
						<line number="339" hits="1"/>
						<line number="340" hits="1"/>
						<line number="344" hits="1"/>
						<line number="346" hits="1" branch="true" condition-coverage="50% (1/2)" missing-branches="348"/>
						<line number="348" hits="0" branch="true" condition-coverage="0% (0/2)" missing-branches="349,381"/>
						<line number="349" hits="0"/>
						<line number="352" hits="0" branch="true" condition-coverage="0% (0/2)" missing-branches="353,356"/>
						<line number="353" hits="0"/>
						<line number="356" hits="0"/>
						<line number="361" hits="0"/>
						<line number="364" hits="0" branch="true" condition-coverage="0% (0/2)" missing-branches="348,366"/>
						<line number="366" hits="0"/>
						<line number="373" hits="0" branch="true" condition-coverage="0% (0/2)" missing-branches="348,374"/>
						<line number="374" hits="0"/>
						<line number="378" hits="0"/>
						<line number="381" hits="1" branch="true" condition-coverage="100% (2/2)"/>
						<line number="382" hits="1"/>
						<line number="385" hits="1"/>
						<line number="387" hits="1" branch="true" condition-coverage="50% (1/2)" missing-branches="388"/>
						<line number="388" hits="0"/>
						<line number="392" hits="0"/>
						<line number="395" hits="1" branch="true" condition-coverage="50% (1/2)" missing-branches="397"/>
						<line number="397" hits="0" branch="true" condition-coverage="0% (0/2)" missing-branches="398,405"/>
						<line number="398" hits="0"/>
						<line number="402" hits="0"/>
						<line number="405" hits="0" branch="true" condition-coverage="0% (0/2)" missing-branches="381,407"/>
						<line number="407" hits="0"/>
						<line number="408" hits="0"/>
						<line number="409" hits="0"/>
						<line number="411" hits="0"/>
						<line number="412" hits="0"/>
						<line number="415" hits="0"/>
						<line number="416" hits="0"/>
						<line number="419" hits="0"/>
						<line number="422" hits="0" branch="true" condition-coverage="0% (0/2)" missing-branches="423,429"/>
						<line number="423" hits="0"/>
						<line number="427" hits="0"/>
						<line number="429" hits="0" branch="true" condition-coverage="0% (0/2)" missing-branches="430,437"/>
						<line number="430" hits="0"/>
						<line number="434" hits="0"/>
						<line number="437" hits="0"/>
						<line number="440" hits="1" branch="true" condition-coverage="100% (2/2)"/>
						<line number="441" hits="1"/>
						<line number="444" hits="1"/>
						<line number="446" hits="1" branch="true" condition-coverage="50% (1/2)" missing-branches="447"/>
						<line number="447" hits="0"/>
						<line number="451" hits="0"/>
						<line number="454" hits="1" branch="true" condition-coverage="50% (1/2)" missing-branches="456"/>
						<line number="456" hits="0" branch="true" condition-coverage="0% (0/2)" missing-branches="457,464"/>
						<line number="457" hits="0"/>
						<line number="461" hits="0"/>
						<line number="464" hits="0" branch="true" condition-coverage="0% (0/2)" missing-branches="440,465"/>
						<line number="465" hits="0"/>
						<line number="466" hits="0"/>
						<line number="467" hits="0"/>
						<line number="469" hits="0"/>
						<line number="470" hits="0"/>
						<line number="472" hits="0"/>
						<line number="473" hits="0"/>
						<line number="475" hits="0"/>
						<line number="477" hits="0" branch="true" condition-coverage="0% (0/2)" missing-branches="478,483"/>
						<line number="478" hits="0"/>
						<line number="482" hits="0"/>
						<line number="483" hits="0" branch="true" condition-coverage="0% (0/2)" missing-branches="484,490"/>
						<line number="484" hits="0"/>
						<line number="488" hits="0"/>
						<line number="490" hits="0"/>
						<line number="493" hits="1"/>
						<line number="494" hits="1" branch="true" condition-coverage="50% (1/2)" missing-branches="495"/>
						<line number="495" hits="0"/>
						<line number="497" hits="0" branch="true" condition-coverage="0% (0/2)" missing-branches="494,499"/>
						<line number="499" hits="0"/>
						<line number="500" hits="0" branch="true" condition-coverage="0% (0/2)" missing-branches="501,511"/>
						<line number="501" hits="0"/>
						<line number="502" hits="0"/>
						<line number="503" hits="0" branch="true" condition-coverage="0% (0/2)" missing-branches="504,511"/>
						<line number="504" hits="0"/>
						<line number="508" hits="0"/>
						<line number="511" hits="0" branch="true" condition-coverage="0% (0/2)" missing-branches="512,518"/>
						<line number="512" hits="0"/>
						<line number="516" hits="0"/>
						<line number="518" hits="0" branch="true" condition-coverage="0% (0/2)" missing-branches="519,524"/>
						<line number="519" hits="0"/>
						<line number="523" hits="0"/>
						<line number="524" hits="0" branch="true" condition-coverage="0% (0/2)" missing-branches="494,525"/>
						<line number="525" hits="0"/>
						<line number="529" hits="0"/>
						<line number="533" hits="1"/>
						<line number="535" hits="1" branch="true" condition-coverage="50% (1/2)" missing-branches="537"/>
						<line number="537" hits="0" branch="true" condition-coverage="0% (0/2)" missing-branches="539,814"/>
						<line number="539" hits="0"/>
						<line number="540" hits="0"/>
						<line number="541" hits="0" branch="true" condition-coverage="0% (0/2)" missing-branches="542,552"/>
						<line number="542" hits="0"/>
						<line number="543" hits="0"/>
						<line number="544" hits="0" branch="true" condition-coverage="0% (0/2)" missing-branches="545,552"/>
						<line number="545" hits="0"/>
						<line number="549" hits="0"/>
						<line number="552" hits="0"/>
						<line number="553" hits="0" branch="true" condition-coverage="0% (0/2)" missing-branches="554,563"/>
						<line number="554" hits="0" branch="true" condition-coverage="0% (0/2)" missing-branches="555,563"/>
						<line number="555" hits="0"/>
						<line number="559" hits="0"/>
						<line number="563" hits="0"/>
						<line number="565" hits="0" branch="true" condition-coverage="0% (0/2)" missing-branches="567,588"/>
						<line number="567" hits="0"/>
						<line number="570" hits="0" branch="true" condition-coverage="0% (0/2)" missing-branches="571,588"/>
						<line number="571" hits="0" branch="true" condition-coverage="0% (0/2)" missing-branches="570,573"/>
						<line number="573" hits="0" branch="true" condition-coverage="0% (0/2)" missing-branches="574,580"/>
						<line number="574" hits="0" branch="true" condition-coverage="0% (0/2)" missing-branches="570,575"/>
						<line number="575" hits="0"/>
						<line number="579" hits="0"/>
						<line number="580" hits="0" branch="true" condition-coverage="0% (0/2)" missing-branches="570,581"/>
						<line number="581" hits="0"/>
						<line number="585" hits="0"/>
						<line number="588" hits="0"/>
						<line number="589" hits="0"/>
						<line number="590" hits="0"/>
						<line number="591" hits="0"/>
						<line number="593" hits="0"/>
						<line number="594" hits="0"/>
						<line number="597" hits="0" branch="true" condition-coverage="0% (0/2)" missing-branches="599,601"/>
						<line number="599" hits="0"/>
						<line number="600" hits="0"/>
						<line number="601" hits="0" branch="true" condition-coverage="0% (0/2)" missing-branches="603,607"/>
						<line number="603" hits="0"/>
						<line number="604" hits="0"/>
						<line number="607" hits="0"/>
						<line number="612" hits="0"/>
						<line number="613" hits="0"/>
						<line number="614" hits="0"/>
						<line number="616" hits="0" branch="true" condition-coverage="0% (0/2)" missing-branches="617,624"/>
						<line number="617" hits="0"/>
						<line number="621" hits="0"/>
						<line number="624" hits="0"/>
						<line number="625" hits="0"/>
						<line number="626" hits="0"/>
						<line number="629" hits="0"/>
						<line number="630" hits="0"/>
						<line number="631" hits="0"/>
						<line number="634" hits="0"/>
						<line number="635" hits="0"/>
						<line number="638" hits="0" branch="true" condition-coverage="0% (0/2)" missing-branches="641,747"/>
						<line number="641" hits="0"/>
						<line number="642" hits="0"/>
						<line number="649" hits="0"/>
						<line number="654" hits="0" branch="true" condition-coverage="0% (0/2)" missing-branches="655,747"/>
						<line number="655" hits="0" branch="true" condition-coverage="0% (0/2)" missing-branches="656,664"/>
						<line number="656" hits="0"/>
						<line number="660" hits="0"/>
						<line number="664" hits="0"/>
						<line number="665" hits="0" branch="true" condition-coverage="0% (0/2)" missing-branches="666,686"/>
						<line number="666" hits="0"/>
						<line number="670" hits="0" branch="true" condition-coverage="0% (0/2)" missing-branches="671,673"/>
						<line number="671" hits="0"/>
						<line number="673" hits="0" branch="true" condition-coverage="0% (0/2)" missing-branches="674,676"/>
						<line number="674" hits="0"/>
						<line number="676" hits="0"/>
						<line number="681" hits="0"/>
						<line number="683" hits="0" branch="true" condition-coverage="0% (0/2)" missing-branches="665,684"/>
						<line number="684" hits="0"/>
						<line number="686" hits="0" branch="true" condition-coverage="0% (0/2)" missing-branches="688,693"/>
						<line number="688" hits="0"/>
						<line number="692" hits="0"/>
						<line number="693" hits="0" branch="true" condition-coverage="0% (0/2)" missing-branches="695,701"/>
						<line number="695" hits="0"/>
						<line number="699" hits="0"/>
						<line number="701" hits="0" branch="true" condition-coverage="0% (0/2)" missing-branches="702,740"/>
						<line number="702" hits="0" branch="true" condition-coverage="0% (0/2)" missing-branches="703,706"/>
						<line number="703" hits="0"/>
						<line number="706" hits="0"/>
						<line number="707" hits="0"/>
						<line number="710" hits="0"/>
						<line number="711" hits="0"/>
						<line number="712" hits="0"/>
						<line number="715" hits="0"/>
						<line number="716" hits="0"/>
						<line number="718" hits="0" branch="true" condition-coverage="0% (0/2)" missing-branches="719,722"/>
						<line number="719" hits="0"/>
						<line number="722" hits="0"/>
						<line number="723" hits="0"/>
						<line number="726" hits="0"/>
						<line number="731" hits="0" branch="true" condition-coverage="0% (0/2)" missing-branches="701,732"/>
						<line number="732" hits="0"/>
						<line number="737" hits="0"/>
						<line number="740" hits="0"/>
						<line number="747" hits="0"/>
						<line number="748" hits="0" branch="true" condition-coverage="0% (0/2)" missing-branches="749,771"/>
						<line number="749" hits="0"/>
						<line number="753" hits="0" branch="true" condition-coverage="0% (0/2)" missing-branches="754,757"/>
						<line number="754" hits="0"/>
						<line number="757" hits="0" branch="true" condition-coverage="0% (0/2)" missing-branches="758,760"/>
						<line number="758" hits="0"/>
						<line number="760" hits="0"/>
						<line number="765" hits="0"/>
						<line number="768" hits="0" branch="true" condition-coverage="0% (0/2)" missing-branches="748,769"/>
						<line number="769" hits="0"/>
						<line number="771" hits="0" branch="true" condition-coverage="0% (0/2)" missing-branches="537,773"/>
						<line number="773" hits="0" branch="true" condition-coverage="0% (0/2)" missing-branches="775,807"/>
						<line number="775" hits="0"/>
						<line number="776" hits="0" branch="true" condition-coverage="0% (0/2)" missing-branches="777,794"/>
						<line number="777" hits="0"/>
						<line number="779" hits="0" branch="true" condition-coverage="0% (0/2)" missing-branches="780,781"/>
						<line number="780" hits="0"/>
						<line number="781" hits="0" branch="true" condition-coverage="0% (0/2)" missing-branches="782,783"/>
						<line number="782" hits="0"/>
						<line number="783" hits="0"/>
						<line number="788" hits="0"/>
						<line number="789" hits="0"/>
						<line number="790" hits="0" branch="true" condition-coverage="0% (0/2)" missing-branches="776,791"/>
						<line number="791" hits="0"/>
						<line number="792" hits="0"/>
						<line number="794" hits="0" branch="true" condition-coverage="0% (0/2)" missing-branches="795,800"/>
						<line number="795" hits="0"/>
						<line number="800" hits="0"/>
						<line number="804" hits="0"/>
						<line number="807" hits="0"/>
						<line number="811" hits="0"/>
						<line number="814" hits="1"/>
						<line number="816" hits="1"/>
						<line number="824" hits="0" branch="true" condition-coverage="0% (0/2)" missing-branches="825,828"/>
						<line number="825" hits="0"/>
						<line number="828" hits="0"/>
						<line number="829" hits="0"/>
						<line number="832" hits="0" branch="true" condition-coverage="0% (0/2)" missing-branches="833,836"/>
						<line number="833" hits="0"/>
						<line number="836" hits="0" branch="true" condition-coverage="0% (0/2)" missing-branches="837,840"/>
						<line number="837" hits="0"/>
						<line number="840" hits="0"/>
						<line number="841" hits="0"/>
						<line number="844" hits="0"/>
						<line number="845" hits="0"/>
						<line number="847" hits="0"/>
						<line number="848" hits="0"/>
						<line number="850" hits="0"/>
						<line number="852" hits="1"/>
						<line number="854" hits="1" branch="true" condition-coverage="100% (2/2)"/>
						<line number="855" hits="1"/>
						<line number="856" hits="1" branch="true" condition-coverage="50% (1/2)" missing-branches="858"/>
						<line number="857" hits="1"/>
						<line number="858" hits="0" branch="true" condition-coverage="0% (0/2)" missing-branches="859,860"/>
						<line number="859" hits="0"/>
						<line number="860" hits="0" branch="true" condition-coverage="0% (0/2)" missing-branches="861,862"/>
						<line number="861" hits="0"/>
						<line number="862" hits="0" branch="true" condition-coverage="0% (0/2)" missing-branches="863,864"/>
						<line number="863" hits="0"/>
						<line number="864" hits="0" branch="true" condition-coverage="0% (0/2)" missing-branches="865,867"/>
						<line number="865" hits="0"/>
						<line number="867" hits="0"/>
						<line number="869" hits="1"/>
						<line number="886" hits="1" branch="true" condition-coverage="100% (2/2)"/>
						<line number="888" hits="1" branch="true" condition-coverage="50% (1/2)" missing-branches="889"/>
						<line number="889" hits="0"/>
						<line number="890" hits="1"/>
						<line number="891" hits="1"/>
						<line number="892" hits="1"/>
						<line number="893" hits="1"/>
						<line number="896" hits="1"/>
						<line number="897" hits="1"/>
						<line number="898" hits="1"/>
						<line number="900" hits="1" branch="true" condition-coverage="50% (1/2)" missing-branches="902"/>
						<line number="902" hits="0"/>
						<line number="903" hits="0"/>
						<line number="904" hits="0"/>
						<line number="907" hits="1"/>
						<line number="909" hits="1"/>
						<line number="922" hits="0" branch="true" condition-coverage="0% (0/2)" missing-branches="923,926"/>
						<line number="923" hits="0"/>
						<line number="926" hits="0" branch="true" condition-coverage="0% (0/2)" missing-branches="927,930"/>
						<line number="927" hits="0"/>
						<line number="930" hits="0"/>
						<line number="933" hits="0" branch="true" condition-coverage="0% (0/2)" missing-branches="934,937"/>
						<line number="934" hits="0"/>
						<line number="937" hits="0" branch="true" condition-coverage="0% (0/2)" missing-branches="938,941"/>
						<line number="938" hits="0"/>
						<line number="941" hits="0" branch="true" condition-coverage="0% (0/2)" missing-branches="942,944"/>
						<line number="942" hits="0"/>
						<line number="944" hits="0"/>
						<line number="946" hits="1"/>
						<line number="947" hits="1"/>
						<line number="949" hits="1"/>
						<line number="951" hits="1"/>
						<line number="953" hits="1" branch="true" condition-coverage="100% (2/2)"/>
						<line number="954" hits="1"/>
						<line number="956" hits="1"/>
						<line number="957" hits="1"/>
						<line number="958" hits="1"/>
						<line number="959" hits="1"/>
						<line number="961" hits="1"/>
						<line number="963" hits="1"/>
						<line number="965" hits="1"/>
						<line number="966" hits="1"/>
						<line number="967" hits="1"/>
						<line number="969" hits="1" branch="true" condition-coverage="100% (2/2)"/>
						<line number="970" hits="1"/>
						<line number="972" hits="1" branch="true" condition-coverage="50% (1/2)" missing-branches="973"/>
						<line number="973" hits="0"/>
						<line number="974" hits="0"/>
						<line number="976" hits="1"/>
						<line number="977" hits="1" branch="true" condition-coverage="50% (1/2)" missing-branches="978"/>
						<line number="978" hits="0"/>
						<line number="979" hits="0"/>
						<line number="983" hits="1"/>
						<line number="990" hits="1" branch="true" condition-coverage="50% (1/2)" missing-branches="991"/>
						<line number="991" hits="0" branch="true" condition-coverage="0% (0/2)" missing-branches="992,996"/>
						<line number="992" hits="0"/>
						<line number="993" hits="0"/>
						<line number="994" hits="0"/>
						<line number="996" hits="1"/>
						<line number="997" hits="1"/>
						<line number="1000" hits="1"/>
						<line number="1003" hits="1"/>
						<line number="1004" hits="1"/>
						<line number="1005" hits="1"/>
						<line number="1007" hits="1" branch="true" condition-coverage="50% (1/2)" missing-branches="1009"/>
						<line number="1009" hits="0"/>
						<line number="1012" hits="0"/>
						<line number="1014" hits="0" branch="true" condition-coverage="0% (0/2)" missing-branches="1015,1057"/>
						<line number="1015" hits="0"/>
						<line number="1016" hits="0"/>
						<line number="1019" hits="0"/>
						<line number="1020" hits="0"/>
						<line number="1022" hits="0"/>
						<line number="1028" hits="0" branch="true" condition-coverage="0% (0/2)" missing-branches="1029,1040"/>
						<line number="1029" hits="0"/>
						<line number="1030" hits="0" branch="true" condition-coverage="0% (0/2)" missing-branches="1031,1040"/>
						<line number="1031" hits="0"/>
						<line number="1032" hits="0"/>
						<line number="1033" hits="0"/>
						<line number="1034" hits="0"/>
						<line number="1040" hits="0" branch="true" condition-coverage="0% (0/2)" missing-branches="1014,1041"/>
						<line number="1041" hits="0" branch="true" condition-coverage="0% (0/2)" missing-branches="1014,1042"/>
						<line number="1042" hits="0"/>
						<line number="1043" hits="0"/>
						<line number="1044" hits="0"/>
						<line number="1047" hits="1"/>
						<line number="1048" hits="1" branch="true" condition-coverage="100% (2/2)"/>
						<line number="1049" hits="1"/>
						<line number="1050" hits="1" branch="true" condition-coverage="100% (2/2)"/>
						<line number="1051" hits="1"/>
						<line number="1052" hits="1"/>
						<line number="1054" hits="1"/>
						<line number="1057" hits="1"/>
						<line number="1061" hits="1"/>
						<line number="1063" hits="1" branch="true" condition-coverage="50% (1/2)" missing-branches="1064"/>
						<line number="1064" hits="0"/>
						<line number="1065" hits="0"/>
						<line number="1067" hits="0"/>
						<line number="1068" hits="0" branch="true" condition-coverage="0% (0/2)" missing-branches="1069,1094"/>
						<line number="1069" hits="0" branch="true" condition-coverage="0% (0/2)" missing-branches="1070,1072"/>
						<line number="1070" hits="0"/>
						<line number="1072" hits="0"/>
						<line number="1073" hits="0" branch="true" condition-coverage="0% (0/2)" missing-branches="1074,1078"/>
						<line number="1074" hits="0"/>
						<line number="1078" hits="0"/>
						<line number="1079" hits="0" branch="true" condition-coverage="0% (0/2)" missing-branches="1080,1082"/>
						<line number="1080" hits="0"/>
						<line number="1082" hits="0"/>
						<line number="1085" hits="0" branch="true" condition-coverage="0% (0/2)" missing-branches="1086,1089"/>
						<line number="1086" hits="0"/>
						<line number="1089" hits="0" branch="true" condition-coverage="0% (0/2)" missing-branches="1090,1092"/>
						<line number="1090" hits="0"/>
						<line number="1092" hits="0"/>
						<line number="1094" hits="0"/>
						<line number="1096" hits="0"/>
						<line number="1097" hits="0" branch="true" condition-coverage="0% (0/2)" missing-branches="1098,1103"/>
						<line number="1098" hits="0"/>
						<line number="1099" hits="0"/>
						<line number="1100" hits="0"/>
						<line number="1103" hits="0"/>
						<line number="1104" hits="0"/>
						<line number="1105" hits="0" branch="true" condition-coverage="0% (0/2)" missing-branches="1106,1112"/>
						<line number="1106" hits="0" branch="true" condition-coverage="0% (0/2)" missing-branches="1107,1108"/>
						<line number="1107" hits="0"/>
						<line number="1108" hits="0"/>
						<line number="1109" hits="0"/>
						<line number="1110" hits="0"/>
						<line number="1112" hits="0"/>
						<line number="1113" hits="0" branch="true" condition-coverage="0% (0/2)" missing-branches="1114,1121"/>
						<line number="1114" hits="0"/>
						<line number="1115" hits="1" branch="true" condition-coverage="50% (1/2)" missing-branches="1116"/>
						<line number="1116" hits="0"/>
						<line number="1117" hits="0"/>
						<line number="1119" hits="1"/>
						<line number="1121" hits="1"/>
						<line number="1123" hits="1"/>
						<line number="1127" hits="1" branch="true" condition-coverage="50% (1/2)" missing-branches="1130"/>
						<line number="1128" hits="1"/>
						<line number="1130" hits="1" branch="true" condition-coverage="100% (2/2)"/>
						<line number="1131" hits="1"/>
						<line number="1132" hits="1" branch="true" condition-coverage="100% (2/2)"/>
						<line number="1134" hits="1"/>
						<line number="1137" hits="1" branch="true" condition-coverage="100% (2/2)"/>
						<line number="1138" hits="1"/>
						<line number="1139" hits="1"/>
						<line number="1145" hits="1"/>
						<line number="1147" hits="1"/>
						<line number="1148" hits="1"/>
						<line number="1149" hits="1"/>
						<line number="1150" hits="1"/>
						<line number="1151" hits="1"/>
						<line number="1153" hits="1" branch="true" condition-coverage="50% (1/2)" missing-branches="1155"/>
						<line number="1154" hits="1"/>
						<line number="1155" hits="0" branch="true" condition-coverage="0% (0/2)" missing-branches="1156,1158"/>
						<line number="1156" hits="0"/>
						<line number="1158" hits="0"/>
						<line number="1161" hits="1"/>
						<line number="1163" hits="1"/>
						<line number="1164" hits="1"/>
						<line number="1165" hits="1"/>
						<line number="1167" hits="1"/>
						<line number="1173" hits="1"/>
						<line number="1179" hits="1"/>
						<line number="1181" hits="1"/>
						<line number="1184" hits="1" branch="true" condition-coverage="100% (2/2)"/>
						<line number="1185" hits="1"/>
						<line number="1187" hits="1"/>
						<line number="1190" hits="1"/>
						<line number="1192" hits="1"/>
						<line number="1193" hits="1"/>
						<line number="1196" hits="1"/>
						<line number="1197" hits="1" branch="true" condition-coverage="100% (2/2)"/>
						<line number="1198" hits="1"/>
						<line number="1199" hits="1" branch="true" condition-coverage="50% (1/2)" missing-branches="1201"/>
						<line number="1200" hits="1"/>
						<line number="1201" hits="1" branch="true" condition-coverage="100% (2/2)"/>
						<line number="1202" hits="1" branch="true" condition-coverage="100% (2/2)"/>
						<line number="1203" hits="1"/>
						<line number="1204" hits="1"/>
						<line number="1206" hits="1"/>
						<line number="1209" hits="1"/>
						<line number="1218" hits="1" branch="true" condition-coverage="50% (1/2)" missing-branches="1219"/>
						<line number="1219" hits="0"/>
						<line number="1222" hits="1"/>
						<line number="1224" hits="1" branch="true" condition-coverage="100% (2/2)"/>
						<line number="1225" hits="1"/>
						<line number="1226" hits="1"/>
						<line number="1228" hits="1" branch="true" condition-coverage="100% (2/2)"/>
						<line number="1229" hits="1"/>
						<line number="1230" hits="1"/>
						<line number="1231" hits="1"/>
						<line number="1232" hits="1"/>
						<line number="1233" hits="1"/>
						<line number="1235" hits="1"/>
						<line number="1236" hits="1"/>
						<line number="1239" hits="1" branch="true" condition-coverage="100% (2/2)"/>
						<line number="1240" hits="1"/>
						<line number="1241" hits="1" branch="true" condition-coverage="50% (1/2)" missing-branches="1242"/>
						<line number="1242" hits="0"/>
						<line number="1243" hits="1" branch="true" condition-coverage="100% (2/2)"/>
						<line number="1244" hits="1"/>
						<line number="1245" hits="1" branch="true" condition-coverage="50% (1/2)" missing-branches="1246"/>
						<line number="1246" hits="0"/>
						<line number="1247" hits="1" branch="true" condition-coverage="50% (1/2)" missing-branches="1248"/>
						<line number="1248" hits="0"/>
						<line number="1250" hits="1"/>
						<line number="1255" hits="1"/>
						<line number="1256" hits="1"/>
						<line number="1257" hits="1"/>
						<line number="1261" hits="1" branch="true" condition-coverage="100% (2/2)"/>
						<line number="1262" hits="1"/>
						<line number="1263" hits="1"/>
						<line number="1266" hits="1"/>
						<line number="1268" hits="1"/>
						<line number="1274" hits="1"/>
						<line number="1275" hits="1"/>
						<line number="1277" hits="1" branch="true" condition-coverage="100% (2/2)"/>
						<line number="1278" hits="1"/>
						<line number="1279" hits="1"/>
						<line number="1284" hits="1" branch="true" condition-coverage="50% (1/2)" missing-branches="1285"/>
						<line number="1285" hits="0"/>
						<line number="1286" hits="0"/>
						<line number="1289" hits="1" branch="true" condition-coverage="100% (2/2)"/>
						<line number="1290" hits="1"/>
						<line number="1291" hits="1"/>
						<line number="1292" hits="1"/>
						<line number="1294" hits="1" branch="true" condition-coverage="50% (1/2)" missing-branches="1299"/>
						<line number="1295" hits="1"/>
						<line number="1296" hits="1"/>
						<line number="1297" hits="1"/>
						<line number="1299" hits="0"/>
						<line number="1301" hits="1"/>
						<line number="1304" hits="1"/>
						<line number="1305" hits="1"/>
						<line number="1306" hits="1"/>
						<line number="1308" hits="1"/>
						<line number="1309" hits="1"/>
						<line number="1310" hits="1"/>
						<line number="1312" hits="1"/>
						<line number="1315" hits="1" branch="true" condition-coverage="50% (1/2)" missing-branches="1316"/>
						<line number="1316" hits="0"/>
						<line number="1317" hits="0"/>
						<line number="1319" hits="0" branch="true" condition-coverage="0% (0/2)" missing-branches="1320,1360"/>
						<line number="1320" hits="0"/>
						<line number="1321" hits="0"/>
						<line number="1323" hits="0" branch="true" condition-coverage="0% (0/2)" missing-branches="1319,1325"/>
						<line number="1325" hits="0" branch="true" condition-coverage="0% (0/2)" missing-branches="1326,1328"/>
						<line number="1326" hits="0"/>
						<line number="1328" hits="0"/>
						<line number="1329" hits="0"/>
						<line number="1330" hits="0"/>
						<line number="1331" hits="0"/>
						<line number="1333" hits="0"/>
						<line number="1334" hits="0"/>
						<line number="1337" hits="0" branch="true" condition-coverage="0% (0/2)" missing-branches="1338,1339"/>
						<line number="1338" hits="0"/>
						<line number="1339" hits="0" branch="true" condition-coverage="0% (0/2)" missing-branches="1340,1341"/>
						<line number="1340" hits="0"/>
						<line number="1341" hits="0" branch="true" condition-coverage="0% (0/2)" missing-branches="1342,1343"/>
						<line number="1342" hits="0"/>
						<line number="1343" hits="0" branch="true" condition-coverage="0% (0/2)" missing-branches="1344,1346"/>
						<line number="1344" hits="0"/>
						<line number="1346" hits="0"/>
						<line number="1349" hits="0"/>
						<line number="1350" hits="0"/>
						<line number="1351" hits="0"/>
						<line number="1355" hits="0" branch="true" condition-coverage="0% (0/2)" missing-branches="1323,1356"/>
						<line number="1356" hits="0"/>
						<line number="1357" hits="0"/>
						<line number="1360" hits="0"/>
						<line number="1362" hits="0"/>
						<line number="1368" hits="0"/>
						<line number="1369" hits="0"/>
						<line number="1370" hits="0"/>
						<line number="1372" hits="0" branch="true" condition-coverage="0% (0/2)" missing-branches="1373,1402"/>
						<line number="1373" hits="0"/>
						<line number="1374" hits="0"/>
						<line number="1379" hits="0" branch="true" condition-coverage="0% (0/2)" missing-branches="1380,1384"/>
						<line number="1380" hits="0"/>
						<line number="1381" hits="0"/>
						<line number="1384" hits="0" branch="true" condition-coverage="0% (0/2)" missing-branches="1385,1400"/>
						<line number="1385" hits="0"/>
						<line number="1386" hits="0"/>
						<line number="1389" hits="0"/>
						<line number="1390" hits="0" branch="true" condition-coverage="0% (0/2)" missing-branches="1391,1397"/>
						<line number="1391" hits="0"/>
						<line number="1392" hits="0"/>
						<line number="1393" hits="0"/>
						<line number="1394" hits="0"/>
						<line number="1397" hits="0"/>
						<line number="1398" hits="0"/>
						<line number="1400" hits="0"/>
						<line number="1402" hits="0"/>
						<line number="1408" hits="1" branch="true" condition-coverage="50% (1/2)" missing-branches="1409"/>
						<line number="1409" hits="0" branch="true" condition-coverage="0% (0/2)" missing-branches="1410,1417"/>
						<line number="1410" hits="0" branch="true" condition-coverage="0% (0/2)" missing-branches="1409,1411"/>
						<line number="1411" hits="0"/>
						<line number="1412" hits="0"/>
						<line number="1413" hits="0"/>
						<line number="1414" hits="0"/>
						<line number="1415" hits="0"/>
						<line number="1417" hits="1" branch="true" condition-coverage="50% (1/2)" missing-branches="1418"/>
						<line number="1418" hits="0" branch="true" condition-coverage="0% (0/2)" missing-branches="1419,1426"/>
						<line number="1419" hits="0" branch="true" condition-coverage="0% (0/2)" missing-branches="1418,1420"/>
						<line number="1420" hits="0"/>
						<line number="1421" hits="0"/>
						<line number="1422" hits="0"/>
						<line number="1423" hits="0"/>
						<line number="1426" hits="1" branch="true" condition-coverage="50% (1/2)" missing-branches="1427"/>
						<line number="1427" hits="0"/>
						<line number="1428" hits="0"/>
						<line number="1429" hits="0"/>
						<line number="1430" hits="0"/>
						<line number="1431" hits="0"/>
						<line number="1433" hits="1"/>
						<line number="1434" hits="1"/>
						<line number="1436" hits="1"/>
						<line number="1438" hits="1"/>
						<line number="1444" hits="1"/>
						<line number="1445" hits="1"/>
						<line number="1447" hits="1" branch="true" condition-coverage="100% (2/2)"/>
						<line number="1448" hits="1"/>
						<line number="1449" hits="1" branch="true" condition-coverage="50% (1/2)" missing-branches="1451"/>
						<line number="1450" hits="1"/>
						<line number="1451" hits="0" branch="true" condition-coverage="0% (0/2)" missing-branches="1453,1458"/>
						<line number="1453" hits="0"/>
						<line number="1454" hits="0" branch="true" condition-coverage="0% (0/2)" missing-branches="1455,1456"/>
						<line number="1455" hits="0"/>
						<line number="1456" hits="0" branch="true" condition-coverage="0% (0/2)" missing-branches="1447,1457"/>
						<line number="1457" hits="0"/>
						<line number="1458" hits="0" branch="true" condition-coverage="0% (0/2)" missing-branches="1447,1459"/>
						<line number="1459" hits="0"/>
						<line number="1462" hits="1" branch="true" condition-coverage="50% (1/2)" missing-branches="1463"/>
						<line number="1463" hits="0"/>
						<line number="1465" hits="1"/>
						<line number="1467" hits="1"/>
						<line number="1473" hits="1"/>
						<line number="1474" hits="1" branch="true" condition-coverage="50% (1/2)" missing-branches="1475"/>
						<line number="1475" hits="0"/>
						<line number="1476" hits="0"/>
						<line number="1478" hits="1"/>
						<line number="1479" hits="1"/>
						<line number="1481" hits="1"/>
						<line number="1482" hits="1"/>
						<line number="1483" hits="1"/>
						<line number="1486" hits="1"/>
						<line number="1487" hits="1"/>
						<line number="1488" hits="1"/>
						<line number="1489" hits="1" branch="true" condition-coverage="100% (2/2)"/>
						<line number="1490" hits="1"/>
						<line number="1491" hits="1" branch="true" condition-coverage="100% (2/2)"/>
						<line number="1492" hits="1"/>
						<line number="1493" hits="1"/>
						<line number="1494" hits="1"/>
						<line number="1495" hits="1"/>
						<line number="1496" hits="1"/>
						<line number="1497" hits="1"/>
						<line number="1499" hits="1"/>
						<line number="1500" hits="1" branch="true" condition-coverage="100% (2/2)"/>
						<line number="1501" hits="1" branch="true" condition-coverage="50% (1/2)" missing-branches="1502"/>
						<line number="1502" hits="0" branch="true" condition-coverage="0% (0/2)" missing-branches="1500,1503"/>
						<line number="1503" hits="0" branch="true" condition-coverage="0% (0/2)" missing-branches="1502,1504"/>
						<line number="1504" hits="0" branch="true" condition-coverage="0% (0/2)" missing-branches="1503,1505"/>
						<line number="1505" hits="0"/>
						<line number="1508" hits="1"/>
						<line number="1509" hits="1" branch="true" condition-coverage="100% (2/2)"/>
						<line number="1510" hits="1" branch="true" condition-coverage="50% (1/2)" missing-branches="1511"/>
						<line number="1511" hits="0"/>
						<line number="1513" hits="1"/>
						<line number="1514" hits="1"/>
						<line number="1517" hits="1" branch="true" condition-coverage="50% (1/2)" missing-branches="1518"/>
						<line number="1518" hits="0"/>
						<line number="1519" hits="0"/>
						<line number="1522" hits="1" branch="true" condition-coverage="50% (1/2)" missing-branches="1523"/>
						<line number="1523" hits="0"/>
						<line number="1524" hits="0"/>
						<line number="1527" hits="1"/>
						<line number="1528" hits="1" branch="true" condition-coverage="100% (2/2)"/>
						<line number="1529" hits="1"/>
						<line number="1530" hits="1" branch="true" condition-coverage="50% (1/2)" missing-branches="1528"/>
						<line number="1531" hits="1"/>
						<line number="1534" hits="1" branch="true" condition-coverage="50% (1/2)" missing-branches="1535"/>
						<line number="1535" hits="0"/>
						<line number="1536" hits="0"/>
						<line number="1537" hits="0"/>
						<line number="1538" hits="1" branch="true" condition-coverage="50% (1/2)" missing-branches="1539"/>
						<line number="1539" hits="0"/>
						<line number="1542" hits="1" branch="true" condition-coverage="50% (1/2)" missing-branches="1543"/>
						<line number="1543" hits="0"/>
						<line number="1544" hits="0" branch="true" condition-coverage="0% (0/2)" missing-branches="1545,1548"/>
						<line number="1545" hits="0" branch="true" condition-coverage="0% (0/2)" missing-branches="1544,1546"/>
						<line number="1546" hits="0" branch="true" condition-coverage="0% (0/2)" missing-branches="1545,1547"/>
						<line number="1547" hits="0"/>
						<line number="1548" hits="0"/>
						<line number="1549" hits="0" branch="true" condition-coverage="0% (0/2)" missing-branches="1550,1558"/>
						<line number="1550" hits="0"/>
						<line number="1551" hits="0"/>
						<line number="1552" hits="0"/>
						<line number="1558" hits="1"/>
						<line number="1559" hits="1"/>
						<line number="1560" hits="1" branch="true" condition-coverage="50% (1/2)" missing-branches="1561"/>
						<line number="1561" hits="0"/>
						<line number="1562" hits="0"/>
						<line number="1564" hits="1"/>
						<line number="1566" hits="1" branch="true" condition-coverage="100% (2/2)"/>
						<line number="1567" hits="1"/>
						<line number="1568" hits="1"/>
						<line number="1570" hits="1"/>
						<line number="1571" hits="1"/>
						<line number="1574" hits="1"/>
						<line number="1576" hits="1"/>
						<line number="1577" hits="0"/>
						<line number="1579" hits="1"/>
						<line number="1580" hits="0"/>
						<line number="1581" hits="0" branch="true" condition-coverage="0% (0/2)" missing-branches="1582,1587"/>
						<line number="1582" hits="0" branch="true" condition-coverage="0% (0/2)" missing-branches="1583,1586"/>
						<line number="1583" hits="0"/>
						<line number="1584" hits="0" branch="true" condition-coverage="0% (0/2)" missing-branches="1585,1586"/>
						<line number="1585" hits="0"/>
						<line number="1586" hits="0"/>
						<line number="1587" hits="0"/>
						<line number="1589" hits="1"/>
						<line number="1590" hits="0"/>
						<line number="1595" hits="1"/>
						<line number="1596" hits="0" branch="true" condition-coverage="0% (0/2)" missing-branches="1597,1598"/>
						<line number="1597" hits="0"/>
						<line number="1598" hits="0"/>
						<line number="1599" hits="0"/>
						<line number="1600" hits="0" branch="true" condition-coverage="0% (0/2)" missing-branches="1601,1611"/>
						<line number="1601" hits="0"/>
						<line number="1602" hits="0"/>
						<line number="1603" hits="0" branch="true" condition-coverage="0% (0/2)" missing-branches="1604,1605"/>
						<line number="1604" hits="0"/>
						<line number="1605" hits="0" branch="true" condition-coverage="0% (0/2)" missing-branches="1606,1610"/>
						<line number="1606" hits="0" branch="true" condition-coverage="0% (0/2)" missing-branches="1607,1609"/>
						<line number="1607" hits="0"/>
						<line number="1609" hits="0"/>
						<line number="1610" hits="0"/>
						<line number="1611" hits="0" branch="true" condition-coverage="0% (0/2)" missing-branches="1612,1613"/>
						<line number="1612" hits="0"/>
						<line number="1613" hits="0"/>
						<line number="1615" hits="1"/>
						<line number="1616" hits="0"/>
						<line number="1623" hits="1" branch="true" condition-coverage="100% (2/2)"/>
						<line number="1624" hits="1" branch="true" condition-coverage="50% (1/2)" missing-branches="1626"/>
						<line number="1625" hits="1"/>
						<line number="1626" hits="0" branch="true" condition-coverage="0% (0/2)" missing-branches="1627,1629"/>
						<line number="1627" hits="0"/>
						<line number="1629" hits="0"/>
						<line number="1630" hits="0" branch="true" condition-coverage="0% (0/2)" missing-branches="1631,1634"/>
						<line number="1631" hits="0" branch="true" condition-coverage="0% (0/2)" missing-branches="1630,1632"/>
						<line number="1632" hits="0" branch="true" condition-coverage="0% (0/2)" missing-branches="1631,1633"/>
						<line number="1633" hits="0"/>
						<line number="1634" hits="0" branch="true" condition-coverage="0% (0/2)" missing-branches="1623,1636"/>
						<line number="1636" hits="0"/>
						<line number="1637" hits="0"/>
						<line number="1638" hits="0"/>
						<line number="1639" hits="0" branch="true" condition-coverage="0% (0/2)" missing-branches="1640,1646"/>
						<line number="1640" hits="0"/>
						<line number="1641" hits="0" branch="true" condition-coverage="0% (0/2)" missing-branches="1639,1642"/>
						<line number="1642" hits="0"/>
						<line number="1643" hits="0"/>
						<line number="1644" hits="0"/>
						<line number="1645" hits="0"/>
						<line number="1646" hits="0" branch="true" condition-coverage="0% (0/2)" missing-branches="1623,1647"/>
						<line number="1647" hits="0"/>
						<line number="1650" hits="1"/>
						<line number="1651" hits="1" branch="true" condition-coverage="100% (2/2)"/>
						<line number="1652" hits="1" branch="true" condition-coverage="50% (1/2)" missing-branches="1654"/>
						<line number="1653" hits="1"/>
						<line number="1654" hits="0" branch="true" condition-coverage="0% (0/2)" missing-branches="1655,1656"/>
						<line number="1655" hits="0"/>
						<line number="1656" hits="0"/>
						<line number="1657" hits="0" branch="true" condition-coverage="0% (0/2)" missing-branches="1658,1668"/>
						<line number="1658" hits="0"/>
						<line number="1659" hits="0" branch="true" condition-coverage="0% (0/2)" missing-branches="1660,1661"/>
						<line number="1660" hits="0"/>
						<line number="1661" hits="0"/>
						<line number="1662" hits="0" branch="true" condition-coverage="0% (0/2)" missing-branches="1663,1665"/>
						<line number="1663" hits="0"/>
						<line number="1664" hits="0"/>
						<line number="1665" hits="0" branch="true" condition-coverage="0% (0/2)" missing-branches="1657,1666"/>
						<line number="1666" hits="0"/>
						<line number="1667" hits="0"/>
						<line number="1668" hits="0" branch="true" condition-coverage="0% (0/2)" missing-branches="1651,1669"/>
						<line number="1669" hits="0"/>
						<line number="1670" hits="0"/>
						<line number="1671" hits="0"/>
						<line number="1672" hits="0"/>
						<line number="1673" hits="0"/>
						<line number="1674" hits="0"/>
						<line number="1675" hits="0"/>
						<line number="1676" hits="0"/>
						<line number="1677" hits="0" branch="true" condition-coverage="0% (0/2)" missing-branches="1678,1682"/>
						<line number="1678" hits="0"/>
						<line number="1679" hits="0"/>
						<line number="1680" hits="0"/>
						<line number="1682" hits="0"/>
						<line number="1688" hits="1"/>
						<line number="1689" hits="1" branch="true" condition-coverage="50% (1/2)" missing-branches="1690"/>
						<line number="1690" hits="0"/>
						<line number="1691" hits="1" branch="true" condition-coverage="50% (1/2)" missing-branches="1692"/>
[...]
						<line number="3493" hits="0"/>
						<line number="3495" hits="0"/>
						<line number="3496" hits="0"/>
						<line number="3498" hits="0" branch="true" condition-coverage="0% (0/2)" missing-branches="3499,3505"/>
						<line number="3499" hits="0"/>
						<line number="3505" hits="0"/>
						<line number="3507" hits="0" branch="true" condition-coverage="0% (0/2)" missing-branches="3508,3519"/>
						<line number="3508" hits="0"/>
						<line number="3519" hits="0" branch="true" condition-coverage="0% (0/2)" missing-branches="3520,3546"/>
						<line number="3520" hits="0"/>
						<line number="3521" hits="0"/>
						<line number="3523" hits="0"/>
						<line number="3525" hits="0"/>
						<line number="3533" hits="0"/>
						<line number="3534" hits="0"/>
						<line number="3536" hits="0"/>
						<line number="3546" hits="0" branch="true" condition-coverage="0% (0/2)" missing-branches="3547,3561"/>
						<line number="3547" hits="0" branch="true" condition-coverage="0% (0/2)" missing-branches="3546,3548"/>
						<line number="3548" hits="0"/>
						<line number="3549" hits="0"/>
						<line number="3550" hits="0"/>
						<line number="3551" hits="0"/>
						<line number="3561" hits="0" branch="true" condition-coverage="0% (0/2)" missing-branches="3562,3564"/>
						<line number="3562" hits="0"/>
						<line number="3564" hits="0" branch="true" condition-coverage="0% (0/2)" missing-branches="3565,3568"/>
						<line number="3565" hits="0"/>
						<line number="3568" hits="0"/>
						<line number="3570" hits="0"/>
						<line number="3575" hits="0"/>
						<line number="3576" hits="0"/>
						<line number="3578" hits="0"/>
						<line number="3581" hits="1"/>
						<line number="3597" hits="0"/>
						<line number="3599" hits="0"/>
						<line number="3600" hits="0"/>
						<line number="3601" hits="0"/>
						<line number="3603" hits="0"/>
						<line number="3606" hits="0"/>
						<line number="3607" hits="0"/>
						<line number="3608" hits="0" branch="true" condition-coverage="0% (0/2)" missing-branches="3609,3610"/>
						<line number="3609" hits="0"/>
						<line number="3610" hits="0" branch="true" condition-coverage="0% (0/2)" missing-branches="3611,3614"/>
						<line number="3611" hits="0"/>
						<line number="3614" hits="0" branch="true" condition-coverage="0% (0/2)" missing-branches="3615,3623"/>
						<line number="3615" hits="0"/>
						<line number="3616" hits="0"/>
						<line number="3617" hits="0" branch="true" condition-coverage="0% (0/2)" missing-branches="3614,3618"/>
						<line number="3618" hits="0"/>
						<line number="3623" hits="0"/>
						<line number="3624" hits="0"/>
						<line number="3625" hits="0"/>
						<line number="3627" hits="0"/>
						<line number="3628" hits="0"/>
						<line number="3629" hits="0"/>
						<line number="3630" hits="0"/>
						<line number="3632" hits="0"/>
						<line number="3635" hits="0" branch="true" condition-coverage="0% (0/2)" missing-branches="3636,3676"/>
						<line number="3636" hits="0" branch="true" condition-coverage="0% (0/2)" missing-branches="3637,3638"/>
						<line number="3637" hits="0"/>
						<line number="3638" hits="0"/>
						<line number="3640" hits="0"/>
						<line number="3641" hits="0"/>
						<line number="3642" hits="0" branch="true" condition-coverage="0% (0/2)" missing-branches="3643,3646"/>
						<line number="3643" hits="0"/>
						<line number="3646" hits="0"/>
						<line number="3647" hits="0" branch="true" condition-coverage="0% (0/2)" missing-branches="3648,3668"/>
						<line number="3648" hits="0"/>
						<line number="3649" hits="0"/>
						<line number="3650" hits="0"/>
						<line number="3652" hits="0" branch="true" condition-coverage="0% (0/2)" missing-branches="3647,3653"/>
						<line number="3653" hits="0"/>
						<line number="3654" hits="0"/>
						<line number="3655" hits="0"/>
						<line number="3658" hits="0"/>
						<line number="3659" hits="0"/>
						<line number="3662" hits="0"/>
						<line number="3663" hits="0"/>
						<line number="3665" hits="0"/>
						<line number="3668" hits="0"/>
						<line number="3669" hits="0" branch="true" condition-coverage="0% (0/2)" missing-branches="3635,3670"/>
						<line number="3670" hits="0"/>
						<line number="3671" hits="0"/>
						<line number="3672" hits="0"/>
						<line number="3673" hits="0"/>
						<line number="3674" hits="0"/>
						<line number="3676" hits="0"/>
						<line number="3677" hits="0"/>
						<line number="3680" hits="1"/>
						<line number="3723" hits="0"/>
						<line number="3726" hits="0"/>
						<line number="3727" hits="0"/>
						<line number="3728" hits="0"/>
						<line number="3729" hits="0"/>
						<line number="3731" hits="0"/>
						<line number="3732" hits="0"/>
						<line number="3733" hits="0"/>
						<line number="3734" hits="0"/>
						<line number="3735" hits="0"/>
						<line number="3737" hits="0" branch="true" condition-coverage="0% (0/2)" missing-branches="3738,3742"/>
						<line number="3738" hits="0"/>
						<line number="3739" hits="0"/>
						<line number="3742" hits="0"/>
						<line number="3745" hits="0" branch="true" condition-coverage="0% (0/2)" missing-branches="3746,3759"/>
						<line number="3746" hits="0"/>
						<line number="3747" hits="0" branch="true" condition-coverage="0% (0/2)" missing-branches="3748,3750"/>
						<line number="3748" hits="0"/>
						<line number="3750" hits="0"/>
						<line number="3759" hits="0"/>
						<line number="3760" hits="0" branch="true" condition-coverage="0% (0/2)" missing-branches="3761,3780"/>
						<line number="3761" hits="0" branch="true" condition-coverage="0% (0/2)" missing-branches="3760,3763"/>
						<line number="3763" hits="0"/>
						<line number="3764" hits="0"/>
						<line number="3765" hits="0"/>
						<line number="3767" hits="0"/>
						<line number="3768" hits="0"/>
						<line number="3770" hits="0"/>
						<line number="3778" hits="0"/>
						<line number="3780" hits="0" branch="true" condition-coverage="0% (0/2)" missing-branches="3781,3784"/>
						<line number="3781" hits="0"/>
						<line number="3784" hits="0" branch="true" condition-coverage="0% (0/2)" missing-branches="3786,3820"/>
						<line number="3786" hits="0"/>
						<line number="3791" hits="0"/>
						<line number="3794" hits="0"/>
						<line number="3795" hits="0" branch="true" condition-coverage="0% (0/2)" missing-branches="3796,3798"/>
						<line number="3796" hits="0"/>
						<line number="3798" hits="0"/>
						<line number="3799" hits="0" branch="true" condition-coverage="0% (0/2)" missing-branches="3800,3802"/>
						<line number="3800" hits="0"/>
						<line number="3802" hits="0" branch="true" condition-coverage="0% (0/2)" missing-branches="3803,3805"/>
						<line number="3803" hits="0"/>
						<line number="3805" hits="0"/>
						<line number="3806" hits="0"/>
						<line number="3807" hits="0"/>
						<line number="3808" hits="0"/>
						<line number="3810" hits="0"/>
						<line number="3813" hits="0"/>
						<line number="3814" hits="0" branch="true" condition-coverage="0% (0/2)" missing-branches="3815,3817"/>
						<line number="3815" hits="0" branch="true" condition-coverage="0% (0/2)" missing-branches="3814,3816"/>
						<line number="3816" hits="0"/>
						<line number="3817" hits="0"/>
						<line number="3820" hits="0"/>
						<line number="3822" hits="0"/>
						<line number="3829" hits="0"/>
						<line number="3830" hits="0"/>
						<line number="3831" hits="0"/>
						<line number="3833" hits="0" branch="true" condition-coverage="0% (0/2)" missing-branches="3834,3836"/>
						<line number="3834" hits="0"/>
						<line number="3836" hits="0"/>
					</lines>
				</class>
				<class name="orca_parser.py" filename="orca_parser.py" complexity="0" line-rate="0.1013" branch-rate="0">
					<methods/>
					<lines>
						<line number="11" hits="1"/>
						<line number="12" hits="1"/>
						<line number="15" hits="1"/>
						<line number="19" hits="1"/>
						<line number="43" hits="0"/>
						<line number="44" hits="0"/>
						<line number="47" hits="0"/>
						<line number="50" hits="0"/>
						<line number="53" hits="0"/>
						<line number="56" hits="0"/>
						<line number="59" hits="0" branch="true" condition-coverage="0% (0/2)" missing-branches="60,62"/>
						<line number="60" hits="0"/>
						<line number="62" hits="0" branch="true" condition-coverage="0% (0/2)" missing-branches="63,65"/>
						<line number="63" hits="0"/>
						<line number="65" hits="0" branch="true" condition-coverage="0% (0/2)" missing-branches="66,68"/>
						<line number="66" hits="0"/>
						<line number="68" hits="0"/>
						<line number="77" hits="1"/>
						<line number="85" hits="0"/>
						<line number="86" hits="0"/>
						<line number="88" hits="0" branch="true" condition-coverage="0% (0/2)" missing-branches="89,91"/>
						<line number="89" hits="0"/>
						<line number="91" hits="0" branch="true" condition-coverage="0% (0/2)" missing-branches="92,94"/>
						<line number="92" hits="0"/>
						<line number="94" hits="0"/>
						<line number="95" hits="0"/>
						<line number="97" hits="0"/>
						<line number="100" hits="1"/>
						<line number="112" hits="0"/>
						<line number="118" hits="0" branch="true" condition-coverage="0% (0/2)" missing-branches="119,121"/>
						<line number="119" hits="0"/>
						<line number="121" hits="0"/>
						<line number="122" hits="0" branch="true" condition-coverage="0% (0/2)" missing-branches="123,140"/>
						<line number="123" hits="0"/>
						<line number="124" hits="0" branch="true" condition-coverage="0% (0/2)" missing-branches="125,127"/>
						<line number="125" hits="0"/>
						<line number="127" hits="0"/>
						<line number="128" hits="0" branch="true" condition-coverage="0% (0/2)" missing-branches="129,131"/>
						<line number="129" hits="0"/>
						<line number="131" hits="0"/>
						<line number="132" hits="0"/>
						<line number="133" hits="0"/>
						<line number="134" hits="0"/>
						<line number="135" hits="0"/>
						<line number="136" hits="0"/>
						<line number="137" hits="0"/>
						<line number="138" hits="0"/>
						<line number="140" hits="0"/>
						<line number="143" hits="1"/>
						<line number="154" hits="0"/>
						<line number="160" hits="0" branch="true" condition-coverage="0% (0/2)" missing-branches="161,163"/>
						<line number="161" hits="0"/>
						<line number="163" hits="0"/>
						<line number="167" hits="0"/>
						<line number="169" hits="0" branch="true" condition-coverage="0% (0/2)" missing-branches="170,175"/>
						<line number="170" hits="0"/>
						<line number="171" hits="0"/>
						<line number="172" hits="0"/>
						<line number="173" hits="0"/>
						<line number="175" hits="0"/>
						<line number="178" hits="1"/>
						<line number="193" hits="0"/>
						<line number="199" hits="0" branch="true" condition-coverage="0% (0/2)" missing-branches="200,202"/>
						<line number="200" hits="0"/>
						<line number="202" hits="0"/>
						<line number="204" hits="0" branch="true" condition-coverage="0% (0/2)" missing-branches="205,224"/>
						<line number="205" hits="0"/>
						<line number="206" hits="0" branch="true" condition-coverage="0% (0/2)" missing-branches="207,209"/>
						<line number="207" hits="0"/>
						<line number="209" hits="0"/>
						<line number="210" hits="0" branch="true" condition-coverage="0% (0/2)" missing-branches="211,213"/>
						<line number="211" hits="0"/>
						<line number="213" hits="0"/>
						<line number="215" hits="0"/>
						<line number="219" hits="0"/>
						<line number="220" hits="0"/>
						<line number="221" hits="0"/>
						<line number="222" hits="0"/>
						<line number="224" hits="0"/>
					</lines>
				</class>
				<class name="utils.py" filename="utils.py" complexity="0" line-rate="0.2759" branch-rate="0.1351">
					<methods/>
					<lines>
						<line number="3" hits="1"/>
						<line number="5" hits="1"/>
						<line number="7" hits="1"/>
						<line number="9" hits="1"/>
						<line number="12" hits="1"/>
						<line number="13" hits="0" branch="true" condition-coverage="0% (0/2)" missing-branches="14,16"/>
						<line number="14" hits="0" branch="true" condition-coverage="0% (0/2)" missing-branches="13,15"/>
						<line number="15" hits="0"/>
						<line number="16" hits="0"/>
						<line number="19" hits="1"/>
						<line number="46" hits="0" branch="true" condition-coverage="0% (0/2)" missing-branches="47,50"/>
						<line number="47" hits="0"/>
						<line number="50" hits="0"/>
						<line number="52" hits="0"/>
						<line number="53" hits="0" branch="true" condition-coverage="0% (0/2)" missing-branches="54,74"/>
						<line number="54" hits="0"/>
						<line number="55" hits="0" branch="true" condition-coverage="0% (0/2)" missing-branches="56,60"/>
						<line number="56" hits="0"/>
						<line number="57" hits="0"/>
						<line number="60" hits="0" branch="true" condition-coverage="0% (0/2)" missing-branches="61,65"/>
						<line number="61" hits="0"/>
						<line number="62" hits="0"/>
						<line number="65" hits="0"/>
						<line number="66" hits="0" branch="true" condition-coverage="0% (0/2)" missing-branches="68,71"/>
						<line number="68" hits="0"/>
						<line number="69" hits="0"/>
						<line number="71" hits="0" branch="true" condition-coverage="0% (0/2)" missing-branches="72,73"/>
						<line number="72" hits="0"/>
						<line number="73" hits="0"/>
						<line number="74" hits="0"/>
						<line number="80" hits="1"/>
						<line number="99" hits="0"/>
						<line number="100" hits="0"/>
						<line number="101" hits="0" branch="true" condition-coverage="0% (0/2)" missing-branches="103,124"/>
						<line number="103" hits="0"/>
						<line number="104" hits="0"/>
						<line number="106" hits="0"/>
						<line number="107" hits="0" branch="true" condition-coverage="0% (0/2)" missing-branches="108,111"/>
						<line number="108" hits="0" branch="true" condition-coverage="0% (0/2)" missing-branches="107,109"/>
						<line number="109" hits="0"/>
						<line number="110" hits="0"/>
						<line number="111" hits="0"/>
						<line number="112" hits="0" branch="true" condition-coverage="0% (0/2)" missing-branches="113,114"/>
						<line number="113" hits="0"/>
						<line number="114" hits="0"/>
						<line number="115" hits="0" branch="true" condition-coverage="0% (0/2)" missing-branches="116,117"/>
						<line number="116" hits="0"/>
						<line number="117" hits="0" branch="true" condition-coverage="0% (0/2)" missing-branches="118,119"/>
						<line number="118" hits="0"/>
						<line number="119" hits="0" branch="true" condition-coverage="0% (0/2)" missing-branches="120,121"/>
						<line number="120" hits="0"/>
						<line number="121" hits="0" branch="true" condition-coverage="0% (0/2)" missing-branches="122,123"/>
						<line number="122" hits="0"/>
						<line number="123" hits="0"/>
						<line number="124" hits="0" branch="true" condition-coverage="0% (0/2)" missing-branches="125,126"/>
						<line number="125" hits="0"/>
						<line number="126" hits="0"/>
						<line number="127" hits="0"/>
						<line number="128" hits="0"/>
						<line number="129" hits="0"/>
						<line number="130" hits="0" branch="true" condition-coverage="0% (0/2)" missing-branches="131,160"/>
						<line number="131" hits="0" branch="true" condition-coverage="0% (0/2)" missing-branches="132,134"/>
						<line number="132" hits="0"/>
						<line number="134" hits="0"/>
						<line number="135" hits="0"/>
						<line number="136" hits="0" branch="true" condition-coverage="0% (0/2)" missing-branches="137,143"/>
						<line number="137" hits="0"/>
						<line number="138" hits="0" branch="true" condition-coverage="0% (0/2)" missing-branches="139,141"/>
						<line number="139" hits="0"/>
						<line number="141" hits="0"/>
						<line number="143" hits="0"/>
						<line number="144" hits="0"/>
						<line number="145" hits="0"/>
						<line number="147" hits="0"/>
						<line number="148" hits="0"/>
						<line number="149" hits="0" branch="true" condition-coverage="0% (0/2)" missing-branches="150,155"/>
						<line number="150" hits="0" branch="true" condition-coverage="0% (0/2)" missing-branches="151,152"/>
						<line number="151" hits="0"/>
						<line number="152" hits="0"/>
						<line number="153" hits="0"/>
						<line number="154" hits="0"/>
						<line number="155" hits="0"/>
						<line number="160" hits="0"/>
						<line number="161" hits="0"/>
						<line number="163" hits="0" branch="true" condition-coverage="0% (0/2)" missing-branches="164,170"/>
						<line number="164" hits="0"/>
						<line number="165" hits="0"/>
						<line number="166" hits="0" branch="true" condition-coverage="0% (0/2)" missing-branches="167,172"/>
						<line number="167" hits="0" branch="true" condition-coverage="0% (0/2)" missing-branches="166,168"/>
						<line number="168" hits="0"/>
						<line number="170" hits="0"/>
						<line number="172" hits="0"/>
						<line number="175" hits="1"/>
						<line number="177" hits="1"/>
						<line number="178" hits="1"/>
						<line number="179" hits="1" branch="true" condition-coverage="50% (1/2)" missing-branches="180"/>
						<line number="180" hits="0"/>
						<line number="181" hits="1"/>
						<line number="182" hits="1"/>
						<line number="183" hits="0"/>
						<line number="184" hits="0"/>
						<line number="186" hits="1"/>
						<line number="187" hits="1"/>
						<line number="188" hits="1"/>
						<line number="190" hits="1" branch="true" condition-coverage="50% (1/2)" missing-branches="191"/>
						<line number="191" hits="0"/>
						<line number="193" hits="1"/>
						<line number="196" hits="1"/>
						<line number="203" hits="1"/>
						<line number="205" hits="1" branch="true" condition-coverage="50% (1/2)" missing-branches="206"/>
						<line number="206" hits="0"/>
						<line number="208" hits="1"/>
						<line number="210" hits="1"/>
						<line number="211" hits="1" branch="true" condition-coverage="50% (1/2)" missing-branches="212"/>
						<line number="212" hits="0"/>
						<line number="213" hits="1"/>
						<line number="214" hits="1"/>
						<line number="216" hits="1"/>
						<line number="217" hits="1" branch="true" condition-coverage="100% (2/2)"/>
						<line number="218" hits="1"/>
						<line number="219" hits="1" branch="true" condition-coverage="50% (1/2)" missing-branches="220"/>
						<line number="220" hits="0"/>
						<line number="222" hits="1"/>
						<line number="223" hits="1"/>
						<line number="224" hits="1"/>
						<line number="225" hits="0"/>
						<line number="226" hits="0"/>
						<line number="229" hits="1" branch="true" condition-coverage="50% (1/2)" missing-branches="230"/>
						<line number="230" hits="0"/>
						<line number="231" hits="0" branch="true" condition-coverage="0% (0/2)" missing-branches="232,233"/>
						<line number="232" hits="0"/>
						<line number="233" hits="0"/>
						<line number="235" hits="1"/>
						<line number="237" hits="1" branch="true" condition-coverage="50% (1/2)" missing-branches="238"/>
						<line number="238" hits="0"/>
						<line number="240" hits="1" branch="true" condition-coverage="50% (1/2)" missing-branches="241"/>
						<line number="241" hits="0"/>
						<line number="247" hits="1"/>
						<line number="249" hits="1"/>
						<line number="252" hits="1"/>
						<line number="254" hits="0"/>
						<line number="255" hits="0" branch="true" condition-coverage="0% (0/2)" missing-branches="256,258"/>
						<line number="256" hits="0"/>
						<line number="257" hits="0"/>
						<line number="258" hits="0"/>
					</lines>
				</class>
			</classes>
		</package>
		<package name="data" line-rate="1" branch-rate="1" complexity="0">
			<classes>
				<class name="__init__.py" filename="data/__init__.py" complexity="0" line-rate="1" branch-rate="1">
					<methods/>
					<lines/>
				</class>
			</classes>
		</package>
	</packages>
</coverage>
