<?xml version="1.0" ?>
<coverage version="7.13.1" timestamp="1769801183229" lines-valid="2824" lines-covered="887" line-rate="0.3141" branches-valid="1324" branches-covered="295" branch-rate="0.2228" complexity="0">
	<!-- Generated by coverage.py: https://coverage.readthedocs.io/en/7.13.1 -->
	<!-- Based on https://raw.githubusercontent.com/cobertura/web/master/htdocs/xml/coverage-04.dtd -->
	<sources>
		<source>/home/ali/Documents/Codes/xyzgraph_uv/src/xyzgraph</source>
	</sources>
	<packages>
		<package name="." line-rate="0.3141" branch-rate="0.2228" complexity="0">
			<classes>
				<class name="__init__.py" filename="__init__.py" complexity="0" line-rate="1" branch-rate="1">
					<methods/>
					<lines>
						<line number="3" hits="1"/>
						<line number="5" hits="1"/>
						<line number="6" hits="1"/>
						<line number="13" hits="1"/>
						<line number="14" hits="1"/>
						<line number="17" hits="1"/>
						<line number="18" hits="1"/>
						<line number="21" hits="1"/>
						<line number="30" hits="1"/>
						<line number="31" hits="1"/>
						<line number="33" hits="1"/>
					</lines>
				</class>
				<class name="ascii_renderer.py" filename="ascii_renderer.py" complexity="0" line-rate="0.05742" branch-rate="0.009091">
					<methods/>
					<lines>
						<line number="3" hits="1"/>
						<line number="5" hits="1"/>
						<line number="6" hits="1"/>
						<line number="8" hits="1"/>
						<line number="12" hits="1"/>
						<line number="19" hits="0" branch="true" condition-coverage="0% (0/2)" missing-branches="20,21"/>
						<line number="20" hits="0"/>
						<line number="21" hits="0" branch="true" condition-coverage="0% (0/2)" missing-branches="22,25"/>
						<line number="22" hits="0"/>
						<line number="25" hits="0" branch="true" condition-coverage="0% (0/2)" missing-branches="26,29"/>
						<line number="26" hits="0"/>
						<line number="29" hits="0" branch="true" condition-coverage="0% (0/2)" missing-branches="30,53"/>
						<line number="30" hits="0" branch="true" condition-coverage="0% (0/2)" missing-branches="31,32"/>
						<line number="31" hits="0"/>
						<line number="32" hits="0" branch="true" condition-coverage="0% (0/2)" missing-branches="33,35"/>
						<line number="33" hits="0"/>
						<line number="35" hits="0" branch="true" condition-coverage="0% (0/2)" missing-branches="36,38"/>
						<line number="36" hits="0"/>
						<line number="38" hits="0"/>
						<line number="53" hits="0" branch="true" condition-coverage="0% (0/2)" missing-branches="54,55"/>
						<line number="54" hits="0"/>
						<line number="55" hits="0" branch="true" condition-coverage="0% (0/2)" missing-branches="56,57"/>
						<line number="56" hits="0"/>
						<line number="57" hits="0" branch="true" condition-coverage="0% (0/2)" missing-branches="58,60"/>
						<line number="58" hits="0"/>
						<line number="60" hits="0"/>
						<line number="69" hits="1"/>
						<line number="75" hits="1" branch="true" condition-coverage="50% (1/2)" missing-branches="exit"/>
						<line number="77" hits="1"/>
						<line number="83" hits="0"/>
						<line number="84" hits="0"/>
						<line number="85" hits="0" branch="true" condition-coverage="0% (0/2)" missing-branches="86,88"/>
						<line number="86" hits="0"/>
						<line number="87" hits="0"/>
						<line number="88" hits="0" branch="true" condition-coverage="0% (0/2)" missing-branches="89,100"/>
						<line number="89" hits="0" branch="true" condition-coverage="0% (0/2)" missing-branches="88,90"/>
						<line number="90" hits="0"/>
						<line number="91" hits="0" branch="true" condition-coverage="0% (0/2)" missing-branches="92,93"/>
						<line number="92" hits="0"/>
						<line number="93" hits="0" branch="true" condition-coverage="0% (0/2)" missing-branches="94,95"/>
						<line number="94" hits="0"/>
						<line number="95" hits="0" branch="true" condition-coverage="0% (0/2)" missing-branches="96,98"/>
						<line number="96" hits="0"/>
						<line number="98" hits="0"/>
						<line number="99" hits="0"/>
						<line number="100" hits="0" branch="true" condition-coverage="0% (0/2)" missing-branches="101,107"/>
						<line number="101" hits="0"/>
						<line number="102" hits="0" branch="true" condition-coverage="0% (0/2)" missing-branches="103,105"/>
						<line number="103" hits="0"/>
						<line number="104" hits="0"/>
						<line number="105" hits="0"/>
						<line number="107" hits="0"/>
						<line number="109" hits="0"/>
						<line number="110" hits="0"/>
						<line number="111" hits="0"/>
						<line number="112" hits="0"/>
						<line number="113" hits="0"/>
						<line number="114" hits="0"/>
						<line number="116" hits="1"/>
						<line number="126" hits="0" branch="true" condition-coverage="0% (0/2)" missing-branches="127,128"/>
						<line number="127" hits="0"/>
						<line number="128" hits="0"/>
						<line number="129" hits="0"/>
						<line number="130" hits="0"/>
						<line number="131" hits="0"/>
						<line number="133" hits="0"/>
						<line number="134" hits="0" branch="true" condition-coverage="0% (0/2)" missing-branches="135,145"/>
						<line number="135" hits="0" branch="true" condition-coverage="0% (0/2)" missing-branches="136,138"/>
						<line number="136" hits="0"/>
						<line number="137" hits="0"/>
						<line number="138" hits="0" branch="true" condition-coverage="0% (0/2)" missing-branches="139,142"/>
						<line number="139" hits="0"/>
						<line number="140" hits="0"/>
						<line number="142" hits="0"/>
						<line number="143" hits="0"/>
						<line number="145" hits="0"/>
						<line number="147" hits="0"/>
						<line number="148" hits="0"/>
						<line number="150" hits="0"/>
						<line number="151" hits="0"/>
						<line number="152" hits="0"/>
						<line number="153" hits="0"/>
						<line number="154" hits="0"/>
						<line number="156" hits="0"/>
						<line number="157" hits="0" branch="true" condition-coverage="0% (0/2)" missing-branches="158,161"/>
						<line number="158" hits="0"/>
						<line number="159" hits="0"/>
						<line number="160" hits="0"/>
						<line number="161" hits="0"/>
						<line number="162" hits="0"/>
						<line number="163" hits="0"/>
						<line number="164" hits="0"/>
						<line number="166" hits="0"/>
						<line number="167" hits="0"/>
						<line number="168" hits="0"/>
						<line number="169" hits="0" branch="true" condition-coverage="0% (0/2)" missing-branches="170,171"/>
						<line number="170" hits="0"/>
						<line number="171" hits="0" branch="true" condition-coverage="0% (0/2)" missing-branches="172,173"/>
						<line number="172" hits="0"/>
						<line number="173" hits="0"/>
						<line number="175" hits="0"/>
						<line number="176" hits="0"/>
						<line number="177" hits="0"/>
						<line number="178" hits="0" branch="true" condition-coverage="0% (0/2)" missing-branches="exit,179"/>
						<line number="179" hits="0"/>
						<line number="180" hits="0"/>
						<line number="181" hits="0" branch="true" condition-coverage="0% (0/2)" missing-branches="178,182"/>
						<line number="182" hits="0" branch="true" condition-coverage="0% (0/2)" missing-branches="178,183"/>
						<line number="183" hits="0"/>
						<line number="185" hits="0"/>
						<line number="186" hits="0"/>
						<line number="189" hits="0"/>
						<line number="191" hits="0"/>
						<line number="192" hits="0"/>
						<line number="195" hits="0"/>
						<line number="196" hits="0" branch="true" condition-coverage="0% (0/2)" missing-branches="198,201"/>
						<line number="198" hits="0"/>
						<line number="201" hits="0"/>
						<line number="204" hits="0" branch="true" condition-coverage="0% (0/2)" missing-branches="exit,205"/>
						<line number="205" hits="0"/>
						<line number="206" hits="0"/>
						<line number="207" hits="0" branch="true" condition-coverage="0% (0/2)" missing-branches="204,208"/>
						<line number="208" hits="0"/>
						<line number="209" hits="0" branch="true" condition-coverage="0% (0/2)" missing-branches="207,210"/>
						<line number="210" hits="0" branch="true" condition-coverage="0% (0/2)" missing-branches="207,211"/>
						<line number="211" hits="0"/>
						<line number="213" hits="0"/>
						<line number="216" hits="0" branch="true" condition-coverage="0% (0/2)" missing-branches="217,249"/>
						<line number="217" hits="0"/>
						<line number="218" hits="0"/>
						<line number="219" hits="0"/>
						<line number="220" hits="0"/>
						<line number="221" hits="0"/>
						<line number="222" hits="0"/>
						<line number="223" hits="0"/>
						<line number="224" hits="0"/>
						<line number="225" hits="0"/>
						<line number="226" hits="0"/>
						<line number="229" hits="0"/>
						<line number="232" hits="0" branch="true" condition-coverage="0% (0/2)" missing-branches="216,233"/>
						<line number="233" hits="0" branch="true" condition-coverage="0% (0/2)" missing-branches="235,236"/>
						<line number="235" hits="0"/>
						<line number="236" hits="0" branch="true" condition-coverage="0% (0/2)" missing-branches="238,241"/>
						<line number="238" hits="0"/>
						<line number="241" hits="0" branch="true" condition-coverage="0% (0/2)" missing-branches="242,244"/>
						<line number="242" hits="0"/>
						<line number="244" hits="0"/>
						<line number="249" hits="0" branch="true" condition-coverage="0% (0/2)" missing-branches="250,272"/>
						<line number="250" hits="0"/>
						<line number="251" hits="0" branch="true" condition-coverage="0% (0/2)" missing-branches="249,252"/>
						<line number="252" hits="0"/>
						<line number="253" hits="0"/>
						<line number="254" hits="0" branch="true" condition-coverage="0% (0/2)" missing-branches="249,255"/>
						<line number="255" hits="0"/>
						<line number="256" hits="0" branch="true" condition-coverage="0% (0/2)" missing-branches="249,258"/>
						<line number="258" hits="0" branch="true" condition-coverage="0% (0/2)" missing-branches="249,270"/>
						<line number="270" hits="0"/>
						<line number="272" hits="0"/>
						<line number="273" hits="0" branch="true" condition-coverage="0% (0/2)" missing-branches="274,275"/>
						<line number="274" hits="0"/>
						<line number="275" hits="0" branch="true" condition-coverage="0% (0/2)" missing-branches="276,277"/>
						<line number="276" hits="0"/>
						<line number="277" hits="0"/>
						<line number="279" hits="1"/>
						<line number="289" hits="0" branch="true" condition-coverage="0% (0/2)" missing-branches="290,293"/>
						<line number="290" hits="0"/>
						<line number="293" hits="0"/>
						<line number="294" hits="0"/>
						<line number="302" hits="0" branch="true" condition-coverage="0% (0/2)" missing-branches="303,304"/>
						<line number="303" hits="0"/>
						<line number="304" hits="0"/>
						<line number="305" hits="0"/>
						<line number="306" hits="0"/>
						<line number="307" hits="0"/>
						<line number="308" hits="0"/>
						<line number="309" hits="0"/>
						<line number="310" hits="0"/>
						<line number="311" hits="0"/>
						<line number="312" hits="0"/>
						<line number="313" hits="0" branch="true" condition-coverage="0% (0/2)" missing-branches="314,320"/>
						<line number="314" hits="0" branch="true" condition-coverage="0% (0/2)" missing-branches="313,315"/>
						<line number="315" hits="0"/>
						<line number="316" hits="0"/>
						<line number="317" hits="0"/>
						<line number="318" hits="0"/>
						<line number="319" hits="0"/>
						<line number="320" hits="0"/>
						<line number="321" hits="0"/>
						<line number="324" hits="1"/>
						<line number="345" hits="0"/>
						<line number="346" hits="0"/>
						<line number="347" hits="0"/>
						<line number="348" hits="0" branch="true" condition-coverage="0% (0/2)" missing-branches="349,357"/>
						<line number="349" hits="0"/>
						<line number="356" hits="0"/>
						<line number="357" hits="0" branch="true" condition-coverage="0% (0/2)" missing-branches="358,359"/>
						<line number="358" hits="0"/>
						<line number="359" hits="0"/>
						<line number="360" hits="0" branch="true" condition-coverage="0% (0/2)" missing-branches="361,369"/>
						<line number="361" hits="0"/>
						<line number="362" hits="0" branch="true" condition-coverage="0% (0/2)" missing-branches="363,365"/>
						<line number="363" hits="0"/>
						<line number="365" hits="0"/>
						<line number="366" hits="0" branch="true" condition-coverage="0% (0/2)" missing-branches="367,369"/>
						<line number="367" hits="0"/>
						<line number="368" hits="0"/>
						<line number="369" hits="0"/>
						<line number="377" hits="0"/>
						<line number="380" hits="1"/>
					</lines>
				</class>
				<class name="cli.py" filename="cli.py" complexity="0" line-rate="0" branch-rate="0">
					<methods/>
					<lines>
						<line number="3" hits="0"/>
						<line number="5" hits="0"/>
						<line number="17" hits="0"/>
						<line number="18" hits="0"/>
						<line number="19" hits="0"/>
						<line number="22" hits="0"/>
						<line number="24" hits="0"/>
						<line number="25" hits="0"/>
						<line number="27" hits="0"/>
						<line number="28" hits="0"/>
						<line number="29" hits="0"/>
						<line number="30" hits="0"/>
						<line number="31" hits="0"/>
						<line number="32" hits="0"/>
						<line number="33" hits="0"/>
						<line number="35" hits="0"/>
						<line number="41" hits="0"/>
						<line number="43" hits="0"/>
						<line number="44" hits="0" branch="true" condition-coverage="0% (0/2)" missing-branches="45,46"/>
						<line number="45" hits="0"/>
						<line number="46" hits="0"/>
						<line number="48" hits="0" branch="true" condition-coverage="0% (0/2)" missing-branches="49,58"/>
						<line number="49" hits="0"/>
						<line number="50" hits="0"/>
						<line number="56" hits="0"/>
						<line number="58" hits="0"/>
						<line number="59" hits="0"/>
						<line number="60" hits="0"/>
						<line number="63" hits="0"/>
						<line number="65" hits="0" branch="true" condition-coverage="0% (0/2)" missing-branches="66,73"/>
						<line number="66" hits="0" branch="true" condition-coverage="0% (0/2)" missing-branches="67,70"/>
						<line number="67" hits="0"/>
						<line number="68" hits="0"/>
						<line number="69" hits="0"/>
						<line number="70" hits="0"/>
						<line number="73" hits="0"/>
						<line number="74" hits="0"/>
						<line number="76" hits="0" branch="true" condition-coverage="0% (0/2)" missing-branches="77,87"/>
						<line number="77" hits="0"/>
						<line number="78" hits="0"/>
						<line number="79" hits="0"/>
						<line number="85" hits="0"/>
						<line number="87" hits="0"/>
						<line number="90" hits="0"/>
						<line number="92" hits="0"/>
						<line number="93" hits="0"/>
						<line number="94" hits="0"/>
						<line number="96" hits="0"/>
						<line number="97" hits="0"/>
						<line number="99" hits="0"/>
						<line number="100" hits="0"/>
						<line number="101" hits="0"/>
						<line number="103" hits="0"/>
						<line number="104" hits="0"/>
						<line number="105" hits="0"/>
						<line number="106" hits="0"/>
						<line number="107" hits="0"/>
						<line number="109" hits="0" branch="true" condition-coverage="0% (0/2)" missing-branches="110,116"/>
						<line number="110" hits="0"/>
						<line number="111" hits="0" branch="true" condition-coverage="0% (0/2)" missing-branches="112,116"/>
						<line number="112" hits="0"/>
						<line number="113" hits="0"/>
						<line number="114" hits="0"/>
						<line number="116" hits="0" branch="true" condition-coverage="0% (0/2)" missing-branches="exit,117"/>
						<line number="117" hits="0"/>
						<line number="118" hits="0" branch="true" condition-coverage="0% (0/2)" missing-branches="exit,119"/>
						<line number="119" hits="0"/>
						<line number="120" hits="0"/>
						<line number="121" hits="0"/>
						<line number="124" hits="0"/>
						<line number="126" hits="0"/>
						<line number="127" hits="0"/>
						<line number="130" hits="0"/>
						<line number="131" hits="0"/>
						<line number="134" hits="0"/>
						<line number="140" hits="0"/>
						<line number="147" hits="0"/>
						<line number="153" hits="0"/>
						<line number="160" hits="0"/>
						<line number="166" hits="0"/>
						<line number="172" hits="0"/>
						<line number="179" hits="0"/>
						<line number="186" hits="0"/>
						<line number="187" hits="0"/>
						<line number="190" hits="0"/>
						<line number="197" hits="0"/>
						<line number="204" hits="0"/>
						<line number="211" hits="0"/>
						<line number="217" hits="0"/>
						<line number="225" hits="0"/>
						<line number="226" hits="0"/>
						<line number="227" hits="0"/>
						<line number="234" hits="0"/>
						<line number="240" hits="0"/>
						<line number="247" hits="0"/>
						<line number="248" hits="0"/>
						<line number="254" hits="0"/>
						<line number="255" hits="0"/>
						<line number="263" hits="0"/>
						<line number="270" hits="0"/>
						<line number="276" hits="0"/>
						<line number="282" hits="0"/>
						<line number="288" hits="0"/>
						<line number="294" hits="0"/>
						<line number="303" hits="0"/>
						<line number="309" hits="0"/>
						<line number="315" hits="0"/>
						<line number="321" hits="0"/>
						<line number="331" hits="0"/>
						<line number="334" hits="0" branch="true" condition-coverage="0% (0/2)" missing-branches="335,337"/>
						<line number="335" hits="0"/>
						<line number="336" hits="0"/>
						<line number="337" hits="0" branch="true" condition-coverage="0% (0/2)" missing-branches="338,342"/>
						<line number="338" hits="0"/>
						<line number="339" hits="0"/>
						<line number="342" hits="0" branch="true" condition-coverage="0% (0/2)" missing-branches="343,346"/>
						<line number="343" hits="0"/>
						<line number="346" hits="0"/>
						<line number="347" hits="0"/>
						<line number="350" hits="0"/>
						<line number="351" hits="0" branch="true" condition-coverage="0% (0/2)" missing-branches="352,359"/>
						<line number="352" hits="0"/>
						<line number="353" hits="0"/>
						<line number="354" hits="0"/>
						<line number="355" hits="0"/>
						<line number="356" hits="0"/>
						<line number="359" hits="0"/>
						<line number="362" hits="0" branch="true" condition-coverage="0% (0/2)" missing-branches="363,374"/>
						<line number="363" hits="0"/>
						<line number="364" hits="0"/>
						<line number="365" hits="0"/>
						<line number="366" hits="0"/>
						<line number="367" hits="0"/>
						<line number="369" hits="0"/>
						<line number="370" hits="0"/>
						<line number="371" hits="0"/>
						<line number="374" hits="0"/>
						<line number="400" hits="0"/>
						<line number="402" hits="0"/>
						<line number="404" hits="0" branch="true" condition-coverage="0% (0/2)" missing-branches="405,410"/>
						<line number="405" hits="0"/>
						<line number="406" hits="0"/>
						<line number="407" hits="0"/>
						<line number="410" hits="0"/>
						<line number="411" hits="0"/>
						<line number="412" hits="0"/>
						<line number="415" hits="0" branch="true" condition-coverage="0% (0/2)" missing-branches="exit,416"/>
						<line number="416" hits="0" branch="true" condition-coverage="0% (0/2)" missing-branches="417,422"/>
						<line number="417" hits="0"/>
						<line number="418" hits="0"/>
						<line number="419" hits="0"/>
						<line number="422" hits="0"/>
						<line number="423" hits="0"/>
						<line number="424" hits="0"/>
						<line number="451" hits="0"/>
						<line number="454" hits="0"/>
						<line number="455" hits="0"/>
						<line number="456" hits="0"/>
						<line number="458" hits="0" branch="true" condition-coverage="0% (0/2)" missing-branches="459,465"/>
						<line number="459" hits="0"/>
						<line number="460" hits="0"/>
						<line number="461" hits="0"/>
						<line number="462" hits="0"/>
						<line number="463" hits="0"/>
						<line number="465" hits="0" branch="true" condition-coverage="0% (0/2)" missing-branches="466,472"/>
						<line number="466" hits="0"/>
						<line number="467" hits="0"/>
						<line number="468" hits="0"/>
						<line number="469" hits="0"/>
						<line number="470" hits="0"/>
						<line number="472" hits="0" branch="true" condition-coverage="0% (0/2)" missing-branches="473,480"/>
						<line number="473" hits="0"/>
						<line number="474" hits="0"/>
						<line number="475" hits="0"/>
						<line number="476" hits="0"/>
						<line number="477" hits="0"/>
						<line number="480" hits="0"/>
						<line number="483" hits="0" branch="true" condition-coverage="0% (0/2)" missing-branches="484,510"/>
						<line number="484" hits="0"/>
						<line number="486" hits="0" branch="true" condition-coverage="0% (0/2)" missing-branches="487,492"/>
						<line number="487" hits="0"/>
						<line number="488" hits="0"/>
						<line number="489" hits="0"/>
						<line number="490" hits="0"/>
						<line number="492" hits="0" branch="true" condition-coverage="0% (0/2)" missing-branches="493,510"/>
						<line number="493" hits="0"/>
						<line number="494" hits="0"/>
						<line number="500" hits="0"/>
						<line number="507" hits="0"/>
						<line number="510" hits="0" branch="true" condition-coverage="0% (0/2)" missing-branches="511,523"/>
						<line number="511" hits="0"/>
						<line number="523" hits="0" branch="true" condition-coverage="0% (0/2)" missing-branches="415,524"/>
						<line number="524" hits="0"/>
						<line number="526" hits="0" branch="true" condition-coverage="0% (0/2)" missing-branches="527,532"/>
						<line number="527" hits="0"/>
						<line number="528" hits="0"/>
						<line number="529" hits="0"/>
						<line number="530" hits="0"/>
						<line number="532" hits="0" branch="true" condition-coverage="0% (0/2)" missing-branches="415,533"/>
						<line number="533" hits="0"/>
						<line number="534" hits="0"/>
						<line number="540" hits="0"/>
						<line number="547" hits="0"/>
						<line number="550" hits="0" branch="true" condition-coverage="0% (0/2)" missing-branches="exit,551"/>
						<line number="551" hits="0"/>
					</lines>
				</class>
				<class name="compare.py" filename="compare.py" complexity="0" line-rate="0.1045" branch-rate="0">
					<methods/>
					<lines>
						<line number="3" hits="1"/>
						<line number="5" hits="1"/>
						<line number="6" hits="1"/>
						<line number="8" hits="1"/>
						<line number="9" hits="1"/>
						<line number="12" hits="1"/>
						<line number="14" hits="0" branch="true" condition-coverage="0% (0/2)" missing-branches="15,16"/>
						<line number="15" hits="0"/>
						<line number="16" hits="0"/>
						<line number="17" hits="0" branch="true" condition-coverage="0% (0/2)" missing-branches="18,19"/>
						<line number="18" hits="0"/>
						<line number="19" hits="0" branch="true" condition-coverage="0% (0/2)" missing-branches="20,21"/>
						<line number="20" hits="0"/>
						<line number="21" hits="0" branch="true" condition-coverage="0% (0/2)" missing-branches="22,23"/>
						<line number="22" hits="0"/>
						<line number="23" hits="0"/>
						<line number="26" hits="1"/>
						<line number="65" hits="0" branch="true" condition-coverage="0% (0/2)" missing-branches="66,77"/>
						<line number="66" hits="0"/>
						<line number="68" hits="0"/>
						<line number="71" hits="0"/>
						<line number="72" hits="0"/>
						<line number="73" hits="0"/>
						<line number="74" hits="0"/>
						<line number="75" hits="0"/>
						<line number="77" hits="0"/>
						<line number="78" hits="0"/>
						<line number="79" hits="0"/>
						<line number="80" hits="0"/>
						<line number="82" hits="0"/>
						<line number="83" hits="0"/>
						<line number="88" hits="0" branch="true" condition-coverage="0% (0/2)" missing-branches="89,106"/>
						<line number="89" hits="0"/>
						<line number="95" hits="0"/>
						<line number="101" hits="0"/>
						<line number="102" hits="0"/>
						<line number="103" hits="0"/>
						<line number="106" hits="0"/>
						<line number="107" hits="0" branch="true" condition-coverage="0% (0/2)" missing-branches="108,110"/>
						<line number="108" hits="0"/>
						<line number="110" hits="0"/>
						<line number="111" hits="0" branch="true" condition-coverage="0% (0/2)" missing-branches="112,114"/>
						<line number="112" hits="0"/>
						<line number="114" hits="0"/>
						<line number="115" hits="0"/>
						<line number="116" hits="0"/>
						<line number="118" hits="0"/>
						<line number="119" hits="0" branch="true" condition-coverage="0% (0/2)" missing-branches="120,125"/>
						<line number="120" hits="0"/>
						<line number="121" hits="0"/>
						<line number="122" hits="0" branch="true" condition-coverage="0% (0/2)" missing-branches="119,123"/>
						<line number="123" hits="0"/>
						<line number="125" hits="0"/>
						<line number="130" hits="0" branch="true" condition-coverage="0% (0/2)" missing-branches="131,132"/>
						<line number="131" hits="0"/>
						<line number="132" hits="0" branch="true" condition-coverage="0% (0/2)" missing-branches="133,134"/>
						<line number="133" hits="0"/>
						<line number="134" hits="0" branch="true" condition-coverage="0% (0/2)" missing-branches="135,144"/>
						<line number="135" hits="0"/>
						<line number="136" hits="0" branch="true" condition-coverage="0% (0/2)" missing-branches="137,140"/>
						<line number="137" hits="0"/>
						<line number="138" hits="0"/>
						<line number="140" hits="0" branch="true" condition-coverage="0% (0/2)" missing-branches="141,144"/>
						<line number="141" hits="0"/>
						<line number="144" hits="0" branch="true" condition-coverage="0% (0/2)" missing-branches="145,147"/>
						<line number="145" hits="0"/>
						<line number="147" hits="0"/>
					</lines>
				</class>
				<class name="config.py" filename="config.py" complexity="0" line-rate="1" branch-rate="1">
					<methods/>
					<lines>
						<line number="3" hits="1"/>
						<line number="6" hits="1"/>
						<line number="9" hits="1"/>
						<line number="10" hits="1"/>
						<line number="11" hits="1"/>
						<line number="12" hits="1"/>
						<line number="13" hits="1"/>
						<line number="14" hits="1"/>
						<line number="15" hits="1"/>
						<line number="16" hits="1"/>
						<line number="17" hits="1"/>
						<line number="18" hits="1"/>
						<line number="19" hits="1"/>
						<line number="20" hits="1"/>
						<line number="21" hits="1"/>
						<line number="22" hits="1"/>
						<line number="23" hits="1"/>
						<line number="24" hits="1"/>
						<line number="25" hits="1"/>
						<line number="26" hits="1"/>
						<line number="27" hits="1"/>
						<line number="28" hits="1"/>
						<line number="29" hits="1"/>
						<line number="30" hits="1"/>
						<line number="31" hits="1"/>
						<line number="32" hits="1"/>
						<line number="35" hits="1"/>
					</lines>
				</class>
				<class name="data_loader.py" filename="data_loader.py" complexity="0" line-rate="0.8776" branch-rate="0.5">
					<methods/>
					<lines>
						<line number="3" hits="1"/>
						<line number="4" hits="1"/>
						<line number="5" hits="1"/>
						<line number="6" hits="1"/>
						<line number="8" hits="1"/>
						<line number="11" hits="1"/>
						<line number="12" hits="1"/>
						<line number="18" hits="1"/>
						<line number="19" hits="1"/>
						<line number="20" hits="1"/>
						<line number="21" hits="1"/>
						<line number="22" hits="1"/>
						<line number="23" hits="1"/>
						<line number="25" hits="1"/>
						<line number="27" hits="1"/>
						<line number="28" hits="1"/>
						<line number="30" hits="1" branch="true" condition-coverage="50% (1/2)" missing-branches="32"/>
						<line number="31" hits="1"/>
						<line number="32" hits="1"/>
						<line number="34" hits="1"/>
						<line number="35" hits="1"/>
						<line number="37" hits="1"/>
						<line number="40" hits="1"/>
						<line number="41" hits="1"/>
						<line number="42" hits="1"/>
						<line number="43" hits="1"/>
						<line number="50" hits="1"/>
						<line number="51" hits="1"/>
						<line number="52" hits="1"/>
						<line number="53" hits="1"/>
						<line number="54" hits="1"/>
						<line number="57" hits="0"/>
						<line number="58" hits="0"/>
						<line number="59" hits="0"/>
						<line number="83" hits="1"/>
						<line number="84" hits="1"/>
						<line number="85" hits="1"/>
						<line number="86" hits="1"/>
						<line number="87" hits="1"/>
						<line number="88" hits="0"/>
						<line number="89" hits="0"/>
						<line number="90" hits="0"/>
						<line number="104" hits="1"/>
						<line number="161" hits="1"/>
						<line number="162" hits="1"/>
						<line number="163" hits="1"/>
						<line number="164" hits="1"/>
						<line number="166" hits="1"/>
						<line number="177" hits="1"/>
					</lines>
				</class>
				<class name="graph_builders.py" filename="graph_builders.py" complexity="0" line-rate="0.3637" branch-rate="0.2775">
					<methods/>
					<lines>
						<line number="3" hits="1"/>
						<line number="4" hits="1"/>
						<line number="6" hits="1"/>
						<line number="7" hits="1"/>
						<line number="8" hits="1"/>
						<line number="10" hits="1"/>
						<line number="11" hits="1"/>
						<line number="12" hits="1"/>
						<line number="15" hits="1"/>
						<line number="22" hits="1"/>
						<line number="51" hits="1"/>
						<line number="53" hits="1" branch="true" condition-coverage="50% (1/2)" missing-branches="54"/>
						<line number="54" hits="0"/>
						<line number="55" hits="1" branch="true" condition-coverage="100% (2/2)"/>
						<line number="56" hits="1"/>
						<line number="57" hits="1" branch="true" condition-coverage="50% (1/2)" missing-branches="58"/>
						<line number="58" hits="0"/>
						<line number="59" hits="1" branch="true" condition-coverage="50% (1/2)" missing-branches="60"/>
						<line number="60" hits="0"/>
						<line number="61" hits="1" branch="true" condition-coverage="50% (1/2)" missing-branches="62"/>
						<line number="62" hits="0"/>
						<line number="63" hits="1" branch="true" condition-coverage="50% (1/2)" missing-branches="64"/>
						<line number="64" hits="0"/>
						<line number="65" hits="1" branch="true" condition-coverage="50% (1/2)" missing-branches="66"/>
						<line number="66" hits="0"/>
						<line number="67" hits="1" branch="true" condition-coverage="50% (1/2)" missing-branches="68"/>
						<line number="68" hits="0"/>
						<line number="69" hits="1" branch="true" condition-coverage="50% (1/2)" missing-branches="70"/>
						<line number="70" hits="0"/>
						<line number="71" hits="1" branch="true" condition-coverage="50% (1/2)" missing-branches="72"/>
						<line number="72" hits="0"/>
						<line number="73" hits="1" branch="true" condition-coverage="50% (1/2)" missing-branches="74"/>
						<line number="74" hits="0"/>
						<line number="75" hits="1" branch="true" condition-coverage="50% (1/2)" missing-branches="76"/>
						<line number="76" hits="0"/>
						<line number="77" hits="1" branch="true" condition-coverage="50% (1/2)" missing-branches="78"/>
						<line number="78" hits="0"/>
						<line number="79" hits="1" branch="true" condition-coverage="50% (1/2)" missing-branches="80"/>
						<line number="80" hits="0"/>
						<line number="81" hits="1" branch="true" condition-coverage="50% (1/2)" missing-branches="82"/>
						<line number="82" hits="0"/>
						<line number="83" hits="1" branch="true" condition-coverage="50% (1/2)" missing-branches="84"/>
						<line number="84" hits="0"/>
						<line number="85" hits="1" branch="true" condition-coverage="50% (1/2)" missing-branches="86"/>
						<line number="86" hits="0"/>
						<line number="87" hits="1" branch="true" condition-coverage="50% (1/2)" missing-branches="88"/>
						<line number="88" hits="0"/>
						<line number="89" hits="1" branch="true" condition-coverage="50% (1/2)" missing-branches="90"/>
						<line number="90" hits="0"/>
						<line number="91" hits="1" branch="true" condition-coverage="50% (1/2)" missing-branches="92"/>
						<line number="92" hits="0"/>
						<line number="93" hits="1" branch="true" condition-coverage="50% (1/2)" missing-branches="94"/>
						<line number="94" hits="0"/>
						<line number="95" hits="1" branch="true" condition-coverage="50% (1/2)" missing-branches="96"/>
						<line number="96" hits="0"/>
						<line number="98" hits="1"/>
						<line number="106" hits="1"/>
						<line number="112" hits="1"/>
						<line number="139" hits="1"/>
						<line number="140" hits="1"/>
						<line number="141" hits="1"/>
						<line number="142" hits="1"/>
						<line number="143" hits="1"/>
						<line number="144" hits="1"/>
						<line number="145" hits="1"/>
						<line number="146" hits="1"/>
						<line number="147" hits="1"/>
						<line number="148" hits="1"/>
						<line number="149" hits="1"/>
						<line number="150" hits="1"/>
						<line number="152" hits="1" branch="true" condition-coverage="50% (1/2)" missing-branches="153"/>
						<line number="153" hits="0"/>
						<line number="156" hits="1" branch="true" condition-coverage="50% (1/2)" missing-branches="160"/>
						<line number="157" hits="1"/>
						<line number="158" hits="1"/>
						<line number="160" hits="0"/>
						<line number="162" hits="1"/>
						<line number="163" hits="1"/>
						<line number="164" hits="1"/>
						<line number="165" hits="1"/>
						<line number="166" hits="1"/>
						<line number="167" hits="1"/>
						<line number="168" hits="1"/>
						<line number="169" hits="1"/>
						<line number="170" hits="1"/>
						<line number="171" hits="1"/>
						<line number="172" hits="1"/>
						<line number="175" hits="1"/>
						<line number="178" hits="1"/>
						<line number="179" hits="1"/>
						<line number="180" hits="1"/>
						<line number="183" hits="1"/>
						<line number="184" hits="1"/>
						<line number="187" hits="1"/>
						<line number="188" hits="1"/>
						<line number="189" hits="1"/>
						<line number="191" hits="1"/>
						<line number="193" hits="1" branch="true" condition-coverage="50% (1/2)" missing-branches="194"/>
						<line number="194" hits="0"/>
						<line number="195" hits="0"/>
						<line number="196" hits="0"/>
						<line number="197" hits="0"/>
						<line number="199" hits="1"/>
						<line number="201" hits="1"/>
						<line number="207" hits="1"/>
						<line number="208" hits="1"/>
						<line number="209" hits="1"/>
						<line number="211" hits="1"/>
						<line number="213" hits="1"/>
						<line number="214" hits="1"/>
						<line number="215" hits="1"/>
						<line number="217" hits="1"/>
						<line number="218" hits="1"/>
						<line number="221" hits="1"/>
						<line number="222" hits="1"/>
						<line number="224" hits="1" branch="true" condition-coverage="50% (1/2)" missing-branches="225"/>
						<line number="225" hits="0"/>
						<line number="227" hits="1"/>
						<line number="228" hits="1"/>
						<line number="231" hits="1"/>
						<line number="232" hits="1"/>
						<line number="234" hits="1"/>
						<line number="236" hits="1"/>
						<line number="238" hits="0"/>
						<line number="239" hits="0"/>
						<line number="241" hits="0" branch="true" condition-coverage="0% (0/2)" missing-branches="242,248"/>
						<line number="242" hits="0"/>
						<line number="243" hits="0"/>
						<line number="244" hits="0"/>
						<line number="245" hits="0"/>
						<line number="246" hits="0"/>
						<line number="248" hits="0"/>
						<line number="250" hits="1"/>
						<line number="278" hits="1" branch="true" condition-coverage="100% (2/2)"/>
						<line number="279" hits="1"/>
						<line number="282" hits="1"/>
						<line number="283" hits="1"/>
						<line number="284" hits="1"/>
						<line number="285" hits="1"/>
						<line number="286" hits="1"/>
						<line number="289" hits="1" branch="true" condition-coverage="50% (1/2)" missing-branches="291"/>
						<line number="291" hits="0"/>
						<line number="292" hits="0" branch="true" condition-coverage="0% (0/2)" missing-branches="293,295"/>
						<line number="293" hits="0"/>
						<line number="294" hits="0"/>
						<line number="295" hits="0" branch="true" condition-coverage="0% (0/2)" missing-branches="296,299"/>
						<line number="296" hits="0"/>
						<line number="297" hits="0"/>
						<line number="299" hits="0" branch="true" condition-coverage="0% (0/2)" missing-branches="301,321"/>
						<line number="301" hits="0" branch="true" condition-coverage="0% (0/2)" missing-branches="302,321"/>
						<line number="302" hits="0"/>
						<line number="303" hits="0" branch="true" condition-coverage="0% (0/2)" missing-branches="304,307"/>
						<line number="304" hits="0"/>
						<line number="307" hits="0" branch="true" condition-coverage="0% (0/2)" missing-branches="301,308"/>
						<line number="308" hits="0" branch="true" condition-coverage="0% (0/2)" missing-branches="307,310"/>
						<line number="310" hits="0" branch="true" condition-coverage="0% (0/2)" missing-branches="311,317"/>
						<line number="311" hits="0"/>
						<line number="316" hits="0"/>
						<line number="317" hits="0"/>
						<line number="321" hits="1" branch="true" condition-coverage="50% (1/2)" missing-branches="323"/>
						<line number="323" hits="0"/>
						<line number="324" hits="0"/>
						<line number="325" hits="0"/>
						<line number="326" hits="0"/>
						<line number="327" hits="0"/>
						<line number="328" hits="0"/>
						<line number="329" hits="0"/>
						<line number="330" hits="0"/>
						<line number="331" hits="0"/>
						<line number="334" hits="1"/>
						<line number="335" hits="1"/>
						<line number="336" hits="1"/>
						<line number="337" hits="1"/>
						<line number="338" hits="1"/>
						<line number="339" hits="1"/>
						<line number="340" hits="1"/>
						<line number="341" hits="1"/>
						<line number="342" hits="1"/>
						<line number="344" hits="1" branch="true" condition-coverage="50% (1/2)" missing-branches="389"/>
						<line number="346" hits="1"/>
						<line number="347" hits="1"/>
						<line number="351" hits="1"/>
						<line number="353" hits="1" branch="true" condition-coverage="50% (1/2)" missing-branches="355"/>
						<line number="355" hits="0" branch="true" condition-coverage="0% (0/2)" missing-branches="356,389"/>
						<line number="356" hits="0"/>
						<line number="359" hits="0" branch="true" condition-coverage="0% (0/2)" missing-branches="360,363"/>
						<line number="360" hits="0"/>
						<line number="363" hits="0"/>
						<line number="368" hits="0"/>
						<line number="371" hits="0" branch="true" condition-coverage="0% (0/2)" missing-branches="355,373"/>
						<line number="373" hits="0"/>
						<line number="380" hits="0" branch="true" condition-coverage="0% (0/2)" missing-branches="355,381"/>
						<line number="381" hits="0"/>
						<line number="386" hits="0"/>
						<line number="389" hits="1" branch="true" condition-coverage="100% (2/2)"/>
						<line number="390" hits="1"/>
						<line number="393" hits="1"/>
						<line number="395" hits="1" branch="true" condition-coverage="50% (1/2)" missing-branches="396"/>
						<line number="396" hits="0"/>
						<line number="401" hits="0"/>
						<line number="404" hits="1" branch="true" condition-coverage="50% (1/2)" missing-branches="406"/>
						<line number="406" hits="0" branch="true" condition-coverage="0% (0/2)" missing-branches="407,415"/>
						<line number="407" hits="0"/>
						<line number="412" hits="0"/>
						<line number="415" hits="0" branch="true" condition-coverage="0% (0/2)" missing-branches="389,417"/>
						<line number="417" hits="0"/>
						<line number="418" hits="0"/>
						<line number="419" hits="0"/>
						<line number="421" hits="0"/>
						<line number="422" hits="0"/>
						<line number="425" hits="0"/>
						<line number="426" hits="0"/>
						<line number="429" hits="0"/>
						<line number="432" hits="0" branch="true" condition-coverage="0% (0/2)" missing-branches="433,440"/>
						<line number="433" hits="0"/>
						<line number="438" hits="0"/>
						<line number="440" hits="0" branch="true" condition-coverage="0% (0/2)" missing-branches="441,449"/>
						<line number="441" hits="0"/>
						<line number="446" hits="0"/>
						<line number="449" hits="0"/>
						<line number="452" hits="1" branch="true" condition-coverage="100% (2/2)"/>
						<line number="453" hits="1"/>
						<line number="456" hits="1"/>
						<line number="458" hits="1" branch="true" condition-coverage="50% (1/2)" missing-branches="459"/>
						<line number="459" hits="0"/>
						<line number="464" hits="0"/>
						<line number="467" hits="1" branch="true" condition-coverage="50% (1/2)" missing-branches="469"/>
						<line number="469" hits="0" branch="true" condition-coverage="0% (0/2)" missing-branches="470,478"/>
						<line number="470" hits="0"/>
						<line number="475" hits="0"/>
						<line number="478" hits="0" branch="true" condition-coverage="0% (0/2)" missing-branches="452,479"/>
						<line number="479" hits="0"/>
						<line number="480" hits="0"/>
						<line number="481" hits="0"/>
						<line number="483" hits="0"/>
						<line number="484" hits="0"/>
						<line number="486" hits="0"/>
						<line number="487" hits="0"/>
						<line number="489" hits="0"/>
						<line number="491" hits="0" branch="true" condition-coverage="0% (0/2)" missing-branches="492,498"/>
						<line number="492" hits="0"/>
						<line number="497" hits="0"/>
						<line number="498" hits="0" branch="true" condition-coverage="0% (0/2)" missing-branches="499,506"/>
						<line number="499" hits="0"/>
						<line number="504" hits="0"/>
						<line number="506" hits="0"/>
						<line number="509" hits="1"/>
						<line number="510" hits="1" branch="true" condition-coverage="50% (1/2)" missing-branches="511"/>
						<line number="511" hits="0"/>
						<line number="513" hits="0" branch="true" condition-coverage="0% (0/2)" missing-branches="510,515"/>
						<line number="515" hits="0"/>
						<line number="516" hits="0" branch="true" condition-coverage="0% (0/2)" missing-branches="517,527"/>
						<line number="517" hits="0"/>
						<line number="518" hits="0"/>
						<line number="519" hits="0" branch="true" condition-coverage="0% (0/2)" missing-branches="520,527"/>
						<line number="520" hits="0"/>
						<line number="524" hits="0"/>
						<line number="527" hits="0" branch="true" condition-coverage="0% (0/2)" missing-branches="528,534"/>
						<line number="528" hits="0"/>
						<line number="532" hits="0"/>
						<line number="534" hits="0" branch="true" condition-coverage="0% (0/2)" missing-branches="535,540"/>
						<line number="535" hits="0"/>
						<line number="539" hits="0"/>
						<line number="540" hits="0" branch="true" condition-coverage="0% (0/2)" missing-branches="510,541"/>
						<line number="541" hits="0"/>
						<line number="545" hits="0"/>
						<line number="549" hits="1"/>
						<line number="551" hits="1" branch="true" condition-coverage="50% (1/2)" missing-branches="553"/>
						<line number="553" hits="0" branch="true" condition-coverage="0% (0/2)" missing-branches="555,843"/>
						<line number="555" hits="0"/>
						<line number="556" hits="0"/>
						<line number="557" hits="0" branch="true" condition-coverage="0% (0/2)" missing-branches="558,569"/>
						<line number="558" hits="0"/>
						<line number="559" hits="0"/>
						<line number="560" hits="0" branch="true" condition-coverage="0% (0/2)" missing-branches="561,569"/>
						<line number="561" hits="0"/>
						<line number="566" hits="0"/>
						<line number="569" hits="0"/>
						<line number="570" hits="0" branch="true" condition-coverage="0% (0/2)" missing-branches="571,580"/>
						<line number="571" hits="0" branch="true" condition-coverage="0% (0/2)" missing-branches="572,580"/>
						<line number="572" hits="0"/>
						<line number="576" hits="0"/>
						<line number="580" hits="0"/>
						<line number="582" hits="0" branch="true" condition-coverage="0% (0/2)" missing-branches="584,609"/>
						<line number="584" hits="0"/>
						<line number="587" hits="0" branch="true" condition-coverage="0% (0/2)" missing-branches="588,609"/>
						<line number="588" hits="0" branch="true" condition-coverage="0% (0/2)" missing-branches="587,590"/>
						<line number="590" hits="0" branch="true" condition-coverage="0% (0/2)" missing-branches="591,599"/>
						<line number="591" hits="0" branch="true" condition-coverage="0% (0/2)" missing-branches="587,592"/>
						<line number="592" hits="0"/>
						<line number="598" hits="0"/>
						<line number="599" hits="0" branch="true" condition-coverage="0% (0/2)" missing-branches="587,600"/>
						<line number="600" hits="0"/>
						<line number="606" hits="0"/>
						<line number="609" hits="0"/>
						<line number="610" hits="0"/>
						<line number="611" hits="0"/>
						<line number="612" hits="0"/>
						<line number="614" hits="0"/>
						<line number="615" hits="0"/>
						<line number="618" hits="0" branch="true" condition-coverage="0% (0/2)" missing-branches="620,622"/>
						<line number="620" hits="0"/>
						<line number="621" hits="0"/>
						<line number="622" hits="0" branch="true" condition-coverage="0% (0/2)" missing-branches="624,628"/>
						<line number="624" hits="0"/>
						<line number="625" hits="0"/>
						<line number="628" hits="0"/>
						<line number="633" hits="0"/>
						<line number="634" hits="0"/>
						<line number="635" hits="0"/>
						<line number="637" hits="0" branch="true" condition-coverage="0% (0/2)" missing-branches="638,646"/>
						<line number="638" hits="0"/>
						<line number="643" hits="0"/>
						<line number="646" hits="0"/>
						<line number="647" hits="0"/>
						<line number="648" hits="0"/>
						<line number="651" hits="0"/>
						<line number="652" hits="0"/>
						<line number="653" hits="0"/>
						<line number="656" hits="0"/>
						<line number="657" hits="0"/>
						<line number="660" hits="0" branch="true" condition-coverage="0% (0/2)" missing-branches="663,774"/>
						<line number="663" hits="0"/>
						<line number="664" hits="0"/>
						<line number="671" hits="0"/>
						<line number="676" hits="0" branch="true" condition-coverage="0% (0/2)" missing-branches="677,774"/>
						<line number="677" hits="0" branch="true" condition-coverage="0% (0/2)" missing-branches="678,687"/>
						<line number="678" hits="0"/>
						<line number="683" hits="0"/>
						<line number="687" hits="0"/>
						<line number="688" hits="0" branch="true" condition-coverage="0% (0/2)" missing-branches="689,709"/>
						<line number="689" hits="0"/>
						<line number="693" hits="0" branch="true" condition-coverage="0% (0/2)" missing-branches="694,696"/>
						<line number="694" hits="0"/>
						<line number="696" hits="0" branch="true" condition-coverage="0% (0/2)" missing-branches="697,699"/>
						<line number="697" hits="0"/>
						<line number="699" hits="0"/>
						<line number="704" hits="0"/>
						<line number="706" hits="0" branch="true" condition-coverage="0% (0/2)" missing-branches="688,707"/>
						<line number="707" hits="0"/>
						<line number="709" hits="0" branch="true" condition-coverage="0% (0/2)" missing-branches="711,718"/>
						<line number="711" hits="0"/>
						<line number="717" hits="0"/>
						<line number="718" hits="0" branch="true" condition-coverage="0% (0/2)" missing-branches="720,727"/>
						<line number="720" hits="0"/>
						<line number="725" hits="0"/>
						<line number="727" hits="0" branch="true" condition-coverage="0% (0/2)" missing-branches="728,766"/>
						<line number="728" hits="0" branch="true" condition-coverage="0% (0/2)" missing-branches="729,732"/>
						<line number="729" hits="0"/>
						<line number="732" hits="0"/>
						<line number="733" hits="0"/>
						<line number="736" hits="0"/>
						<line number="737" hits="0"/>
						<line number="738" hits="0"/>
						<line number="741" hits="0"/>
						<line number="742" hits="0"/>
						<line number="744" hits="0" branch="true" condition-coverage="0% (0/2)" missing-branches="745,748"/>
						<line number="745" hits="0"/>
						<line number="748" hits="0"/>
						<line number="749" hits="0"/>
						<line number="752" hits="0"/>
						<line number="757" hits="0" branch="true" condition-coverage="0% (0/2)" missing-branches="727,758"/>
						<line number="758" hits="0"/>
						<line number="763" hits="0"/>
						<line number="766" hits="0"/>
						<line number="774" hits="0"/>
						<line number="775" hits="0" branch="true" condition-coverage="0% (0/2)" missing-branches="776,798"/>
						<line number="776" hits="0"/>
						<line number="780" hits="0" branch="true" condition-coverage="0% (0/2)" missing-branches="781,784"/>
						<line number="781" hits="0"/>
						<line number="784" hits="0" branch="true" condition-coverage="0% (0/2)" missing-branches="785,787"/>
						<line number="785" hits="0"/>
						<line number="787" hits="0"/>
						<line number="792" hits="0"/>
						<line number="795" hits="0" branch="true" condition-coverage="0% (0/2)" missing-branches="775,796"/>
						<line number="796" hits="0"/>
						<line number="798" hits="0" branch="true" condition-coverage="0% (0/2)" missing-branches="553,800"/>
						<line number="800" hits="0" branch="true" condition-coverage="0% (0/2)" missing-branches="802,836"/>
						<line number="802" hits="0"/>
						<line number="803" hits="0" branch="true" condition-coverage="0% (0/2)" missing-branches="804,821"/>
						<line number="804" hits="0"/>
						<line number="806" hits="0" branch="true" condition-coverage="0% (0/2)" missing-branches="807,808"/>
						<line number="807" hits="0"/>
						<line number="808" hits="0" branch="true" condition-coverage="0% (0/2)" missing-branches="809,810"/>
						<line number="809" hits="0"/>
						<line number="810" hits="0"/>
						<line number="815" hits="0"/>
						<line number="816" hits="0"/>
						<line number="817" hits="0" branch="true" condition-coverage="0% (0/2)" missing-branches="803,818"/>
						<line number="818" hits="0"/>
						<line number="819" hits="0"/>
						<line number="821" hits="0" branch="true" condition-coverage="0% (0/2)" missing-branches="822,828"/>
						<line number="822" hits="0"/>
						<line number="828" hits="0"/>
						<line number="833" hits="0"/>
						<line number="836" hits="0"/>
						<line number="840" hits="0"/>
						<line number="843" hits="1"/>
						<line number="845" hits="1"/>
						<line number="851" hits="0" branch="true" condition-coverage="0% (0/2)" missing-branches="852,855"/>
						<line number="852" hits="0"/>
						<line number="855" hits="0"/>
						<line number="856" hits="0"/>
						<line number="859" hits="0" branch="true" condition-coverage="0% (0/2)" missing-branches="860,863"/>
						<line number="860" hits="0"/>
						<line number="863" hits="0" branch="true" condition-coverage="0% (0/2)" missing-branches="864,867"/>
						<line number="864" hits="0"/>
						<line number="867" hits="0"/>
						<line number="868" hits="0"/>
						<line number="871" hits="0"/>
						<line number="872" hits="0"/>
						<line number="874" hits="0"/>
						<line number="875" hits="0"/>
						<line number="877" hits="0"/>
						<line number="879" hits="1"/>
						<line number="881" hits="1" branch="true" condition-coverage="100% (2/2)"/>
						<line number="882" hits="1"/>
						<line number="883" hits="1" branch="true" condition-coverage="50% (1/2)" missing-branches="885"/>
						<line number="884" hits="1"/>
						<line number="885" hits="0" branch="true" condition-coverage="0% (0/2)" missing-branches="886,887"/>
						<line number="886" hits="0"/>
						<line number="887" hits="0" branch="true" condition-coverage="0% (0/2)" missing-branches="888,889"/>
						<line number="888" hits="0"/>
						<line number="889" hits="0" branch="true" condition-coverage="0% (0/2)" missing-branches="890,891"/>
						<line number="890" hits="0"/>
						<line number="891" hits="0" branch="true" condition-coverage="0% (0/2)" missing-branches="892,894"/>
						<line number="892" hits="0"/>
						<line number="894" hits="0"/>
						<line number="896" hits="1"/>
						<line number="913" hits="1" branch="true" condition-coverage="100% (2/2)"/>
						<line number="915" hits="1" branch="true" condition-coverage="50% (1/2)" missing-branches="916"/>
						<line number="916" hits="0"/>
						<line number="917" hits="1"/>
						<line number="918" hits="1"/>
						<line number="919" hits="1"/>
						<line number="920" hits="1"/>
						<line number="923" hits="1"/>
						<line number="924" hits="1"/>
						<line number="925" hits="1"/>
						<line number="927" hits="1" branch="true" condition-coverage="50% (1/2)" missing-branches="929"/>
						<line number="929" hits="0"/>
						<line number="930" hits="0"/>
						<line number="931" hits="0"/>
						<line number="934" hits="1"/>
						<line number="936" hits="1"/>
						<line number="949" hits="0" branch="true" condition-coverage="0% (0/2)" missing-branches="950,953"/>
						<line number="950" hits="0"/>
						<line number="953" hits="0" branch="true" condition-coverage="0% (0/2)" missing-branches="954,957"/>
						<line number="954" hits="0"/>
						<line number="957" hits="0"/>
						<line number="960" hits="0" branch="true" condition-coverage="0% (0/2)" missing-branches="961,964"/>
						<line number="961" hits="0"/>
						<line number="964" hits="0" branch="true" condition-coverage="0% (0/2)" missing-branches="965,968"/>
						<line number="965" hits="0"/>
						<line number="968" hits="0" branch="true" condition-coverage="0% (0/2)" missing-branches="969,971"/>
						<line number="969" hits="0"/>
						<line number="971" hits="0"/>
						<line number="973" hits="1"/>
						<line number="974" hits="1"/>
						<line number="976" hits="1"/>
						<line number="978" hits="1"/>
						<line number="980" hits="1" branch="true" condition-coverage="100% (2/2)"/>
						<line number="981" hits="1"/>
						<line number="983" hits="1"/>
						<line number="984" hits="1"/>
						<line number="985" hits="1"/>
						<line number="986" hits="1"/>
						<line number="988" hits="1"/>
						<line number="990" hits="1"/>
						<line number="992" hits="1"/>
						<line number="993" hits="1"/>
						<line number="994" hits="1"/>
						<line number="996" hits="1" branch="true" condition-coverage="100% (2/2)"/>
						<line number="997" hits="1"/>
						<line number="999" hits="1" branch="true" condition-coverage="50% (1/2)" missing-branches="1000"/>
						<line number="1000" hits="0"/>
						<line number="1001" hits="0"/>
						<line number="1003" hits="1"/>
						<line number="1004" hits="1" branch="true" condition-coverage="50% (1/2)" missing-branches="1005"/>
						<line number="1005" hits="0"/>
						<line number="1006" hits="0"/>
						<line number="1010" hits="1"/>
						<line number="1017" hits="1" branch="true" condition-coverage="50% (1/2)" missing-branches="1018"/>
						<line number="1018" hits="0" branch="true" condition-coverage="0% (0/2)" missing-branches="1019,1023"/>
						<line number="1019" hits="0"/>
						<line number="1020" hits="0"/>
						<line number="1021" hits="0"/>
						<line number="1023" hits="1"/>
						<line number="1024" hits="1"/>
						<line number="1027" hits="1"/>
						<line number="1030" hits="1"/>
						<line number="1031" hits="1"/>
						<line number="1032" hits="1"/>
						<line number="1034" hits="1" branch="true" condition-coverage="50% (1/2)" missing-branches="1036"/>
						<line number="1036" hits="0"/>
						<line number="1039" hits="0"/>
						<line number="1041" hits="0" branch="true" condition-coverage="0% (0/2)" missing-branches="1042,1084"/>
						<line number="1042" hits="0"/>
						<line number="1043" hits="0"/>
						<line number="1046" hits="0"/>
						<line number="1047" hits="0"/>
						<line number="1049" hits="0"/>
						<line number="1055" hits="0" branch="true" condition-coverage="0% (0/2)" missing-branches="1056,1067"/>
						<line number="1056" hits="0"/>
						<line number="1057" hits="0" branch="true" condition-coverage="0% (0/2)" missing-branches="1058,1067"/>
						<line number="1058" hits="0"/>
						<line number="1059" hits="0"/>
						<line number="1060" hits="0"/>
						<line number="1061" hits="0"/>
						<line number="1067" hits="0" branch="true" condition-coverage="0% (0/2)" missing-branches="1041,1068"/>
						<line number="1068" hits="0" branch="true" condition-coverage="0% (0/2)" missing-branches="1041,1069"/>
						<line number="1069" hits="0"/>
						<line number="1070" hits="0"/>
						<line number="1071" hits="0"/>
						<line number="1074" hits="1"/>
						<line number="1075" hits="1" branch="true" condition-coverage="100% (2/2)"/>
						<line number="1076" hits="1"/>
						<line number="1077" hits="1" branch="true" condition-coverage="100% (2/2)"/>
						<line number="1078" hits="1"/>
						<line number="1079" hits="1"/>
						<line number="1081" hits="1"/>
						<line number="1084" hits="1"/>
						<line number="1088" hits="1"/>
						<line number="1090" hits="1" branch="true" condition-coverage="50% (1/2)" missing-branches="1091"/>
						<line number="1091" hits="0"/>
						<line number="1092" hits="0"/>
						<line number="1094" hits="0"/>
						<line number="1095" hits="0" branch="true" condition-coverage="0% (0/2)" missing-branches="1096,1121"/>
						<line number="1096" hits="0" branch="true" condition-coverage="0% (0/2)" missing-branches="1097,1099"/>
						<line number="1097" hits="0"/>
						<line number="1099" hits="0"/>
						<line number="1100" hits="0" branch="true" condition-coverage="0% (0/2)" missing-branches="1101,1105"/>
						<line number="1101" hits="0"/>
						<line number="1105" hits="0"/>
						<line number="1106" hits="0" branch="true" condition-coverage="0% (0/2)" missing-branches="1107,1109"/>
						<line number="1107" hits="0"/>
						<line number="1109" hits="0"/>
						<line number="1112" hits="0" branch="true" condition-coverage="0% (0/2)" missing-branches="1113,1116"/>
						<line number="1113" hits="0"/>
						<line number="1116" hits="0" branch="true" condition-coverage="0% (0/2)" missing-branches="1117,1119"/>
						<line number="1117" hits="0"/>
						<line number="1119" hits="0"/>
						<line number="1121" hits="0"/>
						<line number="1123" hits="0"/>
						<line number="1124" hits="0" branch="true" condition-coverage="0% (0/2)" missing-branches="1125,1130"/>
						<line number="1125" hits="0"/>
						<line number="1126" hits="0"/>
						<line number="1127" hits="0"/>
						<line number="1130" hits="0"/>
						<line number="1131" hits="0"/>
						<line number="1132" hits="0" branch="true" condition-coverage="0% (0/2)" missing-branches="1133,1139"/>
						<line number="1133" hits="0" branch="true" condition-coverage="0% (0/2)" missing-branches="1134,1135"/>
						<line number="1134" hits="0"/>
						<line number="1135" hits="0"/>
						<line number="1136" hits="0"/>
						<line number="1137" hits="0"/>
						<line number="1139" hits="0"/>
						<line number="1140" hits="0" branch="true" condition-coverage="0% (0/2)" missing-branches="1141,1148"/>
						<line number="1141" hits="0"/>
						<line number="1142" hits="1" branch="true" condition-coverage="50% (1/2)" missing-branches="1143"/>
						<line number="1143" hits="0"/>
						<line number="1144" hits="0"/>
						<line number="1146" hits="1"/>
						<line number="1148" hits="1"/>
						<line number="1150" hits="1"/>
						<line number="1154" hits="1" branch="true" condition-coverage="50% (1/2)" missing-branches="1157"/>
						<line number="1155" hits="1"/>
						<line number="1157" hits="1" branch="true" condition-coverage="100% (2/2)"/>
						<line number="1158" hits="1"/>
						<line number="1159" hits="1" branch="true" condition-coverage="100% (2/2)"/>
						<line number="1161" hits="1"/>
						<line number="1164" hits="1" branch="true" condition-coverage="100% (2/2)"/>
						<line number="1165" hits="1"/>
						<line number="1166" hits="1"/>
						<line number="1172" hits="1"/>
						<line number="1174" hits="1"/>
						<line number="1175" hits="1"/>
						<line number="1176" hits="1"/>
						<line number="1177" hits="1"/>
						<line number="1178" hits="1"/>
						<line number="1180" hits="1" branch="true" condition-coverage="50% (1/2)" missing-branches="1182"/>
						<line number="1181" hits="1"/>
						<line number="1182" hits="0" branch="true" condition-coverage="0% (0/2)" missing-branches="1183,1185"/>
						<line number="1183" hits="0"/>
						<line number="1185" hits="0"/>
						<line number="1188" hits="1"/>
						<line number="1190" hits="1"/>
						<line number="1191" hits="1"/>
						<line number="1192" hits="1"/>
						<line number="1194" hits="1"/>
						<line number="1200" hits="1"/>
						<line number="1206" hits="1"/>
						<line number="1208" hits="1"/>
						<line number="1211" hits="1" branch="true" condition-coverage="100% (2/2)"/>
						<line number="1212" hits="1"/>
						<line number="1214" hits="1"/>
						<line number="1217" hits="1"/>
						<line number="1219" hits="1"/>
						<line number="1220" hits="1"/>
						<line number="1223" hits="1"/>
						<line number="1224" hits="1" branch="true" condition-coverage="100% (2/2)"/>
						<line number="1225" hits="1"/>
						<line number="1226" hits="1" branch="true" condition-coverage="50% (1/2)" missing-branches="1228"/>
						<line number="1227" hits="1"/>
						<line number="1228" hits="1" branch="true" condition-coverage="100% (2/2)"/>
						<line number="1229" hits="1" branch="true" condition-coverage="100% (2/2)"/>
						<line number="1230" hits="1"/>
						<line number="1231" hits="1"/>
						<line number="1233" hits="1"/>
						<line number="1236" hits="1"/>
						<line number="1245" hits="1" branch="true" condition-coverage="50% (1/2)" missing-branches="1246"/>
						<line number="1246" hits="0"/>
						<line number="1249" hits="1"/>
						<line number="1251" hits="1" branch="true" condition-coverage="100% (2/2)"/>
						<line number="1252" hits="1"/>
						<line number="1253" hits="1"/>
						<line number="1255" hits="1" branch="true" condition-coverage="100% (2/2)"/>
						<line number="1256" hits="1"/>
						<line number="1257" hits="1"/>
						<line number="1258" hits="1"/>
						<line number="1259" hits="1"/>
						<line number="1260" hits="1"/>
						<line number="1262" hits="1"/>
						<line number="1263" hits="1"/>
						<line number="1266" hits="1" branch="true" condition-coverage="100% (2/2)"/>
						<line number="1267" hits="1"/>
						<line number="1268" hits="1" branch="true" condition-coverage="50% (1/2)" missing-branches="1269"/>
						<line number="1269" hits="0"/>
						<line number="1270" hits="1" branch="true" condition-coverage="100% (2/2)"/>
						<line number="1271" hits="1"/>
						<line number="1272" hits="1" branch="true" condition-coverage="50% (1/2)" missing-branches="1273"/>
						<line number="1273" hits="0"/>
						<line number="1274" hits="1" branch="true" condition-coverage="50% (1/2)" missing-branches="1275"/>
						<line number="1275" hits="0"/>
						<line number="1277" hits="1"/>
						<line number="1282" hits="1"/>
						<line number="1283" hits="1"/>
						<line number="1284" hits="1"/>
						<line number="1288" hits="1" branch="true" condition-coverage="100% (2/2)"/>
						<line number="1289" hits="1"/>
						<line number="1290" hits="1"/>
						<line number="1293" hits="1"/>
						<line number="1295" hits="1"/>
						<line number="1301" hits="1"/>
						<line number="1302" hits="1"/>
						<line number="1304" hits="1" branch="true" condition-coverage="100% (2/2)"/>
						<line number="1305" hits="1"/>
						<line number="1306" hits="1"/>
						<line number="1311" hits="1" branch="true" condition-coverage="50% (1/2)" missing-branches="1312"/>
						<line number="1312" hits="0"/>
						<line number="1313" hits="0"/>
						<line number="1316" hits="1" branch="true" condition-coverage="100% (2/2)"/>
						<line number="1317" hits="1"/>
						<line number="1318" hits="1"/>
						<line number="1319" hits="1"/>
						<line number="1321" hits="1" branch="true" condition-coverage="50% (1/2)" missing-branches="1326"/>
						<line number="1322" hits="1"/>
						<line number="1323" hits="1"/>
						<line number="1324" hits="1"/>
						<line number="1326" hits="0"/>
						<line number="1328" hits="1"/>
						<line number="1331" hits="1"/>
						<line number="1332" hits="1"/>
						<line number="1333" hits="1"/>
						<line number="1335" hits="1"/>
						<line number="1336" hits="1"/>
						<line number="1337" hits="1"/>
						<line number="1339" hits="1"/>
						<line number="1342" hits="1" branch="true" condition-coverage="50% (1/2)" missing-branches="1343"/>
						<line number="1343" hits="0"/>
						<line number="1344" hits="0"/>
						<line number="1346" hits="0" branch="true" condition-coverage="0% (0/2)" missing-branches="1347,1387"/>
						<line number="1347" hits="0"/>
						<line number="1348" hits="0"/>
						<line number="1350" hits="0" branch="true" condition-coverage="0% (0/2)" missing-branches="1346,1352"/>
						<line number="1352" hits="0" branch="true" condition-coverage="0% (0/2)" missing-branches="1353,1355"/>
						<line number="1353" hits="0"/>
						<line number="1355" hits="0"/>
						<line number="1356" hits="0"/>
						<line number="1357" hits="0"/>
						<line number="1358" hits="0"/>
						<line number="1360" hits="0"/>
						<line number="1361" hits="0"/>
						<line number="1364" hits="0" branch="true" condition-coverage="0% (0/2)" missing-branches="1365,1366"/>
						<line number="1365" hits="0"/>
						<line number="1366" hits="0" branch="true" condition-coverage="0% (0/2)" missing-branches="1367,1368"/>
						<line number="1367" hits="0"/>
						<line number="1368" hits="0" branch="true" condition-coverage="0% (0/2)" missing-branches="1369,1370"/>
						<line number="1369" hits="0"/>
						<line number="1370" hits="0" branch="true" condition-coverage="0% (0/2)" missing-branches="1371,1373"/>
						<line number="1371" hits="0"/>
						<line number="1373" hits="0"/>
						<line number="1376" hits="0"/>
						<line number="1377" hits="0"/>
						<line number="1378" hits="0"/>
						<line number="1382" hits="0" branch="true" condition-coverage="0% (0/2)" missing-branches="1350,1383"/>
						<line number="1383" hits="0"/>
						<line number="1384" hits="0"/>
						<line number="1387" hits="0"/>
						<line number="1389" hits="0"/>
						<line number="1395" hits="0"/>
						<line number="1396" hits="0"/>
						<line number="1397" hits="0"/>
						<line number="1399" hits="0" branch="true" condition-coverage="0% (0/2)" missing-branches="1400,1429"/>
						<line number="1400" hits="0"/>
						<line number="1401" hits="0"/>
						<line number="1406" hits="0" branch="true" condition-coverage="0% (0/2)" missing-branches="1407,1411"/>
						<line number="1407" hits="0"/>
						<line number="1408" hits="0"/>
						<line number="1411" hits="0" branch="true" condition-coverage="0% (0/2)" missing-branches="1412,1427"/>
						<line number="1412" hits="0"/>
						<line number="1413" hits="0"/>
						<line number="1416" hits="0"/>
						<line number="1417" hits="0" branch="true" condition-coverage="0% (0/2)" missing-branches="1418,1424"/>
						<line number="1418" hits="0"/>
						<line number="1419" hits="0"/>
						<line number="1420" hits="0"/>
						<line number="1421" hits="0"/>
						<line number="1424" hits="0"/>
						<line number="1425" hits="0"/>
						<line number="1427" hits="0"/>
						<line number="1429" hits="0"/>
						<line number="1436" hits="1" branch="true" condition-coverage="50% (1/2)" missing-branches="1437"/>
						<line number="1437" hits="0" branch="true" condition-coverage="0% (0/2)" missing-branches="1438,1445"/>
						<line number="1438" hits="0" branch="true" condition-coverage="0% (0/2)" missing-branches="1437,1439"/>
						<line number="1439" hits="0"/>
						<line number="1440" hits="0"/>
						<line number="1441" hits="0"/>
						<line number="1442" hits="0"/>
						<line number="1443" hits="0"/>
						<line number="1445" hits="1" branch="true" condition-coverage="50% (1/2)" missing-branches="1446"/>
						<line number="1446" hits="0" branch="true" condition-coverage="0% (0/2)" missing-branches="1447,1454"/>
						<line number="1447" hits="0" branch="true" condition-coverage="0% (0/2)" missing-branches="1446,1448"/>
						<line number="1448" hits="0"/>
						<line number="1449" hits="0"/>
						<line number="1450" hits="0"/>
						<line number="1451" hits="0"/>
						<line number="1454" hits="1" branch="true" condition-coverage="50% (1/2)" missing-branches="1455"/>
						<line number="1455" hits="0"/>
						<line number="1456" hits="0"/>
						<line number="1457" hits="0"/>
						<line number="1458" hits="0"/>
						<line number="1459" hits="0"/>
						<line number="1461" hits="1"/>
						<line number="1462" hits="1"/>
						<line number="1464" hits="1"/>
						<line number="1466" hits="1"/>
						<line number="1472" hits="1"/>
						<line number="1473" hits="1"/>
						<line number="1475" hits="1" branch="true" condition-coverage="100% (2/2)"/>
						<line number="1476" hits="1"/>
						<line number="1477" hits="1" branch="true" condition-coverage="50% (1/2)" missing-branches="1479"/>
						<line number="1478" hits="1"/>
						<line number="1479" hits="0" branch="true" condition-coverage="0% (0/2)" missing-branches="1481,1486"/>
						<line number="1481" hits="0"/>
						<line number="1482" hits="0" branch="true" condition-coverage="0% (0/2)" missing-branches="1483,1484"/>
						<line number="1483" hits="0"/>
						<line number="1484" hits="0" branch="true" condition-coverage="0% (0/2)" missing-branches="1475,1485"/>
						<line number="1485" hits="0"/>
						<line number="1486" hits="0" branch="true" condition-coverage="0% (0/2)" missing-branches="1475,1487"/>
						<line number="1487" hits="0"/>
						<line number="1490" hits="1" branch="true" condition-coverage="50% (1/2)" missing-branches="1491"/>
						<line number="1491" hits="0"/>
						<line number="1493" hits="1"/>
						<line number="1495" hits="1"/>
						<line number="1501" hits="1"/>
						<line number="1502" hits="1" branch="true" condition-coverage="50% (1/2)" missing-branches="1503"/>
						<line number="1503" hits="0"/>
						<line number="1504" hits="0"/>
						<line number="1506" hits="1"/>
						<line number="1507" hits="1"/>
						<line number="1509" hits="1"/>
						<line number="1510" hits="1"/>
						<line number="1511" hits="1"/>
						<line number="1514" hits="1"/>
						<line number="1515" hits="1"/>
						<line number="1516" hits="1"/>
						<line number="1517" hits="1" branch="true" condition-coverage="100% (2/2)"/>
						<line number="1518" hits="1"/>
						<line number="1519" hits="1" branch="true" condition-coverage="100% (2/2)"/>
						<line number="1520" hits="1"/>
						<line number="1521" hits="1"/>
						<line number="1522" hits="1"/>
						<line number="1523" hits="1"/>
						<line number="1524" hits="1"/>
						<line number="1525" hits="1"/>
						<line number="1527" hits="1"/>
						<line number="1528" hits="1" branch="true" condition-coverage="100% (2/2)"/>
						<line number="1529" hits="1" branch="true" condition-coverage="50% (1/2)" missing-branches="1530"/>
						<line number="1530" hits="0" branch="true" condition-coverage="0% (0/2)" missing-branches="1528,1531"/>
						<line number="1531" hits="0" branch="true" condition-coverage="0% (0/2)" missing-branches="1530,1532"/>
						<line number="1532" hits="0" branch="true" condition-coverage="0% (0/2)" missing-branches="1531,1533"/>
						<line number="1533" hits="0"/>
						<line number="1536" hits="1"/>
						<line number="1537" hits="1" branch="true" condition-coverage="100% (2/2)"/>
						<line number="1538" hits="1" branch="true" condition-coverage="50% (1/2)" missing-branches="1539"/>
						<line number="1539" hits="0"/>
						<line number="1541" hits="1"/>
						<line number="1542" hits="1"/>
						<line number="1545" hits="1" branch="true" condition-coverage="50% (1/2)" missing-branches="1546"/>
						<line number="1546" hits="0"/>
						<line number="1547" hits="0"/>
						<line number="1550" hits="1" branch="true" condition-coverage="50% (1/2)" missing-branches="1551"/>
						<line number="1551" hits="0"/>
						<line number="1552" hits="0"/>
						<line number="1555" hits="1"/>
						<line number="1556" hits="1" branch="true" condition-coverage="100% (2/2)"/>
						<line number="1557" hits="1"/>
						<line number="1558" hits="1" branch="true" condition-coverage="50% (1/2)" missing-branches="1556"/>
						<line number="1559" hits="1"/>
						<line number="1562" hits="1" branch="true" condition-coverage="50% (1/2)" missing-branches="1563"/>
						<line number="1563" hits="0"/>
						<line number="1564" hits="0"/>
						<line number="1565" hits="0"/>
						<line number="1566" hits="1" branch="true" condition-coverage="50% (1/2)" missing-branches="1567"/>
						<line number="1567" hits="0"/>
						<line number="1570" hits="1" branch="true" condition-coverage="50% (1/2)" missing-branches="1571"/>
						<line number="1571" hits="0"/>
						<line number="1572" hits="0" branch="true" condition-coverage="0% (0/2)" missing-branches="1573,1576"/>
						<line number="1573" hits="0" branch="true" condition-coverage="0% (0/2)" missing-branches="1572,1574"/>
						<line number="1574" hits="0" branch="true" condition-coverage="0% (0/2)" missing-branches="1573,1575"/>
						<line number="1575" hits="0"/>
						<line number="1576" hits="0"/>
						<line number="1577" hits="0" branch="true" condition-coverage="0% (0/2)" missing-branches="1578,1586"/>
						<line number="1578" hits="0"/>
						<line number="1579" hits="0"/>
						<line number="1580" hits="0"/>
						<line number="1586" hits="1"/>
						<line number="1587" hits="1"/>
						<line number="1588" hits="1" branch="true" condition-coverage="50% (1/2)" missing-branches="1589"/>
						<line number="1589" hits="0"/>
						<line number="1590" hits="0"/>
						<line number="1592" hits="1"/>
						<line number="1594" hits="1" branch="true" condition-coverage="100% (2/2)"/>
						<line number="1595" hits="1"/>
						<line number="1596" hits="1"/>
						<line number="1598" hits="1"/>
						<line number="1599" hits="1"/>
						<line number="1602" hits="1"/>
						<line number="1604" hits="1"/>
						<line number="1605" hits="0"/>
						<line number="1607" hits="1"/>
						<line number="1608" hits="0"/>
						<line number="1609" hits="0" branch="true" condition-coverage="0% (0/2)" missing-branches="1610,1615"/>
						<line number="1610" hits="0" branch="true" condition-coverage="0% (0/2)" missing-branches="1611,1614"/>
						<line number="1611" hits="0"/>
						<line number="1612" hits="0" branch="true" condition-coverage="0% (0/2)" missing-branches="1613,1614"/>
						<line number="1613" hits="0"/>
						<line number="1614" hits="0"/>
						<line number="1615" hits="0"/>
						<line number="1617" hits="1"/>
						<line number="1618" hits="0"/>
						<line number="1623" hits="1"/>
						<line number="1624" hits="0" branch="true" condition-coverage="0% (0/2)" missing-branches="1625,1626"/>
						<line number="1625" hits="0"/>
						<line number="1626" hits="0"/>
						<line number="1627" hits="0"/>
						<line number="1628" hits="0" branch="true" condition-coverage="0% (0/2)" missing-branches="1629,1639"/>
						<line number="1629" hits="0"/>
						<line number="1630" hits="0"/>
						<line number="1631" hits="0" branch="true" condition-coverage="0% (0/2)" missing-branches="1632,1633"/>
						<line number="1632" hits="0"/>
						<line number="1633" hits="0" branch="true" condition-coverage="0% (0/2)" missing-branches="1634,1638"/>
						<line number="1634" hits="0" branch="true" condition-coverage="0% (0/2)" missing-branches="1635,1637"/>
						<line number="1635" hits="0"/>
						<line number="1637" hits="0"/>
						<line number="1638" hits="0"/>
						<line number="1639" hits="0" branch="true" condition-coverage="0% (0/2)" missing-branches="1640,1641"/>
						<line number="1640" hits="0"/>
						<line number="1641" hits="0"/>
						<line number="1643" hits="1"/>
						<line number="1644" hits="0"/>
						<line number="1651" hits="1" branch="true" condition-coverage="100% (2/2)"/>
						<line number="1652" hits="1" branch="true" condition-coverage="50% (1/2)" missing-branches="1654"/>
						<line number="1653" hits="1"/>
						<line number="1654" hits="0" branch="true" condition-coverage="0% (0/2)" missing-branches="1655,1657"/>
						<line number="1655" hits="0"/>
						<line number="1657" hits="0"/>
						<line number="1658" hits="0" branch="true" condition-coverage="0% (0/2)" missing-branches="1659,1662"/>
						<line number="1659" hits="0" branch="true" condition-coverage="0% (0/2)" missing-branches="1658,1660"/>
						<line number="1660" hits="0" branch="true" condition-coverage="0% (0/2)" missing-branches="1659,1661"/>
						<line number="1661" hits="0"/>
						<line number="1662" hits="0" branch="true" condition-coverage="0% (0/2)" missing-branches="1651,1664"/>
						<line number="1664" hits="0"/>
						<line number="1665" hits="0"/>
						<line number="1666" hits="0"/>
						<line number="1667" hits="0" branch="true" condition-coverage="0% (0/2)" missing-branches="1668,1674"/>
						<line number="1668" hits="0"/>
						<line number="1669" hits="0" branch="true" condition-coverage="0% (0/2)" missing-branches="1667,1670"/>
						<line number="1670" hits="0"/>
						<line number="1671" hits="0"/>
						<line number="1672" hits="0"/>
						<line number="1673" hits="0"/>
						<line number="1674" hits="0" branch="true" condition-coverage="0% (0/2)" missing-branches="1651,1675"/>
						<line number="1675" hits="0"/>
						<line number="1678" hits="1"/>
						<line number="1679" hits="1" branch="true" condition-coverage="100% (2/2)"/>
						<line number="1680" hits="1" branch="true" condition-coverage="50% (1/2)" missing-branches="1682"/>
						<line number="1681" hits="1"/>
						<line number="1682" hits="0" branch="true" condition-coverage="0% (0/2)" missing-branches="1683,1684"/>
						<line number="1683" hits="0"/>
						<line number="1684" hits="0"/>
						<line number="1685" hits="0" branch="true" condition-coverage="0% (0/2)" missing-branches="1686,1696"/>
						<line number="1686" hits="0"/>
						<line number="1687" hits="0" branch="true" condition-coverage="0% (0/2)" missing-branches="1688,1689"/>
						<line number="1688" hits="0"/>
						<line number="1689" hits="0"/>
						<line number="1690" hits="0" branch="true" condition-coverage="0% (0/2)" missing-branches="1691,1693"/>
						<line number="1691" hits="0"/>
						<line number="1692" hits="0"/>
						<line number="1693" hits="0" branch="true" condition-coverage="0% (0/2)" missing-branches="1685,1694"/>
						<line number="1694" hits="0"/>
						<line number="1695" hits="0"/>
						<line number="1696" hits="0" branch="true" condition-coverage="0% (0/2)" missing-branches="1679,1697"/>
						<line number="1697" hits="0"/>
						<line number="1698" hits="0"/>
						<line number="1699" hits="0"/>
						<line number="1700" hits="0"/>
						<line number="1701" hits="0"/>
						<line number="1702" hits="0"/>
						<line number="1703" hits="0"/>
						<line number="1704" hits="0"/>
						<line number="1705" hits="0" branch="true" condition-coverage="0% (0/2)" missing-branches="1706,1710"/>
						<line number="1706" hits="0"/>
						<line number="1707" hits="0"/>
						<line number="1708" hits="0"/>
						<line number="1710" hits="0"/>
						<line number="1716" hits="1"/>
						<line number="1717" hits="1" branch="true" condition-coverage="50% (1/2)" missing-branches="1718"/>
						<line number="1718" hits="0"/>
						<line number="1719" hits="1" branch="true" condition-coverage="50% (1/2)" missing-branches="1720"/>
						<line number="1720" hits="0" branch="true" condition-coverage="0% (0/2)" missing-branches="1721,1722"/>
						<line number="1721" hits="0"/>
						<line number="1722" hits="0"/>
[...]
						<line number="3522" hits="0"/>
						<line number="3524" hits="0" branch="true" condition-coverage="0% (0/2)" missing-branches="3525,3531"/>
						<line number="3525" hits="0"/>
						<line number="3531" hits="0"/>
						<line number="3533" hits="0" branch="true" condition-coverage="0% (0/2)" missing-branches="3534,3545"/>
						<line number="3534" hits="0"/>
						<line number="3545" hits="0" branch="true" condition-coverage="0% (0/2)" missing-branches="3546,3572"/>
						<line number="3546" hits="0"/>
						<line number="3547" hits="0"/>
						<line number="3549" hits="0"/>
						<line number="3551" hits="0"/>
						<line number="3559" hits="0"/>
						<line number="3560" hits="0"/>
						<line number="3562" hits="0"/>
						<line number="3572" hits="0" branch="true" condition-coverage="0% (0/2)" missing-branches="3573,3587"/>
						<line number="3573" hits="0" branch="true" condition-coverage="0% (0/2)" missing-branches="3572,3574"/>
						<line number="3574" hits="0"/>
						<line number="3575" hits="0"/>
						<line number="3576" hits="0"/>
						<line number="3577" hits="0"/>
						<line number="3587" hits="0" branch="true" condition-coverage="0% (0/2)" missing-branches="3588,3590"/>
						<line number="3588" hits="0"/>
						<line number="3590" hits="0" branch="true" condition-coverage="0% (0/2)" missing-branches="3591,3594"/>
						<line number="3591" hits="0"/>
						<line number="3594" hits="0"/>
						<line number="3596" hits="0"/>
						<line number="3601" hits="0"/>
						<line number="3602" hits="0"/>
						<line number="3604" hits="0"/>
						<line number="3607" hits="1"/>
						<line number="3623" hits="0"/>
						<line number="3625" hits="0"/>
						<line number="3626" hits="0"/>
						<line number="3628" hits="0"/>
						<line number="3629" hits="0"/>
						<line number="3630" hits="0"/>
						<line number="3631" hits="0"/>
						<line number="3633" hits="0"/>
						<line number="3636" hits="0"/>
						<line number="3637" hits="0"/>
						<line number="3638" hits="0" branch="true" condition-coverage="0% (0/2)" missing-branches="3639,3640"/>
						<line number="3639" hits="0"/>
						<line number="3640" hits="0" branch="true" condition-coverage="0% (0/2)" missing-branches="3641,3644"/>
						<line number="3641" hits="0"/>
						<line number="3644" hits="0" branch="true" condition-coverage="0% (0/2)" missing-branches="3645,3654"/>
						<line number="3645" hits="0"/>
						<line number="3646" hits="0"/>
						<line number="3647" hits="0" branch="true" condition-coverage="0% (0/2)" missing-branches="3644,3648"/>
						<line number="3648" hits="0"/>
						<line number="3654" hits="0"/>
						<line number="3655" hits="0"/>
						<line number="3656" hits="0"/>
						<line number="3658" hits="0"/>
						<line number="3659" hits="0"/>
						<line number="3660" hits="0"/>
						<line number="3661" hits="0"/>
						<line number="3663" hits="0"/>
						<line number="3666" hits="0" branch="true" condition-coverage="0% (0/2)" missing-branches="3667,3707"/>
						<line number="3667" hits="0" branch="true" condition-coverage="0% (0/2)" missing-branches="3668,3669"/>
						<line number="3668" hits="0"/>
						<line number="3669" hits="0"/>
						<line number="3671" hits="0"/>
						<line number="3672" hits="0"/>
						<line number="3673" hits="0" branch="true" condition-coverage="0% (0/2)" missing-branches="3674,3677"/>
						<line number="3674" hits="0"/>
						<line number="3677" hits="0"/>
						<line number="3678" hits="0" branch="true" condition-coverage="0% (0/2)" missing-branches="3679,3699"/>
						<line number="3679" hits="0"/>
						<line number="3680" hits="0"/>
						<line number="3681" hits="0"/>
						<line number="3683" hits="0" branch="true" condition-coverage="0% (0/2)" missing-branches="3678,3684"/>
						<line number="3684" hits="0"/>
						<line number="3685" hits="0"/>
						<line number="3686" hits="0"/>
						<line number="3689" hits="0"/>
						<line number="3690" hits="0"/>
						<line number="3693" hits="0"/>
						<line number="3694" hits="0"/>
						<line number="3696" hits="0"/>
						<line number="3699" hits="0"/>
						<line number="3700" hits="0" branch="true" condition-coverage="0% (0/2)" missing-branches="3666,3701"/>
						<line number="3701" hits="0"/>
						<line number="3702" hits="0"/>
						<line number="3703" hits="0"/>
						<line number="3704" hits="0"/>
						<line number="3705" hits="0"/>
						<line number="3707" hits="0"/>
						<line number="3708" hits="0"/>
						<line number="3711" hits="1"/>
						<line number="3754" hits="0"/>
						<line number="3757" hits="0"/>
						<line number="3758" hits="0"/>
						<line number="3759" hits="0"/>
						<line number="3760" hits="0"/>
						<line number="3762" hits="0"/>
						<line number="3763" hits="0"/>
						<line number="3764" hits="0"/>
						<line number="3765" hits="0"/>
						<line number="3766" hits="0"/>
						<line number="3768" hits="0" branch="true" condition-coverage="0% (0/2)" missing-branches="3769,3773"/>
						<line number="3769" hits="0"/>
						<line number="3770" hits="0"/>
						<line number="3773" hits="0"/>
						<line number="3776" hits="0" branch="true" condition-coverage="0% (0/2)" missing-branches="3777,3790"/>
						<line number="3777" hits="0"/>
						<line number="3778" hits="0" branch="true" condition-coverage="0% (0/2)" missing-branches="3779,3781"/>
						<line number="3779" hits="0"/>
						<line number="3781" hits="0"/>
						<line number="3790" hits="0"/>
						<line number="3791" hits="0" branch="true" condition-coverage="0% (0/2)" missing-branches="3792,3811"/>
						<line number="3792" hits="0" branch="true" condition-coverage="0% (0/2)" missing-branches="3791,3794"/>
						<line number="3794" hits="0"/>
						<line number="3795" hits="0"/>
						<line number="3796" hits="0"/>
						<line number="3798" hits="0"/>
						<line number="3799" hits="0"/>
						<line number="3801" hits="0"/>
						<line number="3809" hits="0"/>
						<line number="3811" hits="0" branch="true" condition-coverage="0% (0/2)" missing-branches="3812,3815"/>
						<line number="3812" hits="0"/>
						<line number="3815" hits="0" branch="true" condition-coverage="0% (0/2)" missing-branches="3817,3851"/>
						<line number="3817" hits="0"/>
						<line number="3822" hits="0"/>
						<line number="3825" hits="0"/>
						<line number="3826" hits="0" branch="true" condition-coverage="0% (0/2)" missing-branches="3827,3829"/>
						<line number="3827" hits="0"/>
						<line number="3829" hits="0"/>
						<line number="3830" hits="0" branch="true" condition-coverage="0% (0/2)" missing-branches="3831,3833"/>
						<line number="3831" hits="0"/>
						<line number="3833" hits="0" branch="true" condition-coverage="0% (0/2)" missing-branches="3834,3836"/>
						<line number="3834" hits="0"/>
						<line number="3836" hits="0"/>
						<line number="3837" hits="0"/>
						<line number="3838" hits="0"/>
						<line number="3839" hits="0"/>
						<line number="3841" hits="0"/>
						<line number="3844" hits="0"/>
						<line number="3845" hits="0" branch="true" condition-coverage="0% (0/2)" missing-branches="3846,3848"/>
						<line number="3846" hits="0" branch="true" condition-coverage="0% (0/2)" missing-branches="3845,3847"/>
						<line number="3847" hits="0"/>
						<line number="3848" hits="0"/>
						<line number="3851" hits="0"/>
						<line number="3853" hits="0"/>
						<line number="3860" hits="0"/>
						<line number="3861" hits="0"/>
						<line number="3862" hits="0"/>
						<line number="3864" hits="0" branch="true" condition-coverage="0% (0/2)" missing-branches="3865,3867"/>
						<line number="3865" hits="0"/>
						<line number="3867" hits="0"/>
					</lines>
				</class>
				<class name="orca_parser.py" filename="orca_parser.py" complexity="0" line-rate="0.1013" branch-rate="0">
					<methods/>
					<lines>
						<line number="11" hits="1"/>
						<line number="12" hits="1"/>
						<line number="15" hits="1"/>
						<line number="19" hits="1"/>
						<line number="43" hits="0"/>
						<line number="44" hits="0"/>
						<line number="47" hits="0"/>
						<line number="50" hits="0"/>
						<line number="53" hits="0"/>
						<line number="56" hits="0"/>
						<line number="59" hits="0" branch="true" condition-coverage="0% (0/2)" missing-branches="60,62"/>
						<line number="60" hits="0"/>
						<line number="62" hits="0" branch="true" condition-coverage="0% (0/2)" missing-branches="63,65"/>
						<line number="63" hits="0"/>
						<line number="65" hits="0" branch="true" condition-coverage="0% (0/2)" missing-branches="66,68"/>
						<line number="66" hits="0"/>
						<line number="68" hits="0"/>
						<line number="77" hits="1"/>
						<line number="85" hits="0"/>
						<line number="86" hits="0"/>
						<line number="88" hits="0" branch="true" condition-coverage="0% (0/2)" missing-branches="89,91"/>
						<line number="89" hits="0"/>
						<line number="91" hits="0" branch="true" condition-coverage="0% (0/2)" missing-branches="92,94"/>
						<line number="92" hits="0"/>
						<line number="94" hits="0"/>
						<line number="95" hits="0"/>
						<line number="97" hits="0"/>
						<line number="100" hits="1"/>
						<line number="112" hits="0"/>
						<line number="118" hits="0" branch="true" condition-coverage="0% (0/2)" missing-branches="119,121"/>
						<line number="119" hits="0"/>
						<line number="121" hits="0"/>
						<line number="122" hits="0" branch="true" condition-coverage="0% (0/2)" missing-branches="123,140"/>
						<line number="123" hits="0"/>
						<line number="124" hits="0" branch="true" condition-coverage="0% (0/2)" missing-branches="125,127"/>
						<line number="125" hits="0"/>
						<line number="127" hits="0"/>
						<line number="128" hits="0" branch="true" condition-coverage="0% (0/2)" missing-branches="129,131"/>
						<line number="129" hits="0"/>
						<line number="131" hits="0"/>
						<line number="132" hits="0"/>
						<line number="133" hits="0"/>
						<line number="134" hits="0"/>
						<line number="135" hits="0"/>
						<line number="136" hits="0"/>
						<line number="137" hits="0"/>
						<line number="138" hits="0"/>
						<line number="140" hits="0"/>
						<line number="143" hits="1"/>
						<line number="154" hits="0"/>
						<line number="160" hits="0" branch="true" condition-coverage="0% (0/2)" missing-branches="161,163"/>
						<line number="161" hits="0"/>
						<line number="163" hits="0"/>
						<line number="167" hits="0"/>
						<line number="169" hits="0" branch="true" condition-coverage="0% (0/2)" missing-branches="170,175"/>
						<line number="170" hits="0"/>
						<line number="171" hits="0"/>
						<line number="172" hits="0"/>
						<line number="173" hits="0"/>
						<line number="175" hits="0"/>
						<line number="178" hits="1"/>
						<line number="193" hits="0"/>
						<line number="200" hits="0" branch="true" condition-coverage="0% (0/2)" missing-branches="201,203"/>
						<line number="201" hits="0"/>
						<line number="203" hits="0"/>
						<line number="205" hits="0" branch="true" condition-coverage="0% (0/2)" missing-branches="206,225"/>
						<line number="206" hits="0"/>
						<line number="207" hits="0" branch="true" condition-coverage="0% (0/2)" missing-branches="208,210"/>
						<line number="208" hits="0"/>
						<line number="210" hits="0"/>
						<line number="211" hits="0" branch="true" condition-coverage="0% (0/2)" missing-branches="212,214"/>
						<line number="212" hits="0"/>
						<line number="214" hits="0"/>
						<line number="216" hits="0"/>
						<line number="220" hits="0"/>
						<line number="221" hits="0"/>
						<line number="222" hits="0"/>
						<line number="223" hits="0"/>
						<line number="225" hits="0"/>
					</lines>
				</class>
				<class name="utils.py" filename="utils.py" complexity="0" line-rate="0.2759" branch-rate="0.1351">
					<methods/>
					<lines>
						<line number="3" hits="1"/>
						<line number="5" hits="1"/>
						<line number="7" hits="1"/>
						<line number="9" hits="1"/>
						<line number="12" hits="1"/>
						<line number="13" hits="0" branch="true" condition-coverage="0% (0/2)" missing-branches="14,16"/>
						<line number="14" hits="0" branch="true" condition-coverage="0% (0/2)" missing-branches="13,15"/>
						<line number="15" hits="0"/>
						<line number="16" hits="0"/>
						<line number="19" hits="1"/>
						<line number="46" hits="0" branch="true" condition-coverage="0% (0/2)" missing-branches="47,50"/>
						<line number="47" hits="0"/>
						<line number="50" hits="0"/>
						<line number="52" hits="0"/>
						<line number="53" hits="0" branch="true" condition-coverage="0% (0/2)" missing-branches="54,74"/>
						<line number="54" hits="0"/>
						<line number="55" hits="0" branch="true" condition-coverage="0% (0/2)" missing-branches="56,60"/>
						<line number="56" hits="0"/>
						<line number="57" hits="0"/>
						<line number="60" hits="0" branch="true" condition-coverage="0% (0/2)" missing-branches="61,65"/>
						<line number="61" hits="0"/>
						<line number="62" hits="0"/>
						<line number="65" hits="0"/>
						<line number="66" hits="0" branch="true" condition-coverage="0% (0/2)" missing-branches="68,71"/>
						<line number="68" hits="0"/>
						<line number="69" hits="0"/>
						<line number="71" hits="0" branch="true" condition-coverage="0% (0/2)" missing-branches="72,73"/>
						<line number="72" hits="0"/>
						<line number="73" hits="0"/>
						<line number="74" hits="0"/>
						<line number="80" hits="1"/>
						<line number="100" hits="0"/>
						<line number="101" hits="0"/>
						<line number="102" hits="0" branch="true" condition-coverage="0% (0/2)" missing-branches="104,125"/>
						<line number="104" hits="0"/>
						<line number="105" hits="0"/>
						<line number="107" hits="0"/>
						<line number="108" hits="0" branch="true" condition-coverage="0% (0/2)" missing-branches="109,112"/>
						<line number="109" hits="0" branch="true" condition-coverage="0% (0/2)" missing-branches="108,110"/>
						<line number="110" hits="0"/>
						<line number="111" hits="0"/>
						<line number="112" hits="0"/>
						<line number="113" hits="0" branch="true" condition-coverage="0% (0/2)" missing-branches="114,115"/>
						<line number="114" hits="0"/>
						<line number="115" hits="0"/>
						<line number="116" hits="0" branch="true" condition-coverage="0% (0/2)" missing-branches="117,118"/>
						<line number="117" hits="0"/>
						<line number="118" hits="0" branch="true" condition-coverage="0% (0/2)" missing-branches="119,120"/>
						<line number="119" hits="0"/>
						<line number="120" hits="0" branch="true" condition-coverage="0% (0/2)" missing-branches="121,122"/>
						<line number="121" hits="0"/>
						<line number="122" hits="0" branch="true" condition-coverage="0% (0/2)" missing-branches="123,124"/>
						<line number="123" hits="0"/>
						<line number="124" hits="0"/>
						<line number="125" hits="0" branch="true" condition-coverage="0% (0/2)" missing-branches="126,127"/>
						<line number="126" hits="0"/>
						<line number="127" hits="0"/>
						<line number="128" hits="0"/>
						<line number="129" hits="0"/>
						<line number="130" hits="0"/>
						<line number="131" hits="0" branch="true" condition-coverage="0% (0/2)" missing-branches="132,161"/>
						<line number="132" hits="0" branch="true" condition-coverage="0% (0/2)" missing-branches="133,135"/>
						<line number="133" hits="0"/>
						<line number="135" hits="0"/>
						<line number="136" hits="0"/>
						<line number="137" hits="0" branch="true" condition-coverage="0% (0/2)" missing-branches="138,144"/>
						<line number="138" hits="0"/>
						<line number="139" hits="0" branch="true" condition-coverage="0% (0/2)" missing-branches="140,142"/>
						<line number="140" hits="0"/>
						<line number="142" hits="0"/>
						<line number="144" hits="0"/>
						<line number="145" hits="0"/>
						<line number="146" hits="0"/>
						<line number="148" hits="0"/>
						<line number="149" hits="0"/>
						<line number="150" hits="0" branch="true" condition-coverage="0% (0/2)" missing-branches="151,156"/>
						<line number="151" hits="0" branch="true" condition-coverage="0% (0/2)" missing-branches="152,153"/>
						<line number="152" hits="0"/>
						<line number="153" hits="0"/>
						<line number="154" hits="0"/>
						<line number="155" hits="0"/>
						<line number="156" hits="0"/>
						<line number="161" hits="0"/>
						<line number="162" hits="0"/>
						<line number="164" hits="0" branch="true" condition-coverage="0% (0/2)" missing-branches="165,171"/>
						<line number="165" hits="0"/>
						<line number="166" hits="0"/>
						<line number="167" hits="0" branch="true" condition-coverage="0% (0/2)" missing-branches="168,173"/>
						<line number="168" hits="0" branch="true" condition-coverage="0% (0/2)" missing-branches="167,169"/>
						<line number="169" hits="0"/>
						<line number="171" hits="0"/>
						<line number="173" hits="0"/>
						<line number="176" hits="1"/>
						<line number="178" hits="1"/>
						<line number="179" hits="1"/>
						<line number="180" hits="1" branch="true" condition-coverage="50% (1/2)" missing-branches="181"/>
						<line number="181" hits="0"/>
						<line number="182" hits="1"/>
						<line number="183" hits="1"/>
						<line number="184" hits="0"/>
						<line number="185" hits="0"/>
						<line number="187" hits="1"/>
						<line number="188" hits="1"/>
						<line number="189" hits="1"/>
						<line number="191" hits="1" branch="true" condition-coverage="50% (1/2)" missing-branches="192"/>
						<line number="192" hits="0"/>
						<line number="194" hits="1"/>
						<line number="197" hits="1"/>
						<line number="204" hits="1"/>
						<line number="206" hits="1" branch="true" condition-coverage="50% (1/2)" missing-branches="207"/>
						<line number="207" hits="0"/>
						<line number="209" hits="1"/>
						<line number="211" hits="1"/>
						<line number="212" hits="1" branch="true" condition-coverage="50% (1/2)" missing-branches="213"/>
						<line number="213" hits="0"/>
						<line number="214" hits="1"/>
						<line number="215" hits="1"/>
						<line number="217" hits="1"/>
						<line number="218" hits="1" branch="true" condition-coverage="100% (2/2)"/>
						<line number="219" hits="1"/>
						<line number="220" hits="1" branch="true" condition-coverage="50% (1/2)" missing-branches="221"/>
						<line number="221" hits="0"/>
						<line number="223" hits="1"/>
						<line number="224" hits="1"/>
						<line number="225" hits="1"/>
						<line number="226" hits="0"/>
						<line number="227" hits="0"/>
						<line number="230" hits="1" branch="true" condition-coverage="50% (1/2)" missing-branches="231"/>
						<line number="231" hits="0"/>
						<line number="232" hits="0" branch="true" condition-coverage="0% (0/2)" missing-branches="233,234"/>
						<line number="233" hits="0"/>
						<line number="234" hits="0"/>
						<line number="236" hits="1"/>
						<line number="238" hits="1" branch="true" condition-coverage="50% (1/2)" missing-branches="239"/>
						<line number="239" hits="0"/>
						<line number="241" hits="1" branch="true" condition-coverage="50% (1/2)" missing-branches="242"/>
						<line number="242" hits="0"/>
						<line number="248" hits="1"/>
						<line number="250" hits="1"/>
						<line number="253" hits="1"/>
						<line number="255" hits="0"/>
						<line number="256" hits="0" branch="true" condition-coverage="0% (0/2)" missing-branches="257,259"/>
						<line number="257" hits="0"/>
						<line number="258" hits="0"/>
						<line number="259" hits="0"/>
					</lines>
				</class>
			</classes>
		</package>
		<package name="data" line-rate="1" branch-rate="1" complexity="0">
			<classes>
				<class name="__init__.py" filename="data/__init__.py" complexity="0" line-rate="1" branch-rate="1">
					<methods/>
					<lines/>
				</class>
			</classes>
		</package>
	</packages>
</coverage>
